<?xml version="1.0" encoding="UTF-8"?>
<coverage generated="1557398089446" clover="3.2.0">
  <project timestamp="1557398089446" name="All files">
    <metrics statements="602" coveredstatements="508" conditionals="248" coveredconditionals="158" methods="190" coveredmethods="152" elements="1040" coveredelements="818" complexity="0" loc="602" ncloc="602" packages="17" files="49" classes="49"/>
    <package name="commun">
      <metrics statements="4" coveredstatements="4" conditionals="2" coveredconditionals="2" methods="1" coveredmethods="1"/>
      <file name="images.js" path="C:\Users\degor\Documents\tools\jenkins\starwars-api-jenkins\commun\images.js">
        <metrics statements="4" coveredstatements="4" conditionals="2" coveredconditionals="2" methods="1" coveredmethods="1"/>
        <line num="1" count="5" type="stmt"/>
        <line num="4" count="21" type="stmt"/>
        <line num="5" count="21" type="cond" truecount="2" falsecount="0"/>
        <line num="8" count="5" type="stmt"/>
      </file>
    </package>
    <package name="server.lib.graphql.resolvers.commun">
      <metrics statements="121" coveredstatements="118" conditionals="51" coveredconditionals="44" methods="38" coveredmethods="36"/>
      <file name="images.js" path="C:\Users\degor\Documents\tools\jenkins\starwars-api-jenkins\server\lib\graphql\resolvers\commun\images.js">
        <metrics statements="16" coveredstatements="16" conditionals="8" coveredconditionals="6" methods="3" coveredmethods="3"/>
        <line num="3" count="2" type="stmt"/>
        <line num="6" count="2" type="stmt"/>
        <line num="8" count="2" type="stmt"/>
        <line num="10" count="2" type="stmt"/>
        <line num="12" count="2" type="stmt"/>
        <line num="14" count="4" type="cond" truecount="3" falsecount="1"/>
        <line num="17" count="8" type="stmt"/>
        <line num="23" count="8" type="stmt"/>
        <line num="25" count="8" type="cond" truecount="2" falsecount="0"/>
        <line num="26" count="2" type="stmt"/>
        <line num="31" count="6" type="stmt"/>
        <line num="32" count="6" type="stmt"/>
        <line num="33" count="6" type="stmt"/>
        <line num="35" count="6" type="cond" truecount="1" falsecount="1"/>
        <line num="37" count="6" type="stmt"/>
        <line num="38" count="6" type="stmt"/>
      </file>
      <file name="mutation.js" path="C:\Users\degor\Documents\tools\jenkins\starwars-api-jenkins\server\lib\graphql\resolvers\commun\mutation.js">
        <metrics statements="28" coveredstatements="28" conditionals="10" coveredconditionals="9" methods="9" coveredmethods="9"/>
        <line num="3" count="1" type="stmt"/>
        <line num="5" count="1" type="stmt"/>
        <line num="8" count="1" type="stmt"/>
        <line num="10" count="1" type="stmt"/>
        <line num="12" count="1" type="stmt"/>
        <line num="14" count="1" type="stmt"/>
        <line num="16" count="1" type="stmt"/>
        <line num="18" count="1" type="cond" truecount="3" falsecount="1"/>
        <line num="20" count="1" type="stmt"/>
        <line num="27" count="7" type="stmt"/>
        <line num="28" count="7" type="stmt"/>
        <line num="30" count="7" type="cond" truecount="2" falsecount="0"/>
        <line num="31" count="1" type="stmt"/>
        <line num="34" count="7" type="cond" truecount="2" falsecount="0"/>
        <line num="35" count="1" type="stmt"/>
        <line num="38" count="6" type="stmt"/>
        <line num="39" count="5" type="stmt"/>
        <line num="44" count="5" type="stmt"/>
        <line num="52" count="2" type="stmt"/>
        <line num="53" count="2" type="stmt"/>
        <line num="63" count="2" type="stmt"/>
        <line num="64" count="2" type="cond" truecount="2" falsecount="0"/>
        <line num="65" count="1" type="stmt"/>
        <line num="71" count="1" type="stmt"/>
        <line num="72" count="1" type="stmt"/>
        <line num="76" count="1" type="stmt"/>
        <line num="83" count="1" type="stmt"/>
        <line num="84" count="1" type="stmt"/>
      </file>
      <file name="query.js" path="C:\Users\degor\Documents\tools\jenkins\starwars-api-jenkins\server\lib\graphql\resolvers\commun\query.js">
        <metrics statements="23" coveredstatements="22" conditionals="10" coveredconditionals="9" methods="10" coveredmethods="9"/>
        <line num="3" count="1" type="stmt"/>
        <line num="6" count="1" type="stmt"/>
        <line num="8" count="1" type="stmt"/>
        <line num="10" count="1" type="stmt"/>
        <line num="12" count="1" type="cond" truecount="3" falsecount="1"/>
        <line num="15" count="10" type="stmt"/>
        <line num="20" count="1" type="stmt"/>
        <line num="26" count="2" type="stmt"/>
        <line num="33" count="2" type="stmt"/>
        <line num="44" count="3" type="stmt"/>
        <line num="45" count="3" type="cond" truecount="2" falsecount="0"/>
        <line num="46" count="1" type="stmt"/>
        <line num="52" count="2" type="stmt"/>
        <line num="53" count="2" type="cond" truecount="2" falsecount="0"/>
        <line num="54" count="1" type="stmt"/>
        <line num="60" count="1" type="stmt"/>
        <line num="61" count="1" type="stmt"/>
        <line num="73" count="2" type="cond" truecount="2" falsecount="0"/>
        <line num="74" count="1" type="stmt"/>
        <line num="81" count="1" type="stmt"/>
        <line num="90" count="0" type="stmt"/>
        <line num="95" count="1" type="stmt"/>
        <line num="96" count="1" type="stmt"/>
      </file>
      <file name="resolve.js" path="C:\Users\degor\Documents\tools\jenkins\starwars-api-jenkins\server\lib\graphql\resolvers\commun\resolve.js">
        <metrics statements="7" coveredstatements="5" conditionals="4" coveredconditionals="2" methods="2" coveredmethods="1"/>
        <line num="3" count="3" type="stmt"/>
        <line num="5" count="3" type="stmt"/>
        <line num="8" count="3" type="stmt"/>
        <line num="11" count="0" type="stmt"/>
        <line num="20" count="1" type="cond" truecount="2" falsecount="2"/>
        <line num="21" count="1" type="stmt"/>
        <line num="24" count="0" type="stmt"/>
      </file>
      <file name="search.js" path="C:\Users\degor\Documents\tools\jenkins\starwars-api-jenkins\server\lib\graphql\resolvers\commun\search.js">
        <metrics statements="11" coveredstatements="11" conditionals="13" coveredconditionals="12" methods="5" coveredmethods="5"/>
        <line num="3" count="2" type="stmt"/>
        <line num="6" count="2" type="stmt"/>
        <line num="8" count="2" type="stmt"/>
        <line num="10" count="2" type="cond" truecount="3" falsecount="1"/>
        <line num="13" count="237" type="cond" truecount="5" falsecount="0"/>
        <line num="17" count="16" type="stmt"/>
        <line num="18" count="16" type="stmt"/>
        <line num="20" count="16" type="cond" truecount="2" falsecount="0"/>
        <line num="21" count="237" type="cond" truecount="2" falsecount="0"/>
        <line num="24" count="16" type="stmt"/>
        <line num="28" count="253" type="stmt"/>
      </file>
      <file name="utils.js" path="C:\Users\degor\Documents\tools\jenkins\starwars-api-jenkins\server\lib\graphql\resolvers\commun\utils.js">
        <metrics statements="36" coveredstatements="36" conditionals="6" coveredconditionals="6" methods="9" coveredmethods="9"/>
        <line num="3" count="2" type="stmt"/>
        <line num="6" count="2" type="stmt"/>
        <line num="7" count="2" type="stmt"/>
        <line num="8" count="2" type="stmt"/>
        <line num="9" count="2" type="stmt"/>
        <line num="10" count="2" type="stmt"/>
        <line num="12" count="2" type="stmt"/>
        <line num="14" count="2" type="stmt"/>
        <line num="16" count="2" type="stmt"/>
        <line num="18" count="2" type="stmt"/>
        <line num="20" count="2" type="stmt"/>
        <line num="22" count="2" type="stmt"/>
        <line num="24" count="2" type="stmt"/>
        <line num="25" count="2" type="stmt"/>
        <line num="26" count="2" type="stmt"/>
        <line num="27" count="2" type="stmt"/>
        <line num="28" count="2" type="stmt"/>
        <line num="31" count="54" type="cond" truecount="6" falsecount="0"/>
        <line num="33" count="13" type="stmt"/>
        <line num="36" count="10" type="stmt"/>
        <line num="39" count="10" type="stmt"/>
        <line num="42" count="10" type="stmt"/>
        <line num="45" count="10" type="stmt"/>
        <line num="48" count="1" type="stmt"/>
        <line num="53" count="33" type="stmt"/>
        <line num="63" count="21" type="stmt"/>
        <line num="73" count="16" type="stmt"/>
        <line num="77" count="15" type="stmt"/>
        <line num="81" count="23" type="stmt"/>
        <line num="84" count="21" type="stmt"/>
        <line num="85" count="16" type="stmt"/>
        <line num="86" count="16" type="stmt"/>
        <line num="87" count="16" type="stmt"/>
        <line num="93" count="2" type="stmt"/>
        <line num="95" count="2" type="stmt"/>
        <line num="96" count="2" type="stmt"/>
      </file>
    </package>
    <package name="server.lib.graphql.resolvers.persons">
      <metrics statements="25" coveredstatements="21" conditionals="10" coveredconditionals="5" methods="7" coveredmethods="6"/>
      <file name="core.js" path="C:\Users\degor\Documents\tools\jenkins\starwars-api-jenkins\server\lib\graphql\resolvers\persons\core.js">
        <metrics statements="13" coveredstatements="13" conditionals="4" coveredconditionals="4" methods="4" coveredmethods="4"/>
        <line num="3" count="3" type="stmt"/>
        <line num="6" count="3" type="stmt"/>
        <line num="7" count="3" type="stmt"/>
        <line num="9" count="3" type="stmt"/>
        <line num="11" count="3" type="stmt"/>
        <line num="14" count="7" type="stmt"/>
        <line num="15" count="7" type="cond" truecount="2" falsecount="0"/>
        <line num="16" count="2" type="stmt"/>
        <line num="21" count="5" type="stmt"/>
        <line num="26" count="2" type="stmt"/>
        <line num="27" count="2" type="cond" truecount="2" falsecount="0"/>
        <line num="28" count="1" type="stmt"/>
        <line num="31" count="1" type="stmt"/>
      </file>
      <file name="resolve.js" path="C:\Users\degor\Documents\tools\jenkins\starwars-api-jenkins\server\lib\graphql\resolvers\persons\resolve.js">
        <metrics statements="12" coveredstatements="8" conditionals="6" coveredconditionals="1" methods="3" coveredmethods="2"/>
        <line num="3" count="3" type="stmt"/>
        <line num="6" count="3" type="stmt"/>
        <line num="7" count="3" type="stmt"/>
        <line num="8" count="3" type="stmt"/>
        <line num="10" count="3" type="stmt"/>
        <line num="13" count="5" type="stmt"/>
        <line num="27" count="1" type="cond" truecount="1" falsecount="1"/>
        <line num="28" count="0" type="stmt"/>
        <line num="31" count="1" type="stmt"/>
        <line num="37" count="0" type="cond" truecount="0" falsecount="4"/>
        <line num="38" count="0" type="stmt"/>
        <line num="41" count="0" type="stmt"/>
      </file>
    </package>
    <package name="server.lib.graphql.resolvers.planets">
      <metrics statements="27" coveredstatements="16" conditionals="12" coveredconditionals="3" methods="7" coveredmethods="3"/>
      <file name="core.js" path="C:\Users\degor\Documents\tools\jenkins\starwars-api-jenkins\server\lib\graphql\resolvers\planets\core.js">
        <metrics statements="13" coveredstatements="9" conditionals="4" coveredconditionals="2" methods="4" coveredmethods="2"/>
        <line num="3" count="2" type="stmt"/>
        <line num="6" count="2" type="stmt"/>
        <line num="7" count="2" type="stmt"/>
        <line num="9" count="2" type="stmt"/>
        <line num="11" count="2" type="stmt"/>
        <line num="14" count="4" type="stmt"/>
        <line num="15" count="4" type="cond" truecount="2" falsecount="0"/>
        <line num="16" count="1" type="stmt"/>
        <line num="21" count="3" type="stmt"/>
        <line num="26" count="0" type="stmt"/>
        <line num="27" count="0" type="cond" truecount="0" falsecount="2"/>
        <line num="28" count="0" type="stmt"/>
        <line num="31" count="0" type="stmt"/>
      </file>
      <file name="resolve.js" path="C:\Users\degor\Documents\tools\jenkins\starwars-api-jenkins\server\lib\graphql\resolvers\planets\resolve.js">
        <metrics statements="14" coveredstatements="7" conditionals="8" coveredconditionals="1" methods="3" coveredmethods="1"/>
        <line num="3" count="2" type="stmt"/>
        <line num="6" count="2" type="stmt"/>
        <line num="7" count="2" type="stmt"/>
        <line num="8" count="2" type="stmt"/>
        <line num="10" count="2" type="stmt"/>
        <line num="13" count="3" type="cond" truecount="1" falsecount="1"/>
        <line num="14" count="0" type="stmt"/>
        <line num="17" count="3" type="stmt"/>
        <line num="32" count="0" type="cond" truecount="0" falsecount="4"/>
        <line num="33" count="0" type="stmt"/>
        <line num="36" count="0" type="stmt"/>
        <line num="40" count="0" type="cond" truecount="0" falsecount="2"/>
        <line num="41" count="0" type="stmt"/>
        <line num="44" count="0" type="stmt"/>
      </file>
    </package>
    <package name="server.lib.graphql.resolvers.species">
      <metrics statements="24" coveredstatements="15" conditionals="10" coveredconditionals="2" methods="7" coveredmethods="3"/>
      <file name="core.js" path="C:\Users\degor\Documents\tools\jenkins\starwars-api-jenkins\server\lib\graphql\resolvers\species\core.js">
        <metrics statements="12" coveredstatements="9" conditionals="4" coveredconditionals="2" methods="4" coveredmethods="2"/>
        <line num="3" count="2" type="stmt"/>
        <line num="6" count="2" type="stmt"/>
        <line num="7" count="2" type="stmt"/>
        <line num="9" count="2" type="stmt"/>
        <line num="11" count="2" type="stmt"/>
        <line num="14" count="4" type="stmt"/>
        <line num="15" count="4" type="cond" truecount="2" falsecount="0"/>
        <line num="16" count="1" type="stmt"/>
        <line num="21" count="3" type="stmt"/>
        <line num="26" count="0" type="stmt"/>
        <line num="27" count="0" type="cond" truecount="0" falsecount="2"/>
        <line num="28" count="0" type="stmt"/>
      </file>
      <file name="resolve.js" path="C:\Users\degor\Documents\tools\jenkins\starwars-api-jenkins\server\lib\graphql\resolvers\species\resolve.js">
        <metrics statements="12" coveredstatements="6" conditionals="6" coveredconditionals="0" methods="3" coveredmethods="1"/>
        <line num="3" count="2" type="stmt"/>
        <line num="6" count="2" type="stmt"/>
        <line num="7" count="2" type="stmt"/>
        <line num="8" count="2" type="stmt"/>
        <line num="10" count="2" type="stmt"/>
        <line num="13" count="3" type="stmt"/>
        <line num="28" count="0" type="cond" truecount="0" falsecount="2"/>
        <line num="29" count="0" type="stmt"/>
        <line num="32" count="0" type="stmt"/>
        <line num="38" count="0" type="cond" truecount="0" falsecount="4"/>
        <line num="39" count="0" type="stmt"/>
        <line num="42" count="0" type="stmt"/>
      </file>
    </package>
    <package name="server.lib.graphql.resolvers.starships">
      <metrics statements="26" coveredstatements="16" conditionals="12" coveredconditionals="3" methods="7" coveredmethods="3"/>
      <file name="core.js" path="C:\Users\degor\Documents\tools\jenkins\starwars-api-jenkins\server\lib\graphql\resolvers\starships\core.js">
        <metrics statements="12" coveredstatements="9" conditionals="4" coveredconditionals="2" methods="4" coveredmethods="2"/>
        <line num="3" count="2" type="stmt"/>
        <line num="6" count="2" type="stmt"/>
        <line num="7" count="2" type="stmt"/>
        <line num="9" count="2" type="stmt"/>
        <line num="11" count="2" type="stmt"/>
        <line num="14" count="4" type="stmt"/>
        <line num="15" count="4" type="cond" truecount="2" falsecount="0"/>
        <line num="16" count="1" type="stmt"/>
        <line num="21" count="3" type="stmt"/>
        <line num="26" count="0" type="stmt"/>
        <line num="27" count="0" type="cond" truecount="0" falsecount="2"/>
        <line num="28" count="0" type="stmt"/>
      </file>
      <file name="resolve.js" path="C:\Users\degor\Documents\tools\jenkins\starwars-api-jenkins\server\lib\graphql\resolvers\starships\resolve.js">
        <metrics statements="14" coveredstatements="7" conditionals="8" coveredconditionals="1" methods="3" coveredmethods="1"/>
        <line num="3" count="2" type="stmt"/>
        <line num="6" count="2" type="stmt"/>
        <line num="7" count="2" type="stmt"/>
        <line num="8" count="2" type="stmt"/>
        <line num="10" count="2" type="stmt"/>
        <line num="13" count="3" type="cond" truecount="1" falsecount="1"/>
        <line num="14" count="0" type="stmt"/>
        <line num="17" count="3" type="stmt"/>
        <line num="36" count="0" type="cond" truecount="0" falsecount="4"/>
        <line num="37" count="0" type="stmt"/>
        <line num="40" count="0" type="stmt"/>
        <line num="44" count="0" type="cond" truecount="0" falsecount="2"/>
        <line num="45" count="0" type="stmt"/>
        <line num="48" count="0" type="stmt"/>
      </file>
    </package>
    <package name="server.lib.graphql.resolvers.test">
      <metrics statements="98" coveredstatements="98" conditionals="14" coveredconditionals="14" methods="17" coveredmethods="17"/>
      <file name="index.js" path="C:\Users\degor\Documents\tools\jenkins\starwars-api-jenkins\server\lib\graphql\resolvers\test\index.js">
        <metrics statements="48" coveredstatements="48" conditionals="14" coveredconditionals="14" methods="17" coveredmethods="17"/>
        <line num="3" count="5" type="stmt"/>
        <line num="6" count="5" type="stmt"/>
        <line num="9" count="10" type="stmt"/>
        <line num="12" count="5" type="stmt"/>
        <line num="15" count="4" type="stmt"/>
        <line num="18" count="5" type="stmt"/>
        <line num="21" count="2" type="stmt"/>
        <line num="24" count="5" type="stmt"/>
        <line num="27" count="2" type="stmt"/>
        <line num="30" count="5" type="stmt"/>
        <line num="33" count="2" type="stmt"/>
        <line num="36" count="5" type="stmt"/>
        <line num="39" count="2" type="stmt"/>
        <line num="42" count="5" type="stmt"/>
        <line num="45" count="2" type="stmt"/>
        <line num="48" count="5" type="stmt"/>
        <line num="50" count="5" type="stmt"/>
        <line num="52" count="5" type="stmt"/>
        <line num="54" count="5" type="stmt"/>
        <line num="56" count="5" type="stmt"/>
        <line num="58" count="5" type="stmt"/>
        <line num="60" count="5" type="stmt"/>
        <line num="62" count="5" type="stmt"/>
        <line num="63" count="5" type="stmt"/>
        <line num="64" count="5" type="cond" truecount="2" falsecount="0"/>
        <line num="65" count="5" type="stmt"/>
        <line num="66" count="5" type="stmt"/>
        <line num="67" count="5" type="stmt"/>
        <line num="68" count="5" type="stmt"/>
        <line num="69" count="5" type="cond" truecount="2" falsecount="0"/>
        <line num="70" count="5" type="stmt"/>
        <line num="71" count="5" type="stmt"/>
        <line num="72" count="7" type="cond" truecount="2" falsecount="0"/>
        <line num="73" count="5" type="cond" truecount="2" falsecount="0"/>
        <line num="74" count="5" type="cond" truecount="2" falsecount="0"/>
        <line num="75" count="5" type="cond" truecount="2" falsecount="0"/>
        <line num="76" count="5" type="cond" truecount="2" falsecount="0"/>
        <line num="77" count="5" type="stmt"/>
        <line num="78" count="2" type="stmt"/>
        <line num="86" count="5" type="stmt"/>
        <line num="92" count="5" type="stmt"/>
        <line num="111" count="5" type="stmt"/>
        <line num="112" count="5" type="stmt"/>
        <line num="113" count="12" type="stmt"/>
        <line num="115" count="5" type="stmt"/>
        <line num="116" count="5" type="stmt"/>
        <line num="117" count="6" type="stmt"/>
        <line num="120" count="5" type="stmt"/>
      </file>
      <file name="model.js" path="C:\Users\degor\Documents\tools\jenkins\starwars-api-jenkins\server\lib\graphql\resolvers\test\model.js">
        <metrics statements="30" coveredstatements="30" conditionals="0" coveredconditionals="0" methods="0" coveredmethods="0"/>
        <line num="3" count="5" type="stmt"/>
        <line num="6" count="5" type="stmt"/>
        <line num="7" count="5" type="stmt"/>
        <line num="11" count="5" type="stmt"/>
        <line num="12" count="5" type="stmt"/>
        <line num="13" count="5" type="stmt"/>
        <line num="14" count="5" type="stmt"/>
        <line num="25" count="5" type="stmt"/>
        <line num="26" count="5" type="stmt"/>
        <line num="27" count="5" type="stmt"/>
        <line num="28" count="5" type="stmt"/>
        <line num="40" count="5" type="stmt"/>
        <line num="41" count="5" type="stmt"/>
        <line num="42" count="5" type="stmt"/>
        <line num="43" count="5" type="stmt"/>
        <line num="55" count="5" type="stmt"/>
        <line num="56" count="5" type="stmt"/>
        <line num="57" count="5" type="stmt"/>
        <line num="58" count="5" type="stmt"/>
        <line num="74" count="5" type="stmt"/>
        <line num="75" count="5" type="stmt"/>
        <line num="76" count="5" type="stmt"/>
        <line num="77" count="5" type="stmt"/>
        <line num="91" count="5" type="stmt"/>
        <line num="92" count="5" type="stmt"/>
        <line num="93" count="5" type="stmt"/>
        <line num="94" count="5" type="stmt"/>
        <line num="98" count="5" type="stmt"/>
        <line num="99" count="5" type="stmt"/>
        <line num="100" count="5" type="stmt"/>
      </file>
      <file name="modelSearchPersons.js" path="C:\Users\degor\Documents\tools\jenkins\starwars-api-jenkins\server\lib\graphql\resolvers\test\modelSearchPersons.js">
        <metrics statements="4" coveredstatements="4" conditionals="0" coveredconditionals="0" methods="0" coveredmethods="0"/>
        <line num="3" count="5" type="stmt"/>
        <line num="6" count="5" type="stmt"/>
        <line num="7" count="5" type="stmt"/>
        <line num="118" count="5" type="stmt"/>
      </file>
      <file name="modelSearchPlanets.js" path="C:\Users\degor\Documents\tools\jenkins\starwars-api-jenkins\server\lib\graphql\resolvers\test\modelSearchPlanets.js">
        <metrics statements="4" coveredstatements="4" conditionals="0" coveredconditionals="0" methods="0" coveredmethods="0"/>
        <line num="3" count="5" type="stmt"/>
        <line num="6" count="5" type="stmt"/>
        <line num="7" count="5" type="stmt"/>
        <line num="294" count="5" type="stmt"/>
      </file>
      <file name="modelSearchSpecies.js" path="C:\Users\degor\Documents\tools\jenkins\starwars-api-jenkins\server\lib\graphql\resolvers\test\modelSearchSpecies.js">
        <metrics statements="4" coveredstatements="4" conditionals="0" coveredconditionals="0" methods="0" coveredmethods="0"/>
        <line num="3" count="5" type="stmt"/>
        <line num="6" count="5" type="stmt"/>
        <line num="7" count="5" type="stmt"/>
        <line num="327" count="5" type="stmt"/>
      </file>
      <file name="modelSearchStarships.js" path="C:\Users\degor\Documents\tools\jenkins\starwars-api-jenkins\server\lib\graphql\resolvers\test\modelSearchStarships.js">
        <metrics statements="4" coveredstatements="4" conditionals="0" coveredconditionals="0" methods="0" coveredmethods="0"/>
        <line num="3" count="5" type="stmt"/>
        <line num="6" count="5" type="stmt"/>
        <line num="7" count="5" type="stmt"/>
        <line num="293" count="5" type="stmt"/>
      </file>
      <file name="modelSearchVehicles.js" path="C:\Users\degor\Documents\tools\jenkins\starwars-api-jenkins\server\lib\graphql\resolvers\test\modelSearchVehicles.js">
        <metrics statements="4" coveredstatements="4" conditionals="0" coveredconditionals="0" methods="0" coveredmethods="0"/>
        <line num="3" count="5" type="stmt"/>
        <line num="6" count="5" type="stmt"/>
        <line num="7" count="5" type="stmt"/>
        <line num="385" count="5" type="stmt"/>
      </file>
    </package>
    <package name="server.lib.graphql.resolvers.utils">
      <metrics statements="30" coveredstatements="30" conditionals="10" coveredconditionals="10" methods="10" coveredmethods="10"/>
      <file name="utils.js" path="C:\Users\degor\Documents\tools\jenkins\starwars-api-jenkins\server\lib\graphql\resolvers\utils\utils.js">
        <metrics statements="30" coveredstatements="30" conditionals="10" coveredconditionals="10" methods="10" coveredmethods="10"/>
        <line num="3" count="3" type="stmt"/>
        <line num="6" count="3" type="stmt"/>
        <line num="7" count="3" type="stmt"/>
        <line num="8" count="3" type="stmt"/>
        <line num="9" count="3" type="stmt"/>
        <line num="10" count="3" type="stmt"/>
        <line num="11" count="3" type="stmt"/>
        <line num="13" count="3" type="stmt"/>
        <line num="16" count="8" type="cond" truecount="2" falsecount="0"/>
        <line num="20" count="13" type="cond" truecount="2" falsecount="0"/>
        <line num="25" count="27" type="stmt"/>
        <line num="29" count="3" type="stmt"/>
        <line num="30" count="3" type="stmt"/>
        <line num="34" count="3" type="stmt"/>
        <line num="36" count="3" type="cond" truecount="2" falsecount="0"/>
        <line num="37" count="2" type="stmt"/>
        <line num="40" count="3" type="stmt"/>
        <line num="48" count="3" type="stmt"/>
        <line num="51" count="7" type="stmt"/>
        <line num="58" count="7" type="stmt"/>
        <line num="62" count="18" type="stmt"/>
        <line num="63" count="18" type="cond" truecount="2" falsecount="0"/>
        <line num="64" count="12" type="cond" truecount="2" falsecount="0"/>
        <line num="65" count="6" type="stmt"/>
        <line num="68" count="6" type="stmt"/>
        <line num="71" count="6" type="stmt"/>
        <line num="76" count="3" type="stmt"/>
        <line num="77" count="3" type="stmt"/>
        <line num="78" count="15" type="stmt"/>
        <line num="80" count="3" type="stmt"/>
      </file>
    </package>
    <package name="server.lib.graphql.resolvers.vehicles">
      <metrics statements="26" coveredstatements="16" conditionals="12" coveredconditionals="3" methods="7" coveredmethods="3"/>
      <file name="core.js" path="C:\Users\degor\Documents\tools\jenkins\starwars-api-jenkins\server\lib\graphql\resolvers\vehicles\core.js">
        <metrics statements="12" coveredstatements="9" conditionals="4" coveredconditionals="2" methods="4" coveredmethods="2"/>
        <line num="3" count="2" type="stmt"/>
        <line num="6" count="2" type="stmt"/>
        <line num="7" count="2" type="stmt"/>
        <line num="9" count="2" type="stmt"/>
        <line num="11" count="2" type="stmt"/>
        <line num="14" count="4" type="stmt"/>
        <line num="15" count="4" type="cond" truecount="2" falsecount="0"/>
        <line num="16" count="1" type="stmt"/>
        <line num="21" count="3" type="stmt"/>
        <line num="26" count="0" type="stmt"/>
        <line num="27" count="0" type="cond" truecount="0" falsecount="2"/>
        <line num="28" count="0" type="stmt"/>
      </file>
      <file name="resolve.js" path="C:\Users\degor\Documents\tools\jenkins\starwars-api-jenkins\server\lib\graphql\resolvers\vehicles\resolve.js">
        <metrics statements="14" coveredstatements="7" conditionals="8" coveredconditionals="1" methods="3" coveredmethods="1"/>
        <line num="3" count="2" type="stmt"/>
        <line num="6" count="2" type="stmt"/>
        <line num="7" count="2" type="stmt"/>
        <line num="8" count="2" type="stmt"/>
        <line num="10" count="2" type="stmt"/>
        <line num="13" count="3" type="cond" truecount="1" falsecount="1"/>
        <line num="14" count="0" type="stmt"/>
        <line num="17" count="3" type="stmt"/>
        <line num="34" count="0" type="cond" truecount="0" falsecount="4"/>
        <line num="35" count="0" type="stmt"/>
        <line num="38" count="0" type="stmt"/>
        <line num="42" count="0" type="cond" truecount="0" falsecount="2"/>
        <line num="43" count="0" type="stmt"/>
        <line num="46" count="0" type="stmt"/>
      </file>
    </package>
    <package name="server.src.graphql.resolvers.commun">
      <metrics statements="80" coveredstatements="77" conditionals="35" coveredconditionals="32" methods="34" coveredmethods="32"/>
      <file name="images.js" path="C:\Users\degor\Documents\tools\jenkins\starwars-api-jenkins\server\src\graphql\resolvers\commun\images.js">
        <metrics statements="10" coveredstatements="10" conditionals="4" coveredconditionals="3" methods="2" coveredmethods="2"/>
        <line num="6" count="8" type="stmt"/>
        <line num="7" count="8" type="stmt"/>
        <line num="8" count="8" type="cond" truecount="2" falsecount="0"/>
        <line num="9" count="2" type="stmt"/>
        <line num="11" count="6" type="stmt"/>
        <line num="12" count="6" type="stmt"/>
        <line num="13" count="6" type="stmt"/>
        <line num="15" count="6" type="cond" truecount="1" falsecount="1"/>
        <line num="16" count="6" type="stmt"/>
        <line num="17" count="6" type="stmt"/>
      </file>
      <file name="mutation.js" path="C:\Users\degor\Documents\tools\jenkins\starwars-api-jenkins\server\src\graphql\resolvers\commun\mutation.js">
        <metrics statements="18" coveredstatements="18" conditionals="6" coveredconditionals="6" methods="8" coveredmethods="8"/>
        <line num="6" count="1" type="stmt"/>
        <line num="8" count="7" type="stmt"/>
        <line num="9" count="7" type="stmt"/>
        <line num="10" count="7" type="cond" truecount="2" falsecount="0"/>
        <line num="11" count="1" type="stmt"/>
        <line num="13" count="7" type="cond" truecount="2" falsecount="0"/>
        <line num="14" count="1" type="stmt"/>
        <line num="16" count="6" type="stmt"/>
        <line num="21" count="5" type="stmt"/>
        <line num="26" count="5" type="stmt"/>
        <line num="32" count="2" type="stmt"/>
        <line num="34" count="2" type="stmt"/>
        <line num="41" count="2" type="stmt"/>
        <line num="43" count="2" type="cond" truecount="2" falsecount="0"/>
        <line num="44" count="1" type="stmt"/>
        <line num="49" count="1" type="stmt"/>
        <line num="51" count="1" type="stmt"/>
        <line num="56" count="1" type="stmt"/>
      </file>
      <file name="query.js" path="C:\Users\degor\Documents\tools\jenkins\starwars-api-jenkins\server\src\graphql\resolvers\commun\query.js">
        <metrics statements="17" coveredstatements="16" conditionals="6" coveredconditionals="6" methods="9" coveredmethods="8"/>
        <line num="5" count="10" type="stmt"/>
        <line num="6" count="1" type="stmt"/>
        <line num="10" count="1" type="stmt"/>
        <line num="12" count="2" type="stmt"/>
        <line num="14" count="2" type="stmt"/>
        <line num="25" count="3" type="stmt"/>
        <line num="27" count="3" type="cond" truecount="2" falsecount="0"/>
        <line num="28" count="1" type="stmt"/>
        <line num="33" count="2" type="stmt"/>
        <line num="35" count="2" type="cond" truecount="2" falsecount="0"/>
        <line num="36" count="1" type="stmt"/>
        <line num="41" count="1" type="stmt"/>
        <line num="42" count="1" type="stmt"/>
        <line num="51" count="2" type="cond" truecount="2" falsecount="0"/>
        <line num="52" count="1" type="stmt"/>
        <line num="59" count="1" type="stmt"/>
        <line num="65" count="0" type="stmt"/>
      </file>
      <file name="resolve.js" path="C:\Users\degor\Documents\tools\jenkins\starwars-api-jenkins\server\src\graphql\resolvers\commun\resolve.js">
        <metrics statements="4" coveredstatements="2" conditionals="4" coveredconditionals="2" methods="2" coveredmethods="1"/>
        <line num="2" count="0" type="stmt"/>
        <line num="11" count="1" type="cond" truecount="2" falsecount="2"/>
        <line num="12" count="1" type="stmt"/>
        <line num="14" count="0" type="stmt"/>
      </file>
      <file name="search.js" path="C:\Users\degor\Documents\tools\jenkins\starwars-api-jenkins\server\src\graphql\resolvers\commun\search.js">
        <metrics statements="7" coveredstatements="7" conditionals="9" coveredconditionals="9" methods="4" coveredmethods="4"/>
        <line num="4" count="237" type="cond" truecount="5" falsecount="0"/>
        <line num="12" count="16" type="stmt"/>
        <line num="13" count="16" type="stmt"/>
        <line num="14" count="16" type="cond" truecount="2" falsecount="0"/>
        <line num="15" count="237" type="cond" truecount="2" falsecount="0"/>
        <line num="17" count="16" type="stmt"/>
        <line num="21" count="253" type="stmt"/>
      </file>
      <file name="utils.js" path="C:\Users\degor\Documents\tools\jenkins\starwars-api-jenkins\server\src\graphql\resolvers\commun\utils.js">
        <metrics statements="24" coveredstatements="24" conditionals="6" coveredconditionals="6" methods="9" coveredmethods="9"/>
        <line num="8" count="2" type="stmt"/>
        <line num="9" count="2" type="stmt"/>
        <line num="10" count="2" type="stmt"/>
        <line num="11" count="2" type="stmt"/>
        <line num="12" count="2" type="stmt"/>
        <line num="15" count="54" type="cond" truecount="6" falsecount="0"/>
        <line num="17" count="13" type="stmt"/>
        <line num="19" count="10" type="stmt"/>
        <line num="21" count="10" type="stmt"/>
        <line num="23" count="10" type="stmt"/>
        <line num="25" count="10" type="stmt"/>
        <line num="27" count="1" type="stmt"/>
        <line num="32" count="33" type="stmt"/>
        <line num="42" count="21" type="stmt"/>
        <line num="52" count="16" type="stmt"/>
        <line num="56" count="15" type="stmt"/>
        <line num="60" count="23" type="stmt"/>
        <line num="61" count="21" type="stmt"/>
        <line num="63" count="16" type="stmt"/>
        <line num="64" count="16" type="stmt"/>
        <line num="65" count="16" type="stmt"/>
        <line num="71" count="2" type="stmt"/>
        <line num="74" count="2" type="stmt"/>
        <line num="75" count="2" type="stmt"/>
      </file>
    </package>
    <package name="server.src.graphql.resolvers.persons">
      <metrics statements="15" coveredstatements="11" conditionals="10" coveredconditionals="5" methods="7" coveredmethods="6"/>
      <file name="core.js" path="C:\Users\degor\Documents\tools\jenkins\starwars-api-jenkins\server\src\graphql\resolvers\persons\core.js">
        <metrics statements="8" coveredstatements="8" conditionals="4" coveredconditionals="4" methods="4" coveredmethods="4"/>
        <line num="5" count="7" type="stmt"/>
        <line num="7" count="7" type="cond" truecount="2" falsecount="0"/>
        <line num="8" count="2" type="stmt"/>
        <line num="10" count="5" type="stmt"/>
        <line num="15" count="2" type="stmt"/>
        <line num="17" count="2" type="cond" truecount="2" falsecount="0"/>
        <line num="18" count="1" type="stmt"/>
        <line num="20" count="1" type="stmt"/>
      </file>
      <file name="resolve.js" path="C:\Users\degor\Documents\tools\jenkins\starwars-api-jenkins\server\src\graphql\resolvers\persons\resolve.js">
        <metrics statements="7" coveredstatements="3" conditionals="6" coveredconditionals="1" methods="3" coveredmethods="2"/>
        <line num="4" count="5" type="stmt"/>
        <line num="18" count="1" type="cond" truecount="1" falsecount="1"/>
        <line num="19" count="0" type="stmt"/>
        <line num="21" count="1" type="stmt"/>
        <line num="27" count="0" type="cond" truecount="0" falsecount="4"/>
        <line num="28" count="0" type="stmt"/>
        <line num="30" count="0" type="stmt"/>
      </file>
    </package>
    <package name="server.src.graphql.resolvers.planets">
      <metrics statements="17" coveredstatements="6" conditionals="12" coveredconditionals="3" methods="7" coveredmethods="3"/>
      <file name="core.js" path="C:\Users\degor\Documents\tools\jenkins\starwars-api-jenkins\server\src\graphql\resolvers\planets\core.js">
        <metrics statements="8" coveredstatements="4" conditionals="4" coveredconditionals="2" methods="4" coveredmethods="2"/>
        <line num="5" count="4" type="stmt"/>
        <line num="7" count="4" type="cond" truecount="2" falsecount="0"/>
        <line num="8" count="1" type="stmt"/>
        <line num="10" count="3" type="stmt"/>
        <line num="15" count="0" type="stmt"/>
        <line num="17" count="0" type="cond" truecount="0" falsecount="2"/>
        <line num="18" count="0" type="stmt"/>
        <line num="20" count="0" type="stmt"/>
      </file>
      <file name="resolve.js" path="C:\Users\degor\Documents\tools\jenkins\starwars-api-jenkins\server\src\graphql\resolvers\planets\resolve.js">
        <metrics statements="9" coveredstatements="2" conditionals="8" coveredconditionals="1" methods="3" coveredmethods="1"/>
        <line num="4" count="3" type="cond" truecount="1" falsecount="1"/>
        <line num="5" count="0" type="stmt"/>
        <line num="7" count="3" type="stmt"/>
        <line num="22" count="0" type="cond" truecount="0" falsecount="4"/>
        <line num="23" count="0" type="stmt"/>
        <line num="25" count="0" type="stmt"/>
        <line num="29" count="0" type="cond" truecount="0" falsecount="2"/>
        <line num="30" count="0" type="stmt"/>
        <line num="32" count="0" type="stmt"/>
      </file>
    </package>
    <package name="server.src.graphql.resolvers.species">
      <metrics statements="14" coveredstatements="5" conditionals="10" coveredconditionals="2" methods="7" coveredmethods="3"/>
      <file name="core.js" path="C:\Users\degor\Documents\tools\jenkins\starwars-api-jenkins\server\src\graphql\resolvers\species\core.js">
        <metrics statements="7" coveredstatements="4" conditionals="4" coveredconditionals="2" methods="4" coveredmethods="2"/>
        <line num="5" count="4" type="stmt"/>
        <line num="7" count="4" type="cond" truecount="2" falsecount="0"/>
        <line num="8" count="1" type="stmt"/>
        <line num="10" count="3" type="stmt"/>
        <line num="15" count="0" type="stmt"/>
        <line num="17" count="0" type="cond" truecount="0" falsecount="2"/>
        <line num="18" count="0" type="stmt"/>
      </file>
      <file name="resolve.js" path="C:\Users\degor\Documents\tools\jenkins\starwars-api-jenkins\server\src\graphql\resolvers\species\resolve.js">
        <metrics statements="7" coveredstatements="1" conditionals="6" coveredconditionals="0" methods="3" coveredmethods="1"/>
        <line num="4" count="3" type="stmt"/>
        <line num="19" count="0" type="cond" truecount="0" falsecount="2"/>
        <line num="20" count="0" type="stmt"/>
        <line num="22" count="0" type="stmt"/>
        <line num="28" count="0" type="cond" truecount="0" falsecount="4"/>
        <line num="29" count="0" type="stmt"/>
        <line num="31" count="0" type="stmt"/>
      </file>
    </package>
    <package name="server.src.graphql.resolvers.starships">
      <metrics statements="16" coveredstatements="6" conditionals="12" coveredconditionals="3" methods="7" coveredmethods="3"/>
      <file name="core.js" path="C:\Users\degor\Documents\tools\jenkins\starwars-api-jenkins\server\src\graphql\resolvers\starships\core.js">
        <metrics statements="7" coveredstatements="4" conditionals="4" coveredconditionals="2" methods="4" coveredmethods="2"/>
        <line num="5" count="4" type="stmt"/>
        <line num="7" count="4" type="cond" truecount="2" falsecount="0"/>
        <line num="8" count="1" type="stmt"/>
        <line num="10" count="3" type="stmt"/>
        <line num="15" count="0" type="stmt"/>
        <line num="17" count="0" type="cond" truecount="0" falsecount="2"/>
        <line num="18" count="0" type="stmt"/>
      </file>
      <file name="resolve.js" path="C:\Users\degor\Documents\tools\jenkins\starwars-api-jenkins\server\src\graphql\resolvers\starships\resolve.js">
        <metrics statements="9" coveredstatements="2" conditionals="8" coveredconditionals="1" methods="3" coveredmethods="1"/>
        <line num="4" count="3" type="cond" truecount="1" falsecount="1"/>
        <line num="5" count="0" type="stmt"/>
        <line num="7" count="3" type="stmt"/>
        <line num="26" count="0" type="cond" truecount="0" falsecount="4"/>
        <line num="27" count="0" type="stmt"/>
        <line num="29" count="0" type="stmt"/>
        <line num="33" count="0" type="cond" truecount="0" falsecount="2"/>
        <line num="34" count="0" type="stmt"/>
        <line num="36" count="0" type="stmt"/>
      </file>
    </package>
    <package name="server.src.graphql.resolvers.test">
      <metrics statements="42" coveredstatements="42" conditionals="14" coveredconditionals="14" methods="10" coveredmethods="10"/>
      <file name="index.js" path="C:\Users\degor\Documents\tools\jenkins\starwars-api-jenkins\server\src\graphql\resolvers\test\index.js">
        <metrics statements="23" coveredstatements="23" conditionals="14" coveredconditionals="14" methods="10" coveredmethods="10"/>
        <line num="17" count="5" type="stmt"/>
        <line num="18" count="5" type="stmt"/>
        <line num="20" count="5" type="cond" truecount="2" falsecount="0"/>
        <line num="22" count="5" type="stmt"/>
        <line num="23" count="5" type="stmt"/>
        <line num="25" count="5" type="stmt"/>
        <line num="26" count="5" type="stmt"/>
        <line num="28" count="5" type="cond" truecount="2" falsecount="0"/>
        <line num="30" count="5" type="stmt"/>
        <line num="31" count="5" type="stmt"/>
        <line num="33" count="7" type="cond" truecount="2" falsecount="0"/>
        <line num="35" count="5" type="cond" truecount="2" falsecount="0"/>
        <line num="37" count="5" type="cond" truecount="2" falsecount="0"/>
        <line num="39" count="5" type="cond" truecount="2" falsecount="0"/>
        <line num="41" count="5" type="cond" truecount="2" falsecount="0"/>
        <line num="43" count="5" type="stmt"/>
        <line num="44" count="2" type="stmt"/>
        <line num="51" count="5" type="stmt"/>
        <line num="58" count="5" type="stmt"/>
        <line num="78" count="5" type="stmt"/>
        <line num="79" count="12" type="stmt"/>
        <line num="82" count="5" type="stmt"/>
        <line num="83" count="6" type="stmt"/>
      </file>
      <file name="model.js" path="C:\Users\degor\Documents\tools\jenkins\starwars-api-jenkins\server\src\graphql\resolvers\test\model.js">
        <metrics statements="14" coveredstatements="14" conditionals="0" coveredconditionals="0" methods="0" coveredmethods="0"/>
        <line num="1" count="5" type="stmt"/>
        <line num="2" count="5" type="stmt"/>
        <line num="4" count="5" type="stmt"/>
        <line num="15" count="5" type="stmt"/>
        <line num="17" count="5" type="stmt"/>
        <line num="29" count="5" type="stmt"/>
        <line num="31" count="5" type="stmt"/>
        <line num="43" count="5" type="stmt"/>
        <line num="45" count="5" type="stmt"/>
        <line num="61" count="5" type="stmt"/>
        <line num="63" count="5" type="stmt"/>
        <line num="77" count="5" type="stmt"/>
        <line num="79" count="5" type="stmt"/>
        <line num="83" count="5" type="stmt"/>
      </file>
      <file name="modelSearchPersons.js" path="C:\Users\degor\Documents\tools\jenkins\starwars-api-jenkins\server\src\graphql\resolvers\test\modelSearchPersons.js">
        <metrics statements="1" coveredstatements="1" conditionals="0" coveredconditionals="0" methods="0" coveredmethods="0"/>
        <line num="1" count="5" type="stmt"/>
      </file>
      <file name="modelSearchPlanets.js" path="C:\Users\degor\Documents\tools\jenkins\starwars-api-jenkins\server\src\graphql\resolvers\test\modelSearchPlanets.js">
        <metrics statements="1" coveredstatements="1" conditionals="0" coveredconditionals="0" methods="0" coveredmethods="0"/>
        <line num="1" count="5" type="stmt"/>
      </file>
      <file name="modelSearchSpecies.js" path="C:\Users\degor\Documents\tools\jenkins\starwars-api-jenkins\server\src\graphql\resolvers\test\modelSearchSpecies.js">
        <metrics statements="1" coveredstatements="1" conditionals="0" coveredconditionals="0" methods="0" coveredmethods="0"/>
        <line num="1" count="5" type="stmt"/>
      </file>
      <file name="modelSearchStarships.js" path="C:\Users\degor\Documents\tools\jenkins\starwars-api-jenkins\server\src\graphql\resolvers\test\modelSearchStarships.js">
        <metrics statements="1" coveredstatements="1" conditionals="0" coveredconditionals="0" methods="0" coveredmethods="0"/>
        <line num="1" count="5" type="stmt"/>
      </file>
      <file name="modelSearchVehicles.js" path="C:\Users\degor\Documents\tools\jenkins\starwars-api-jenkins\server\src\graphql\resolvers\test\modelSearchVehicles.js">
        <metrics statements="1" coveredstatements="1" conditionals="0" coveredconditionals="0" methods="0" coveredmethods="0"/>
        <line num="1" count="5" type="stmt"/>
      </file>
    </package>
    <package name="server.src.graphql.resolvers.utils">
      <metrics statements="21" coveredstatements="21" conditionals="10" coveredconditionals="10" methods="10" coveredmethods="10"/>
      <file name="utils.js" path="C:\Users\degor\Documents\tools\jenkins\starwars-api-jenkins\server\src\graphql\resolvers\utils\utils.js">
        <metrics statements="21" coveredstatements="21" conditionals="10" coveredconditionals="10" methods="10" coveredmethods="10"/>
        <line num="4" count="8" type="cond" truecount="2" falsecount="0"/>
        <line num="8" count="13" type="cond" truecount="2" falsecount="0"/>
        <line num="13" count="27" type="stmt"/>
        <line num="17" count="3" type="stmt"/>
        <line num="18" count="3" type="stmt"/>
        <line num="22" count="3" type="stmt"/>
        <line num="23" count="3" type="cond" truecount="2" falsecount="0"/>
        <line num="24" count="2" type="stmt"/>
        <line num="26" count="3" type="stmt"/>
        <line num="31" count="7" type="stmt"/>
        <line num="37" count="7" type="stmt"/>
        <line num="41" count="18" type="stmt"/>
        <line num="42" count="18" type="cond" truecount="2" falsecount="0"/>
        <line num="43" count="12" type="cond" truecount="2" falsecount="0"/>
        <line num="44" count="6" type="stmt"/>
        <line num="46" count="6" type="stmt"/>
        <line num="48" count="6" type="stmt"/>
        <line num="53" count="3" type="stmt"/>
        <line num="54" count="3" type="stmt"/>
        <line num="55" count="15" type="stmt"/>
        <line num="57" count="3" type="stmt"/>
      </file>
    </package>
    <package name="server.src.graphql.resolvers.vehicles">
      <metrics statements="16" coveredstatements="6" conditionals="12" coveredconditionals="3" methods="7" coveredmethods="3"/>
      <file name="core.js" path="C:\Users\degor\Documents\tools\jenkins\starwars-api-jenkins\server\src\graphql\resolvers\vehicles\core.js">
        <metrics statements="7" coveredstatements="4" conditionals="4" coveredconditionals="2" methods="4" coveredmethods="2"/>
        <line num="5" count="4" type="stmt"/>
        <line num="7" count="4" type="cond" truecount="2" falsecount="0"/>
        <line num="8" count="1" type="stmt"/>
        <line num="10" count="3" type="stmt"/>
        <line num="15" count="0" type="stmt"/>
        <line num="17" count="0" type="cond" truecount="0" falsecount="2"/>
        <line num="18" count="0" type="stmt"/>
      </file>
      <file name="resolve.js" path="C:\Users\degor\Documents\tools\jenkins\starwars-api-jenkins\server\src\graphql\resolvers\vehicles\resolve.js">
        <metrics statements="9" coveredstatements="2" conditionals="8" coveredconditionals="1" methods="3" coveredmethods="1"/>
        <line num="4" count="3" type="cond" truecount="1" falsecount="1"/>
        <line num="5" count="0" type="stmt"/>
        <line num="7" count="3" type="stmt"/>
        <line num="24" count="0" type="cond" truecount="0" falsecount="4"/>
        <line num="25" count="0" type="stmt"/>
        <line num="27" count="0" type="stmt"/>
        <line num="31" count="0" type="cond" truecount="0" falsecount="2"/>
        <line num="32" count="0" type="stmt"/>
        <line num="34" count="0" type="stmt"/>
      </file>
    </package>
  </project>
</coverage>
