{"C:\\Users\\degor\\Documents\\tools\\jenkins\\starwars-api-jenkins\\commun\\images.js": {"path":"C:\\Users\\degor\\Documents\\tools\\jenkins\\starwars-api-jenkins\\commun\\images.js","statementMap":{"0":{"start":{"line":1,"column":13},"end":{"line":1,"column":34}},"1":{"start":{"line":4,"column":22},"end":{"line":4,"column":46}},"2":{"start":{"line":5,"column":4},"end":{"line":5,"column":94}},"3":{"start":{"line":8,"column":0},"end":{"line":8,"column":29}}},"fnMap":{"0":{"name":"mimeAccept","decl":{"start":{"line":3,"column":9},"end":{"line":3,"column":19}},"loc":{"start":{"line":3,"column":29},"end":{"line":6,"column":1}},"line":3}},"branchMap":{"0":{"loc":{"start":{"line":5,"column":11},"end":{"line":5,"column":94}},"type":"cond-expr","locations":[{"start":{"line":5,"column":56},"end":{"line":5,"column":73}},{"start":{"line":5,"column":76},"end":{"line":5,"column":94}}],"line":5}},"s":{"0":5,"1":21,"2":21,"3":5},"f":{"0":21},"b":{"0":[14,7]},"_coverageSchema":"43e27e138ebf9cfc5966b082cf9a028302ed4184","hash":"edaf563a5d0cb841e74d953d93d2863ca0cf8e84"}
,"C:\\Users\\degor\\Documents\\tools\\jenkins\\starwars-api-jenkins\\server\\lib\\graphql\\resolvers\\commun\\images.js": {"path":"C:\\Users\\degor\\Documents\\tools\\jenkins\\starwars-api-jenkins\\server\\lib\\graphql\\resolvers\\commun\\images.js","statementMap":{"0":{"start":{"line":3,"column":0},"end":{"line":5,"column":3}},"1":{"start":{"line":6,"column":0},"end":{"line":6,"column":34}},"2":{"start":{"line":8,"column":22},"end":{"line":8,"column":72}},"3":{"start":{"line":10,"column":10},"end":{"line":10,"column":47}},"4":{"start":{"line":12,"column":14},"end":{"line":12,"column":53}},"5":{"start":{"line":14,"column":39},"end":{"line":14,"column":93}},"6":{"start":{"line":17,"column":2},"end":{"line":39,"column":4}},"7":{"start":{"line":23,"column":22},"end":{"line":23,"column":55}},"8":{"start":{"line":25,"column":4},"end":{"line":29,"column":5}},"9":{"start":{"line":26,"column":6},"end":{"line":28,"column":10}},"10":{"start":{"line":31,"column":24},"end":{"line":31,"column":77}},"11":{"start":{"line":32,"column":19},"end":{"line":32,"column":37}},"12":{"start":{"line":33,"column":23},"end":{"line":33,"column":50}},"13":{"start":{"line":35,"column":18},"end":{"line":35,"column":92}},"14":{"start":{"line":37,"column":4},"end":{"line":37,"column":25}},"15":{"start":{"line":38,"column":4},"end":{"line":38,"column":23}}},"fnMap":{"0":{"name":"_interopRequireDefault","decl":{"start":{"line":14,"column":9},"end":{"line":14,"column":31}},"loc":{"start":{"line":14,"column":37},"end":{"line":14,"column":95}},"line":14},"1":{"name":"uploadImage","decl":{"start":{"line":16,"column":9},"end":{"line":16,"column":20}},"loc":{"start":{"line":16,"column":27},"end":{"line":40,"column":1}},"line":16},"2":{"name":"(anonymous_2)","decl":{"start":{"line":17,"column":9},"end":{"line":17,"column":10}},"loc":{"start":{"line":22,"column":8},"end":{"line":39,"column":3}},"line":22}},"branchMap":{"0":{"loc":{"start":{"line":14,"column":46},"end":{"line":14,"column":92}},"type":"cond-expr","locations":[{"start":{"line":14,"column":70},"end":{"line":14,"column":73}},{"start":{"line":14,"column":76},"end":{"line":14,"column":92}}],"line":14},"1":{"loc":{"start":{"line":14,"column":46},"end":{"line":14,"column":67}},"type":"binary-expr","locations":[{"start":{"line":14,"column":46},"end":{"line":14,"column":49}},{"start":{"line":14,"column":53},"end":{"line":14,"column":67}}],"line":14},"2":{"loc":{"start":{"line":25,"column":4},"end":{"line":29,"column":5}},"type":"if","locations":[{"start":{"line":25,"column":4},"end":{"line":29,"column":5}},{"start":{"line":25,"column":4},"end":{"line":29,"column":5}}],"line":25},"3":{"loc":{"start":{"line":35,"column":18},"end":{"line":35,"column":92}},"type":"binary-expr","locations":[{"start":{"line":35,"column":18},"end":{"line":35,"column":28}},{"start":{"line":35,"column":32},"end":{"line":35,"column":92}}],"line":35}},"s":{"0":2,"1":2,"2":2,"3":2,"4":2,"5":4,"6":8,"7":8,"8":8,"9":2,"10":6,"11":6,"12":6,"13":6,"14":6,"15":6},"f":{"0":4,"1":8,"2":8},"b":{"0":[0,4],"1":[4,4],"2":[2,6],"3":[6,0]},"_coverageSchema":"43e27e138ebf9cfc5966b082cf9a028302ed4184","hash":"8a93f55cf7dbf4fefa0a4267f8567727bb71ec80"}
,"C:\\Users\\degor\\Documents\\tools\\jenkins\\starwars-api-jenkins\\server\\lib\\graphql\\resolvers\\commun\\mutation.js": {"path":"C:\\Users\\degor\\Documents\\tools\\jenkins\\starwars-api-jenkins\\server\\lib\\graphql\\resolvers\\commun\\mutation.js","statementMap":{"0":{"start":{"line":3,"column":0},"end":{"line":3,"column":49}},"1":{"start":{"line":5,"column":0},"end":{"line":7,"column":3}},"2":{"start":{"line":8,"column":0},"end":{"line":8,"column":25}},"3":{"start":{"line":10,"column":13},"end":{"line":10,"column":38}},"4":{"start":{"line":12,"column":14},"end":{"line":12,"column":32}},"5":{"start":{"line":14,"column":14},"end":{"line":14,"column":33}},"6":{"start":{"line":16,"column":14},"end":{"line":16,"column":55}},"7":{"start":{"line":18,"column":39},"end":{"line":18,"column":93}},"8":{"start":{"line":20,"column":17},"end":{"line":82,"column":1}},"9":{"start":{"line":27,"column":19},"end":{"line":27,"column":40}},"10":{"start":{"line":28,"column":16},"end":{"line":28,"column":41}},"11":{"start":{"line":30,"column":4},"end":{"line":32,"column":5}},"12":{"start":{"line":31,"column":6},"end":{"line":31,"column":72}},"13":{"start":{"line":34,"column":4},"end":{"line":36,"column":5}},"14":{"start":{"line":35,"column":6},"end":{"line":35,"column":22}},"15":{"start":{"line":38,"column":4},"end":{"line":45,"column":109}},"16":{"start":{"line":39,"column":23},"end":{"line":43,"column":7}},"17":{"start":{"line":44,"column":6},"end":{"line":44,"column":99}},"18":{"start":{"line":52,"column":4},"end":{"line":54,"column":106}},"19":{"start":{"line":53,"column":6},"end":{"line":53,"column":147}},"20":{"start":{"line":63,"column":4},"end":{"line":80,"column":7}},"21":{"start":{"line":64,"column":6},"end":{"line":69,"column":7}},"22":{"start":{"line":65,"column":8},"end":{"line":68,"column":10}},"23":{"start":{"line":71,"column":6},"end":{"line":79,"column":10}},"24":{"start":{"line":72,"column":8},"end":{"line":75,"column":11}},"25":{"start":{"line":76,"column":23},"end":{"line":79,"column":7}},"26":{"start":{"line":83,"column":15},"end":{"line":83,"column":23}},"27":{"start":{"line":84,"column":0},"end":{"line":84,"column":27}}},"fnMap":{"0":{"name":"_interopRequireDefault","decl":{"start":{"line":18,"column":9},"end":{"line":18,"column":31}},"loc":{"start":{"line":18,"column":37},"end":{"line":18,"column":95}},"line":18},"1":{"name":"(anonymous_1)","decl":{"start":{"line":21,"column":12},"end":{"line":21,"column":13}},"loc":{"start":{"line":26,"column":8},"end":{"line":46,"column":3}},"line":26},"2":{"name":"(anonymous_2)","decl":{"start":{"line":38,"column":170},"end":{"line":38,"column":171}},"loc":{"start":{"line":38,"column":196},"end":{"line":45,"column":5}},"line":38},"3":{"name":"(anonymous_3)","decl":{"start":{"line":47,"column":15},"end":{"line":47,"column":16}},"loc":{"start":{"line":51,"column":8},"end":{"line":55,"column":3}},"line":51},"4":{"name":"(anonymous_4)","decl":{"start":{"line":52,"column":34},"end":{"line":52,"column":35}},"loc":{"start":{"line":52,"column":40},"end":{"line":54,"column":5}},"line":52},"5":{"name":"(anonymous_5)","decl":{"start":{"line":56,"column":10},"end":{"line":56,"column":11}},"loc":{"start":{"line":62,"column":8},"end":{"line":81,"column":3}},"line":62},"6":{"name":"(anonymous_6)","decl":{"start":{"line":63,"column":60},"end":{"line":63,"column":61}},"loc":{"start":{"line":63,"column":68},"end":{"line":80,"column":5}},"line":63},"7":{"name":"(anonymous_7)","decl":{"start":{"line":71,"column":53},"end":{"line":71,"column":54}},"loc":{"start":{"line":71,"column":69},"end":{"line":76,"column":7}},"line":71},"8":{"name":"(anonymous_8)","decl":{"start":{"line":76,"column":14},"end":{"line":76,"column":15}},"loc":{"start":{"line":76,"column":23},"end":{"line":79,"column":7}},"line":76}},"branchMap":{"0":{"loc":{"start":{"line":18,"column":46},"end":{"line":18,"column":92}},"type":"cond-expr","locations":[{"start":{"line":18,"column":70},"end":{"line":18,"column":73}},{"start":{"line":18,"column":76},"end":{"line":18,"column":92}}],"line":18},"1":{"loc":{"start":{"line":18,"column":46},"end":{"line":18,"column":67}},"type":"binary-expr","locations":[{"start":{"line":18,"column":46},"end":{"line":18,"column":49}},{"start":{"line":18,"column":53},"end":{"line":18,"column":67}}],"line":18},"2":{"loc":{"start":{"line":30,"column":4},"end":{"line":32,"column":5}},"type":"if","locations":[{"start":{"line":30,"column":4},"end":{"line":32,"column":5}},{"start":{"line":30,"column":4},"end":{"line":32,"column":5}}],"line":30},"3":{"loc":{"start":{"line":34,"column":4},"end":{"line":36,"column":5}},"type":"if","locations":[{"start":{"line":34,"column":4},"end":{"line":36,"column":5}},{"start":{"line":34,"column":4},"end":{"line":36,"column":5}}],"line":34},"4":{"loc":{"start":{"line":64,"column":6},"end":{"line":69,"column":7}},"type":"if","locations":[{"start":{"line":64,"column":6},"end":{"line":69,"column":7}},{"start":{"line":64,"column":6},"end":{"line":69,"column":7}}],"line":64}},"s":{"0":1,"1":1,"2":1,"3":1,"4":1,"5":1,"6":1,"7":1,"8":1,"9":7,"10":7,"11":7,"12":1,"13":7,"14":1,"15":6,"16":5,"17":5,"18":2,"19":2,"20":2,"21":2,"22":1,"23":1,"24":1,"25":1,"26":1,"27":1},"f":{"0":1,"1":7,"2":5,"3":2,"4":2,"5":2,"6":2,"7":1,"8":1},"b":{"0":[0,1],"1":[1,1],"2":[1,6],"3":[1,6],"4":[1,1]},"_coverageSchema":"43e27e138ebf9cfc5966b082cf9a028302ed4184","hash":"d8a45412ce6faf4406efc84e405ae3fbb51376e0"}
,"C:\\Users\\degor\\Documents\\tools\\jenkins\\starwars-api-jenkins\\server\\lib\\graphql\\resolvers\\commun\\query.js": {"path":"C:\\Users\\degor\\Documents\\tools\\jenkins\\starwars-api-jenkins\\server\\lib\\graphql\\resolvers\\commun\\query.js","statementMap":{"0":{"start":{"line":3,"column":0},"end":{"line":5,"column":3}},"1":{"start":{"line":6,"column":0},"end":{"line":6,"column":25}},"2":{"start":{"line":8,"column":14},"end":{"line":8,"column":33}},"3":{"start":{"line":10,"column":14},"end":{"line":10,"column":55}},"4":{"start":{"line":12,"column":39},"end":{"line":12,"column":93}},"5":{"start":{"line":15,"column":2},"end":{"line":17,"column":6}},"6":{"start":{"line":15,"column":29},"end":{"line":17,"column":3}},"7":{"start":{"line":20,"column":14},"end":{"line":94,"column":1}},"8":{"start":{"line":26,"column":4},"end":{"line":34,"column":7}},"9":{"start":{"line":33,"column":6},"end":{"line":33,"column":315}},"10":{"start":{"line":44,"column":4},"end":{"line":67,"column":7}},"11":{"start":{"line":45,"column":6},"end":{"line":50,"column":7}},"12":{"start":{"line":46,"column":8},"end":{"line":49,"column":10}},"13":{"start":{"line":52,"column":6},"end":{"line":66,"column":9}},"14":{"start":{"line":53,"column":8},"end":{"line":58,"column":9}},"15":{"start":{"line":54,"column":10},"end":{"line":57,"column":12}},"16":{"start":{"line":60,"column":22},"end":{"line":60,"column":35}},"17":{"start":{"line":61,"column":8},"end":{"line":65,"column":10}},"18":{"start":{"line":73,"column":4},"end":{"line":84,"column":5}},"19":{"start":{"line":74,"column":6},"end":{"line":79,"column":8}},"20":{"start":{"line":81,"column":6},"end":{"line":83,"column":8}},"21":{"start":{"line":90,"column":4},"end":{"line":92,"column":6}},"22":{"start":{"line":95,"column":15},"end":{"line":95,"column":20}},"23":{"start":{"line":96,"column":0},"end":{"line":96,"column":27}}},"fnMap":{"0":{"name":"_interopRequireDefault","decl":{"start":{"line":12,"column":9},"end":{"line":12,"column":31}},"loc":{"start":{"line":12,"column":37},"end":{"line":12,"column":95}},"line":12},"1":{"name":"addType","decl":{"start":{"line":14,"column":9},"end":{"line":14,"column":16}},"loc":{"start":{"line":14,"column":30},"end":{"line":18,"column":1}},"line":14},"2":{"name":"(anonymous_2)","decl":{"start":{"line":15,"column":19},"end":{"line":15,"column":20}},"loc":{"start":{"line":15,"column":29},"end":{"line":17,"column":3}},"line":15},"3":{"name":"(anonymous_3)","decl":{"start":{"line":21,"column":10},"end":{"line":21,"column":11}},"loc":{"start":{"line":25,"column":8},"end":{"line":35,"column":3}},"line":25},"4":{"name":"(anonymous_4)","decl":{"start":{"line":26,"column":74},"end":{"line":26,"column":75}},"loc":{"start":{"line":32,"column":10},"end":{"line":34,"column":5}},"line":32},"5":{"name":"(anonymous_5)","decl":{"start":{"line":36,"column":10},"end":{"line":36,"column":11}},"loc":{"start":{"line":43,"column":8},"end":{"line":68,"column":3}},"line":43},"6":{"name":"(anonymous_6)","decl":{"start":{"line":44,"column":60},"end":{"line":44,"column":61}},"loc":{"start":{"line":44,"column":68},"end":{"line":67,"column":5}},"line":44},"7":{"name":"(anonymous_7)","decl":{"start":{"line":52,"column":67},"end":{"line":52,"column":68}},"loc":{"start":{"line":52,"column":84},"end":{"line":66,"column":7}},"line":52},"8":{"name":"(anonymous_8)","decl":{"start":{"line":69,"column":16},"end":{"line":69,"column":17}},"loc":{"start":{"line":72,"column":8},"end":{"line":85,"column":3}},"line":72},"9":{"name":"(anonymous_9)","decl":{"start":{"line":86,"column":11},"end":{"line":86,"column":12}},"loc":{"start":{"line":89,"column":8},"end":{"line":93,"column":3}},"line":89}},"branchMap":{"0":{"loc":{"start":{"line":12,"column":46},"end":{"line":12,"column":92}},"type":"cond-expr","locations":[{"start":{"line":12,"column":70},"end":{"line":12,"column":73}},{"start":{"line":12,"column":76},"end":{"line":12,"column":92}}],"line":12},"1":{"loc":{"start":{"line":12,"column":46},"end":{"line":12,"column":67}},"type":"binary-expr","locations":[{"start":{"line":12,"column":46},"end":{"line":12,"column":49}},{"start":{"line":12,"column":53},"end":{"line":12,"column":67}}],"line":12},"2":{"loc":{"start":{"line":45,"column":6},"end":{"line":50,"column":7}},"type":"if","locations":[{"start":{"line":45,"column":6},"end":{"line":50,"column":7}},{"start":{"line":45,"column":6},"end":{"line":50,"column":7}}],"line":45},"3":{"loc":{"start":{"line":53,"column":8},"end":{"line":58,"column":9}},"type":"if","locations":[{"start":{"line":53,"column":8},"end":{"line":58,"column":9}},{"start":{"line":53,"column":8},"end":{"line":58,"column":9}}],"line":53},"4":{"loc":{"start":{"line":73,"column":4},"end":{"line":84,"column":5}},"type":"if","locations":[{"start":{"line":73,"column":4},"end":{"line":84,"column":5}},{"start":{"line":73,"column":4},"end":{"line":84,"column":5}}],"line":73}},"s":{"0":1,"1":1,"2":1,"3":1,"4":1,"5":10,"6":1,"7":1,"8":2,"9":2,"10":3,"11":3,"12":1,"13":2,"14":2,"15":1,"16":1,"17":1,"18":2,"19":1,"20":1,"21":0,"22":1,"23":1},"f":{"0":1,"1":10,"2":1,"3":2,"4":2,"5":3,"6":3,"7":2,"8":2,"9":0},"b":{"0":[0,1],"1":[1,1],"2":[1,2],"3":[1,1],"4":[1,1]},"_coverageSchema":"43e27e138ebf9cfc5966b082cf9a028302ed4184","hash":"f71931567299ca49219caec90134cb662109809f"}
,"C:\\Users\\degor\\Documents\\tools\\jenkins\\starwars-api-jenkins\\server\\lib\\graphql\\resolvers\\commun\\resolve.js": {"path":"C:\\Users\\degor\\Documents\\tools\\jenkins\\starwars-api-jenkins\\server\\lib\\graphql\\resolvers\\commun\\resolve.js","statementMap":{"0":{"start":{"line":3,"column":0},"end":{"line":3,"column":49}},"1":{"start":{"line":5,"column":0},"end":{"line":7,"column":3}},"2":{"start":{"line":8,"column":0},"end":{"line":8,"column":38}},"3":{"start":{"line":11,"column":2},"end":{"line":16,"column":4}},"4":{"start":{"line":20,"column":2},"end":{"line":22,"column":3}},"5":{"start":{"line":21,"column":4},"end":{"line":21,"column":16}},"6":{"start":{"line":24,"column":2},"end":{"line":24,"column":34}}},"fnMap":{"0":{"name":"resolveImage","decl":{"start":{"line":10,"column":9},"end":{"line":10,"column":21}},"loc":{"start":{"line":10,"column":29},"end":{"line":17,"column":1}},"line":10},"1":{"name":"resolveImages","decl":{"start":{"line":19,"column":9},"end":{"line":19,"column":22}},"loc":{"start":{"line":19,"column":31},"end":{"line":25,"column":1}},"line":19}},"branchMap":{"0":{"loc":{"start":{"line":20,"column":2},"end":{"line":22,"column":3}},"type":"if","locations":[{"start":{"line":20,"column":2},"end":{"line":22,"column":3}},{"start":{"line":20,"column":2},"end":{"line":22,"column":3}}],"line":20},"1":{"loc":{"start":{"line":20,"column":6},"end":{"line":20,"column":31}},"type":"binary-expr","locations":[{"start":{"line":20,"column":6},"end":{"line":20,"column":13}},{"start":{"line":20,"column":17},"end":{"line":20,"column":31}}],"line":20}},"s":{"0":3,"1":3,"2":3,"3":0,"4":1,"5":1,"6":0},"f":{"0":0,"1":1},"b":{"0":[1,0],"1":[1,0]},"_coverageSchema":"43e27e138ebf9cfc5966b082cf9a028302ed4184","hash":"712342457e988a24343fc4dcc15cb42709c0f009"}
,"C:\\Users\\degor\\Documents\\tools\\jenkins\\starwars-api-jenkins\\server\\lib\\graphql\\resolvers\\commun\\search.js": {"path":"C:\\Users\\degor\\Documents\\tools\\jenkins\\starwars-api-jenkins\\server\\lib\\graphql\\resolvers\\commun\\search.js","statementMap":{"0":{"start":{"line":3,"column":0},"end":{"line":5,"column":3}},"1":{"start":{"line":6,"column":0},"end":{"line":6,"column":28}},"2":{"start":{"line":8,"column":24},"end":{"line":8,"column":76}},"3":{"start":{"line":10,"column":39},"end":{"line":10,"column":93}},"4":{"start":{"line":13,"column":2},"end":{"line":13,"column":147}},"5":{"start":{"line":17,"column":24},"end":{"line":17,"column":45}},"6":{"start":{"line":18,"column":12},"end":{"line":18,"column":14}},"7":{"start":{"line":20,"column":2},"end":{"line":22,"column":3}},"8":{"start":{"line":21,"column":4},"end":{"line":21,"column":105}},"9":{"start":{"line":21,"column":32},"end":{"line":21,"column":103}},"10":{"start":{"line":24,"column":2},"end":{"line":24,"column":13}},"11":{"start":{"line":28,"column":2},"end":{"line":28,"column":25}}},"fnMap":{"0":{"name":"_interopRequireDefault","decl":{"start":{"line":10,"column":9},"end":{"line":10,"column":31}},"loc":{"start":{"line":10,"column":37},"end":{"line":10,"column":95}},"line":10},"1":{"name":"stringSimilar","decl":{"start":{"line":12,"column":9},"end":{"line":12,"column":22}},"loc":{"start":{"line":12,"column":31},"end":{"line":14,"column":1}},"line":12},"2":{"name":"searchIn","decl":{"start":{"line":16,"column":9},"end":{"line":16,"column":17}},"loc":{"start":{"line":16,"column":31},"end":{"line":25,"column":1}},"line":16},"3":{"name":"(anonymous_3)","decl":{"start":{"line":21,"column":23},"end":{"line":21,"column":24}},"loc":{"start":{"line":21,"column":32},"end":{"line":21,"column":103}},"line":21},"4":{"name":"normalizeString","decl":{"start":{"line":27,"column":9},"end":{"line":27,"column":24}},"loc":{"start":{"line":27,"column":28},"end":{"line":29,"column":1}},"line":27}},"branchMap":{"0":{"loc":{"start":{"line":10,"column":46},"end":{"line":10,"column":92}},"type":"cond-expr","locations":[{"start":{"line":10,"column":70},"end":{"line":10,"column":73}},{"start":{"line":10,"column":76},"end":{"line":10,"column":92}}],"line":10},"1":{"loc":{"start":{"line":10,"column":46},"end":{"line":10,"column":67}},"type":"binary-expr","locations":[{"start":{"line":10,"column":46},"end":{"line":10,"column":49}},{"start":{"line":10,"column":53},"end":{"line":10,"column":67}}],"line":10},"2":{"loc":{"start":{"line":13,"column":9},"end":{"line":13,"column":146}},"type":"binary-expr","locations":[{"start":{"line":13,"column":9},"end":{"line":13,"column":26}},{"start":{"line":13,"column":30},"end":{"line":13,"column":47}},{"start":{"line":13,"column":51},"end":{"line":13,"column":66}},{"start":{"line":13,"column":70},"end":{"line":13,"column":85}},{"start":{"line":13,"column":89},"end":{"line":13,"column":146}}],"line":13},"3":{"loc":{"start":{"line":20,"column":2},"end":{"line":22,"column":3}},"type":"if","locations":[{"start":{"line":20,"column":2},"end":{"line":22,"column":3}},{"start":{"line":20,"column":2},"end":{"line":22,"column":3}}],"line":20},"4":{"loc":{"start":{"line":21,"column":32},"end":{"line":21,"column":103}},"type":"binary-expr","locations":[{"start":{"line":21,"column":32},"end":{"line":21,"column":42}},{"start":{"line":21,"column":46},"end":{"line":21,"column":103}}],"line":21}},"s":{"0":2,"1":2,"2":2,"3":2,"4":237,"5":16,"6":16,"7":16,"8":14,"9":237,"10":16,"11":253},"f":{"0":2,"1":237,"2":16,"3":237,"4":253},"b":{"0":[0,2],"1":[2,2],"2":[237,231,231,230,230],"3":[14,2],"4":[237,237]},"_coverageSchema":"43e27e138ebf9cfc5966b082cf9a028302ed4184","hash":"3ea40763b53045c827e6b6620cc4f59c1160326e"}
,"C:\\Users\\degor\\Documents\\tools\\jenkins\\starwars-api-jenkins\\server\\lib\\graphql\\resolvers\\commun\\utils.js": {"path":"C:\\Users\\degor\\Documents\\tools\\jenkins\\starwars-api-jenkins\\server\\lib\\graphql\\resolvers\\commun\\utils.js","statementMap":{"0":{"start":{"line":3,"column":0},"end":{"line":5,"column":3}},"1":{"start":{"line":6,"column":0},"end":{"line":6,"column":28}},"2":{"start":{"line":7,"column":0},"end":{"line":7,"column":44}},"3":{"start":{"line":8,"column":0},"end":{"line":8,"column":34}},"4":{"start":{"line":9,"column":0},"end":{"line":9,"column":46}},"5":{"start":{"line":10,"column":0},"end":{"line":10,"column":46}},"6":{"start":{"line":12,"column":13},"end":{"line":12,"column":38}},"7":{"start":{"line":14,"column":12},"end":{"line":14,"column":38}},"8":{"start":{"line":16,"column":13},"end":{"line":16,"column":39}},"9":{"start":{"line":18,"column":13},"end":{"line":18,"column":39}},"10":{"start":{"line":20,"column":13},"end":{"line":20,"column":41}},"11":{"start":{"line":22,"column":13},"end":{"line":22,"column":40}},"12":{"start":{"line":24,"column":20},"end":{"line":24,"column":28}},"13":{"start":{"line":25,"column":20},"end":{"line":25,"column":28}},"14":{"start":{"line":26,"column":21},"end":{"line":26,"column":30}},"15":{"start":{"line":27,"column":22},"end":{"line":27,"column":32}},"16":{"start":{"line":28,"column":21},"end":{"line":28,"column":30}},"17":{"start":{"line":31,"column":2},"end":{"line":49,"column":3}},"18":{"start":{"line":33,"column":6},"end":{"line":33,"column":34}},"19":{"start":{"line":36,"column":6},"end":{"line":36,"column":34}},"20":{"start":{"line":39,"column":6},"end":{"line":39,"column":35}},"21":{"start":{"line":42,"column":6},"end":{"line":42,"column":36}},"22":{"start":{"line":45,"column":6},"end":{"line":45,"column":35}},"23":{"start":{"line":48,"column":6},"end":{"line":48,"column":51}},"24":{"start":{"line":53,"column":2},"end":{"line":59,"column":5}},"25":{"start":{"line":63,"column":2},"end":{"line":69,"column":5}},"26":{"start":{"line":73,"column":2},"end":{"line":73,"column":68}},"27":{"start":{"line":77,"column":2},"end":{"line":77,"column":74}},"28":{"start":{"line":81,"column":2},"end":{"line":89,"column":4}},"29":{"start":{"line":84,"column":4},"end":{"line":88,"column":7}},"30":{"start":{"line":85,"column":21},"end":{"line":85,"column":42}},"31":{"start":{"line":86,"column":6},"end":{"line":86,"column":30}},"32":{"start":{"line":87,"column":6},"end":{"line":87,"column":22}},"33":{"start":{"line":93,"column":17},"end":{"line":93,"column":38}},"34":{"start":{"line":95,"column":2},"end":{"line":95,"column":42}},"35":{"start":{"line":96,"column":2},"end":{"line":96,"column":18}}},"fnMap":{"0":{"name":"getContextObject","decl":{"start":{"line":30,"column":9},"end":{"line":30,"column":25}},"loc":{"start":{"line":30,"column":41},"end":{"line":50,"column":1}},"line":30},"1":{"name":"getDataBaseObject","decl":{"start":{"line":52,"column":9},"end":{"line":52,"column":26}},"loc":{"start":{"line":52,"column":46},"end":{"line":60,"column":1}},"line":52},"2":{"name":"getLoaderObject","decl":{"start":{"line":62,"column":9},"end":{"line":62,"column":24}},"loc":{"start":{"line":62,"column":31},"end":{"line":70,"column":1}},"line":62},"3":{"name":"getOrCreateObject","decl":{"start":{"line":72,"column":9},"end":{"line":72,"column":26}},"loc":{"start":{"line":72,"column":50},"end":{"line":74,"column":1}},"line":72},"4":{"name":"addImage","decl":{"start":{"line":76,"column":9},"end":{"line":76,"column":17}},"loc":{"start":{"line":76,"column":56},"end":{"line":78,"column":1}},"line":76},"5":{"name":"returnObjectFull","decl":{"start":{"line":80,"column":9},"end":{"line":80,"column":25}},"loc":{"start":{"line":80,"column":51},"end":{"line":90,"column":1}},"line":80},"6":{"name":"(anonymous_6)","decl":{"start":{"line":81,"column":9},"end":{"line":81,"column":10}},"loc":{"start":{"line":83,"column":8},"end":{"line":89,"column":3}},"line":83},"7":{"name":"(anonymous_7)","decl":{"start":{"line":84,"column":69},"end":{"line":84,"column":70}},"loc":{"start":{"line":84,"column":79},"end":{"line":88,"column":5}},"line":84},"8":{"name":"returnError","decl":{"start":{"line":92,"column":9},"end":{"line":92,"column":20}},"loc":{"start":{"line":92,"column":28},"end":{"line":97,"column":1}},"line":92}},"branchMap":{"0":{"loc":{"start":{"line":31,"column":2},"end":{"line":49,"column":3}},"type":"switch","locations":[{"start":{"line":32,"column":4},"end":{"line":33,"column":34}},{"start":{"line":35,"column":4},"end":{"line":36,"column":34}},{"start":{"line":38,"column":4},"end":{"line":39,"column":35}},{"start":{"line":41,"column":4},"end":{"line":42,"column":36}},{"start":{"line":44,"column":4},"end":{"line":45,"column":35}},{"start":{"line":47,"column":4},"end":{"line":48,"column":51}}],"line":31}},"s":{"0":2,"1":2,"2":2,"3":2,"4":2,"5":2,"6":2,"7":2,"8":2,"9":2,"10":2,"11":2,"12":2,"13":2,"14":2,"15":2,"16":2,"17":54,"18":13,"19":10,"20":10,"21":10,"22":10,"23":1,"24":33,"25":21,"26":16,"27":15,"28":23,"29":21,"30":16,"31":16,"32":16,"33":2,"34":2,"35":2},"f":{"0":54,"1":33,"2":21,"3":16,"4":15,"5":23,"6":21,"7":16,"8":2},"b":{"0":[13,10,10,10,10,1]},"_coverageSchema":"43e27e138ebf9cfc5966b082cf9a028302ed4184","hash":"52994e797db077d59ea02b3033d676ff36c31526"}
,"C:\\Users\\degor\\Documents\\tools\\jenkins\\starwars-api-jenkins\\server\\lib\\graphql\\resolvers\\persons\\core.js": {"path":"C:\\Users\\degor\\Documents\\tools\\jenkins\\starwars-api-jenkins\\server\\lib\\graphql\\resolvers\\persons\\core.js","statementMap":{"0":{"start":{"line":3,"column":0},"end":{"line":5,"column":3}},"1":{"start":{"line":6,"column":0},"end":{"line":6,"column":32}},"2":{"start":{"line":7,"column":0},"end":{"line":7,"column":36}},"3":{"start":{"line":9,"column":15},"end":{"line":9,"column":35}},"4":{"start":{"line":11,"column":20},"end":{"line":11,"column":44}},"5":{"start":{"line":14,"column":2},"end":{"line":22,"column":5}},"6":{"start":{"line":15,"column":4},"end":{"line":19,"column":5}},"7":{"start":{"line":16,"column":6},"end":{"line":18,"column":10}},"8":{"start":{"line":21,"column":4},"end":{"line":21,"column":47}},"9":{"start":{"line":26,"column":2},"end":{"line":32,"column":5}},"10":{"start":{"line":27,"column":4},"end":{"line":29,"column":5}},"11":{"start":{"line":28,"column":6},"end":{"line":28,"column":18}},"12":{"start":{"line":31,"column":4},"end":{"line":31,"column":53}}},"fnMap":{"0":{"name":"loadPerson","decl":{"start":{"line":13,"column":9},"end":{"line":13,"column":19}},"loc":{"start":{"line":13,"column":51},"end":{"line":23,"column":1}},"line":13},"1":{"name":"(anonymous_1)","decl":{"start":{"line":14,"column":69},"end":{"line":14,"column":70}},"loc":{"start":{"line":14,"column":79},"end":{"line":22,"column":3}},"line":14},"2":{"name":"loadPersonDB","decl":{"start":{"line":25,"column":9},"end":{"line":25,"column":21}},"loc":{"start":{"line":25,"column":47},"end":{"line":33,"column":1}},"line":25},"3":{"name":"(anonymous_3)","decl":{"start":{"line":26,"column":76},"end":{"line":26,"column":77}},"loc":{"start":{"line":26,"column":88},"end":{"line":32,"column":3}},"line":26}},"branchMap":{"0":{"loc":{"start":{"line":15,"column":4},"end":{"line":19,"column":5}},"type":"if","locations":[{"start":{"line":15,"column":4},"end":{"line":19,"column":5}},{"start":{"line":15,"column":4},"end":{"line":19,"column":5}}],"line":15},"1":{"loc":{"start":{"line":27,"column":4},"end":{"line":29,"column":5}},"type":"if","locations":[{"start":{"line":27,"column":4},"end":{"line":29,"column":5}},{"start":{"line":27,"column":4},"end":{"line":29,"column":5}}],"line":27}},"s":{"0":3,"1":3,"2":3,"3":3,"4":3,"5":7,"6":7,"7":2,"8":5,"9":2,"10":2,"11":1,"12":1},"f":{"0":7,"1":7,"2":2,"3":2},"b":{"0":[2,5],"1":[1,1]},"_coverageSchema":"43e27e138ebf9cfc5966b082cf9a028302ed4184","hash":"35d872b5a5337064a161e9f5c1d0fe79ba8f3349"}
,"C:\\Users\\degor\\Documents\\tools\\jenkins\\starwars-api-jenkins\\server\\lib\\graphql\\resolvers\\persons\\resolve.js": {"path":"C:\\Users\\degor\\Documents\\tools\\jenkins\\starwars-api-jenkins\\server\\lib\\graphql\\resolvers\\persons\\resolve.js","statementMap":{"0":{"start":{"line":3,"column":0},"end":{"line":5,"column":3}},"1":{"start":{"line":6,"column":0},"end":{"line":6,"column":40}},"2":{"start":{"line":7,"column":0},"end":{"line":7,"column":38}},"3":{"start":{"line":8,"column":0},"end":{"line":8,"column":46}},"4":{"start":{"line":10,"column":15},"end":{"line":10,"column":43}},"5":{"start":{"line":13,"column":2},"end":{"line":23,"column":4}},"6":{"start":{"line":27,"column":2},"end":{"line":29,"column":3}},"7":{"start":{"line":28,"column":4},"end":{"line":28,"column":16}},"8":{"start":{"line":31,"column":2},"end":{"line":33,"column":4}},"9":{"start":{"line":37,"column":2},"end":{"line":39,"column":3}},"10":{"start":{"line":38,"column":4},"end":{"line":38,"column":14}},"11":{"start":{"line":41,"column":2},"end":{"line":41,"column":35}}},"fnMap":{"0":{"name":"resolvePerson","decl":{"start":{"line":12,"column":9},"end":{"line":12,"column":22}},"loc":{"start":{"line":12,"column":31},"end":{"line":24,"column":1}},"line":12},"1":{"name":"resolvePersonMore","decl":{"start":{"line":26,"column":9},"end":{"line":26,"column":26}},"loc":{"start":{"line":26,"column":37},"end":{"line":34,"column":1}},"line":26},"2":{"name":"resolvePersons","decl":{"start":{"line":36,"column":9},"end":{"line":36,"column":23}},"loc":{"start":{"line":36,"column":32},"end":{"line":42,"column":1}},"line":36}},"branchMap":{"0":{"loc":{"start":{"line":27,"column":2},"end":{"line":29,"column":3}},"type":"if","locations":[{"start":{"line":27,"column":2},"end":{"line":29,"column":3}},{"start":{"line":27,"column":2},"end":{"line":29,"column":3}}],"line":27},"1":{"loc":{"start":{"line":37,"column":2},"end":{"line":39,"column":3}},"type":"if","locations":[{"start":{"line":37,"column":2},"end":{"line":39,"column":3}},{"start":{"line":37,"column":2},"end":{"line":39,"column":3}}],"line":37},"2":{"loc":{"start":{"line":37,"column":6},"end":{"line":37,"column":31}},"type":"binary-expr","locations":[{"start":{"line":37,"column":6},"end":{"line":37,"column":13}},{"start":{"line":37,"column":17},"end":{"line":37,"column":31}}],"line":37}},"s":{"0":3,"1":3,"2":3,"3":3,"4":3,"5":5,"6":1,"7":0,"8":1,"9":0,"10":0,"11":0},"f":{"0":5,"1":1,"2":0},"b":{"0":[0,1],"1":[0,0],"2":[0,0]},"_coverageSchema":"43e27e138ebf9cfc5966b082cf9a028302ed4184","hash":"67ba6260dd107f09e6efb2ba2a36bf216ef08902"}
,"C:\\Users\\degor\\Documents\\tools\\jenkins\\starwars-api-jenkins\\server\\lib\\graphql\\resolvers\\planets\\core.js": {"path":"C:\\Users\\degor\\Documents\\tools\\jenkins\\starwars-api-jenkins\\server\\lib\\graphql\\resolvers\\planets\\core.js","statementMap":{"0":{"start":{"line":3,"column":0},"end":{"line":5,"column":3}},"1":{"start":{"line":6,"column":0},"end":{"line":6,"column":32}},"2":{"start":{"line":7,"column":0},"end":{"line":7,"column":36}},"3":{"start":{"line":9,"column":15},"end":{"line":9,"column":35}},"4":{"start":{"line":11,"column":20},"end":{"line":11,"column":44}},"5":{"start":{"line":14,"column":2},"end":{"line":22,"column":5}},"6":{"start":{"line":15,"column":4},"end":{"line":19,"column":5}},"7":{"start":{"line":16,"column":6},"end":{"line":18,"column":10}},"8":{"start":{"line":21,"column":4},"end":{"line":21,"column":47}},"9":{"start":{"line":26,"column":2},"end":{"line":32,"column":5}},"10":{"start":{"line":27,"column":4},"end":{"line":29,"column":5}},"11":{"start":{"line":28,"column":6},"end":{"line":28,"column":18}},"12":{"start":{"line":31,"column":4},"end":{"line":31,"column":53}}},"fnMap":{"0":{"name":"loadPlanet","decl":{"start":{"line":13,"column":9},"end":{"line":13,"column":19}},"loc":{"start":{"line":13,"column":43},"end":{"line":23,"column":1}},"line":13},"1":{"name":"(anonymous_1)","decl":{"start":{"line":14,"column":61},"end":{"line":14,"column":62}},"loc":{"start":{"line":14,"column":71},"end":{"line":22,"column":3}},"line":14},"2":{"name":"loadPlanetDB","decl":{"start":{"line":25,"column":9},"end":{"line":25,"column":21}},"loc":{"start":{"line":25,"column":39},"end":{"line":33,"column":1}},"line":25},"3":{"name":"(anonymous_3)","decl":{"start":{"line":26,"column":68},"end":{"line":26,"column":69}},"loc":{"start":{"line":26,"column":80},"end":{"line":32,"column":3}},"line":26}},"branchMap":{"0":{"loc":{"start":{"line":15,"column":4},"end":{"line":19,"column":5}},"type":"if","locations":[{"start":{"line":15,"column":4},"end":{"line":19,"column":5}},{"start":{"line":15,"column":4},"end":{"line":19,"column":5}}],"line":15},"1":{"loc":{"start":{"line":27,"column":4},"end":{"line":29,"column":5}},"type":"if","locations":[{"start":{"line":27,"column":4},"end":{"line":29,"column":5}},{"start":{"line":27,"column":4},"end":{"line":29,"column":5}}],"line":27}},"s":{"0":2,"1":2,"2":2,"3":2,"4":2,"5":4,"6":4,"7":1,"8":3,"9":0,"10":0,"11":0,"12":0},"f":{"0":4,"1":4,"2":0,"3":0},"b":{"0":[1,3],"1":[0,0]},"_coverageSchema":"43e27e138ebf9cfc5966b082cf9a028302ed4184","hash":"76210423513e3f7491fe1b500d0c72ea52359ee1"}
,"C:\\Users\\degor\\Documents\\tools\\jenkins\\starwars-api-jenkins\\server\\lib\\graphql\\resolvers\\planets\\resolve.js": {"path":"C:\\Users\\degor\\Documents\\tools\\jenkins\\starwars-api-jenkins\\server\\lib\\graphql\\resolvers\\planets\\resolve.js","statementMap":{"0":{"start":{"line":3,"column":0},"end":{"line":5,"column":3}},"1":{"start":{"line":6,"column":0},"end":{"line":6,"column":40}},"2":{"start":{"line":7,"column":0},"end":{"line":7,"column":38}},"3":{"start":{"line":8,"column":0},"end":{"line":8,"column":46}},"4":{"start":{"line":10,"column":15},"end":{"line":10,"column":43}},"5":{"start":{"line":13,"column":2},"end":{"line":15,"column":3}},"6":{"start":{"line":14,"column":4},"end":{"line":14,"column":16}},"7":{"start":{"line":17,"column":2},"end":{"line":28,"column":4}},"8":{"start":{"line":32,"column":2},"end":{"line":34,"column":3}},"9":{"start":{"line":33,"column":4},"end":{"line":33,"column":14}},"10":{"start":{"line":36,"column":2},"end":{"line":36,"column":36}},"11":{"start":{"line":40,"column":2},"end":{"line":42,"column":3}},"12":{"start":{"line":41,"column":4},"end":{"line":41,"column":16}},"13":{"start":{"line":44,"column":2},"end":{"line":46,"column":4}}},"fnMap":{"0":{"name":"resolvePlanet","decl":{"start":{"line":12,"column":9},"end":{"line":12,"column":22}},"loc":{"start":{"line":12,"column":31},"end":{"line":29,"column":1}},"line":12},"1":{"name":"resolvePlanets","decl":{"start":{"line":31,"column":9},"end":{"line":31,"column":23}},"loc":{"start":{"line":31,"column":33},"end":{"line":37,"column":1}},"line":31},"2":{"name":"resolvePlanetMore","decl":{"start":{"line":39,"column":9},"end":{"line":39,"column":26}},"loc":{"start":{"line":39,"column":37},"end":{"line":47,"column":1}},"line":39}},"branchMap":{"0":{"loc":{"start":{"line":13,"column":2},"end":{"line":15,"column":3}},"type":"if","locations":[{"start":{"line":13,"column":2},"end":{"line":15,"column":3}},{"start":{"line":13,"column":2},"end":{"line":15,"column":3}}],"line":13},"1":{"loc":{"start":{"line":32,"column":2},"end":{"line":34,"column":3}},"type":"if","locations":[{"start":{"line":32,"column":2},"end":{"line":34,"column":3}},{"start":{"line":32,"column":2},"end":{"line":34,"column":3}}],"line":32},"2":{"loc":{"start":{"line":32,"column":6},"end":{"line":32,"column":33}},"type":"binary-expr","locations":[{"start":{"line":32,"column":6},"end":{"line":32,"column":14}},{"start":{"line":32,"column":18},"end":{"line":32,"column":33}}],"line":32},"3":{"loc":{"start":{"line":40,"column":2},"end":{"line":42,"column":3}},"type":"if","locations":[{"start":{"line":40,"column":2},"end":{"line":42,"column":3}},{"start":{"line":40,"column":2},"end":{"line":42,"column":3}}],"line":40}},"s":{"0":2,"1":2,"2":2,"3":2,"4":2,"5":3,"6":0,"7":3,"8":0,"9":0,"10":0,"11":0,"12":0,"13":0},"f":{"0":3,"1":0,"2":0},"b":{"0":[0,3],"1":[0,0],"2":[0,0],"3":[0,0]},"_coverageSchema":"43e27e138ebf9cfc5966b082cf9a028302ed4184","hash":"bef573621d34253e7ea6042850cfd710c6231366"}
,"C:\\Users\\degor\\Documents\\tools\\jenkins\\starwars-api-jenkins\\server\\lib\\graphql\\resolvers\\species\\core.js": {"path":"C:\\Users\\degor\\Documents\\tools\\jenkins\\starwars-api-jenkins\\server\\lib\\graphql\\resolvers\\species\\core.js","statementMap":{"0":{"start":{"line":3,"column":0},"end":{"line":5,"column":3}},"1":{"start":{"line":6,"column":0},"end":{"line":6,"column":34}},"2":{"start":{"line":7,"column":0},"end":{"line":7,"column":38}},"3":{"start":{"line":9,"column":15},"end":{"line":9,"column":35}},"4":{"start":{"line":11,"column":20},"end":{"line":11,"column":44}},"5":{"start":{"line":14,"column":2},"end":{"line":22,"column":5}},"6":{"start":{"line":15,"column":4},"end":{"line":19,"column":5}},"7":{"start":{"line":16,"column":6},"end":{"line":18,"column":10}},"8":{"start":{"line":21,"column":4},"end":{"line":21,"column":49}},"9":{"start":{"line":26,"column":2},"end":{"line":29,"column":5}},"10":{"start":{"line":27,"column":4},"end":{"line":27,"column":32}},"11":{"start":{"line":27,"column":20},"end":{"line":27,"column":32}},"12":{"start":{"line":28,"column":4},"end":{"line":28,"column":55}}},"fnMap":{"0":{"name":"loadSpecies","decl":{"start":{"line":13,"column":9},"end":{"line":13,"column":20}},"loc":{"start":{"line":13,"column":44},"end":{"line":23,"column":1}},"line":13},"1":{"name":"(anonymous_1)","decl":{"start":{"line":14,"column":62},"end":{"line":14,"column":63}},"loc":{"start":{"line":14,"column":73},"end":{"line":22,"column":3}},"line":14},"2":{"name":"loadSpeciesDB","decl":{"start":{"line":25,"column":9},"end":{"line":25,"column":22}},"loc":{"start":{"line":25,"column":40},"end":{"line":30,"column":1}},"line":25},"3":{"name":"(anonymous_3)","decl":{"start":{"line":26,"column":69},"end":{"line":26,"column":70}},"loc":{"start":{"line":26,"column":82},"end":{"line":29,"column":3}},"line":26}},"branchMap":{"0":{"loc":{"start":{"line":15,"column":4},"end":{"line":19,"column":5}},"type":"if","locations":[{"start":{"line":15,"column":4},"end":{"line":19,"column":5}},{"start":{"line":15,"column":4},"end":{"line":19,"column":5}}],"line":15},"1":{"loc":{"start":{"line":27,"column":4},"end":{"line":27,"column":32}},"type":"if","locations":[{"start":{"line":27,"column":4},"end":{"line":27,"column":32}},{"start":{"line":27,"column":4},"end":{"line":27,"column":32}}],"line":27}},"s":{"0":2,"1":2,"2":2,"3":2,"4":2,"5":4,"6":4,"7":1,"8":3,"9":0,"10":0,"11":0,"12":0},"f":{"0":4,"1":4,"2":0,"3":0},"b":{"0":[1,3],"1":[0,0]},"_coverageSchema":"43e27e138ebf9cfc5966b082cf9a028302ed4184","hash":"9b642f3be6e4d63799e084df7052a3f0fd5b0154"}
,"C:\\Users\\degor\\Documents\\tools\\jenkins\\starwars-api-jenkins\\server\\lib\\graphql\\resolvers\\species\\resolve.js": {"path":"C:\\Users\\degor\\Documents\\tools\\jenkins\\starwars-api-jenkins\\server\\lib\\graphql\\resolvers\\species\\resolve.js","statementMap":{"0":{"start":{"line":3,"column":0},"end":{"line":5,"column":3}},"1":{"start":{"line":6,"column":0},"end":{"line":6,"column":42}},"2":{"start":{"line":7,"column":0},"end":{"line":7,"column":40}},"3":{"start":{"line":8,"column":0},"end":{"line":8,"column":48}},"4":{"start":{"line":10,"column":15},"end":{"line":10,"column":43}},"5":{"start":{"line":13,"column":2},"end":{"line":24,"column":4}},"6":{"start":{"line":28,"column":2},"end":{"line":30,"column":3}},"7":{"start":{"line":29,"column":4},"end":{"line":29,"column":16}},"8":{"start":{"line":32,"column":2},"end":{"line":34,"column":4}},"9":{"start":{"line":38,"column":2},"end":{"line":40,"column":3}},"10":{"start":{"line":39,"column":4},"end":{"line":39,"column":14}},"11":{"start":{"line":42,"column":2},"end":{"line":42,"column":38}}},"fnMap":{"0":{"name":"resolveSpecies","decl":{"start":{"line":12,"column":9},"end":{"line":12,"column":23}},"loc":{"start":{"line":12,"column":33},"end":{"line":25,"column":1}},"line":12},"1":{"name":"resolveSpeciesMore","decl":{"start":{"line":27,"column":9},"end":{"line":27,"column":27}},"loc":{"start":{"line":27,"column":39},"end":{"line":35,"column":1}},"line":27},"2":{"name":"resolveSpeciess","decl":{"start":{"line":37,"column":9},"end":{"line":37,"column":24}},"loc":{"start":{"line":37,"column":35},"end":{"line":43,"column":1}},"line":37}},"branchMap":{"0":{"loc":{"start":{"line":28,"column":2},"end":{"line":30,"column":3}},"type":"if","locations":[{"start":{"line":28,"column":2},"end":{"line":30,"column":3}},{"start":{"line":28,"column":2},"end":{"line":30,"column":3}}],"line":28},"1":{"loc":{"start":{"line":38,"column":2},"end":{"line":40,"column":3}},"type":"if","locations":[{"start":{"line":38,"column":2},"end":{"line":40,"column":3}},{"start":{"line":38,"column":2},"end":{"line":40,"column":3}}],"line":38},"2":{"loc":{"start":{"line":38,"column":6},"end":{"line":38,"column":35}},"type":"binary-expr","locations":[{"start":{"line":38,"column":6},"end":{"line":38,"column":15}},{"start":{"line":38,"column":19},"end":{"line":38,"column":35}}],"line":38}},"s":{"0":2,"1":2,"2":2,"3":2,"4":2,"5":3,"6":0,"7":0,"8":0,"9":0,"10":0,"11":0},"f":{"0":3,"1":0,"2":0},"b":{"0":[0,0],"1":[0,0],"2":[0,0]},"_coverageSchema":"43e27e138ebf9cfc5966b082cf9a028302ed4184","hash":"55cce401798a7b70695e7f8157c5b4f66ee4d290"}
,"C:\\Users\\degor\\Documents\\tools\\jenkins\\starwars-api-jenkins\\server\\lib\\graphql\\resolvers\\starships\\core.js": {"path":"C:\\Users\\degor\\Documents\\tools\\jenkins\\starwars-api-jenkins\\server\\lib\\graphql\\resolvers\\starships\\core.js","statementMap":{"0":{"start":{"line":3,"column":0},"end":{"line":5,"column":3}},"1":{"start":{"line":6,"column":0},"end":{"line":6,"column":36}},"2":{"start":{"line":7,"column":0},"end":{"line":7,"column":40}},"3":{"start":{"line":9,"column":15},"end":{"line":9,"column":35}},"4":{"start":{"line":11,"column":20},"end":{"line":11,"column":44}},"5":{"start":{"line":14,"column":2},"end":{"line":22,"column":5}},"6":{"start":{"line":15,"column":4},"end":{"line":19,"column":5}},"7":{"start":{"line":16,"column":6},"end":{"line":18,"column":10}},"8":{"start":{"line":21,"column":4},"end":{"line":21,"column":51}},"9":{"start":{"line":26,"column":2},"end":{"line":29,"column":5}},"10":{"start":{"line":27,"column":4},"end":{"line":27,"column":33}},"11":{"start":{"line":27,"column":21},"end":{"line":27,"column":33}},"12":{"start":{"line":28,"column":4},"end":{"line":28,"column":57}}},"fnMap":{"0":{"name":"loadStarship","decl":{"start":{"line":13,"column":9},"end":{"line":13,"column":21}},"loc":{"start":{"line":13,"column":45},"end":{"line":23,"column":1}},"line":13},"1":{"name":"(anonymous_1)","decl":{"start":{"line":14,"column":63},"end":{"line":14,"column":64}},"loc":{"start":{"line":14,"column":75},"end":{"line":22,"column":3}},"line":14},"2":{"name":"loadStarshipDB","decl":{"start":{"line":25,"column":9},"end":{"line":25,"column":23}},"loc":{"start":{"line":25,"column":41},"end":{"line":30,"column":1}},"line":25},"3":{"name":"(anonymous_3)","decl":{"start":{"line":26,"column":70},"end":{"line":26,"column":71}},"loc":{"start":{"line":26,"column":84},"end":{"line":29,"column":3}},"line":26}},"branchMap":{"0":{"loc":{"start":{"line":15,"column":4},"end":{"line":19,"column":5}},"type":"if","locations":[{"start":{"line":15,"column":4},"end":{"line":19,"column":5}},{"start":{"line":15,"column":4},"end":{"line":19,"column":5}}],"line":15},"1":{"loc":{"start":{"line":27,"column":4},"end":{"line":27,"column":33}},"type":"if","locations":[{"start":{"line":27,"column":4},"end":{"line":27,"column":33}},{"start":{"line":27,"column":4},"end":{"line":27,"column":33}}],"line":27}},"s":{"0":2,"1":2,"2":2,"3":2,"4":2,"5":4,"6":4,"7":1,"8":3,"9":0,"10":0,"11":0,"12":0},"f":{"0":4,"1":4,"2":0,"3":0},"b":{"0":[1,3],"1":[0,0]},"_coverageSchema":"43e27e138ebf9cfc5966b082cf9a028302ed4184","hash":"4d8a3d8b7a441be8e6218e67265a15981c8fc65e"}
,"C:\\Users\\degor\\Documents\\tools\\jenkins\\starwars-api-jenkins\\server\\lib\\graphql\\resolvers\\starships\\resolve.js": {"path":"C:\\Users\\degor\\Documents\\tools\\jenkins\\starwars-api-jenkins\\server\\lib\\graphql\\resolvers\\starships\\resolve.js","statementMap":{"0":{"start":{"line":3,"column":0},"end":{"line":5,"column":3}},"1":{"start":{"line":6,"column":0},"end":{"line":6,"column":44}},"2":{"start":{"line":7,"column":0},"end":{"line":7,"column":42}},"3":{"start":{"line":8,"column":0},"end":{"line":8,"column":50}},"4":{"start":{"line":10,"column":15},"end":{"line":10,"column":43}},"5":{"start":{"line":13,"column":2},"end":{"line":15,"column":3}},"6":{"start":{"line":14,"column":4},"end":{"line":14,"column":16}},"7":{"start":{"line":17,"column":2},"end":{"line":32,"column":4}},"8":{"start":{"line":36,"column":2},"end":{"line":38,"column":3}},"9":{"start":{"line":37,"column":4},"end":{"line":37,"column":14}},"10":{"start":{"line":40,"column":2},"end":{"line":40,"column":40}},"11":{"start":{"line":44,"column":2},"end":{"line":46,"column":3}},"12":{"start":{"line":45,"column":4},"end":{"line":45,"column":16}},"13":{"start":{"line":48,"column":2},"end":{"line":50,"column":4}}},"fnMap":{"0":{"name":"resolveStarship","decl":{"start":{"line":12,"column":9},"end":{"line":12,"column":24}},"loc":{"start":{"line":12,"column":35},"end":{"line":33,"column":1}},"line":12},"1":{"name":"resolveStarships","decl":{"start":{"line":35,"column":9},"end":{"line":35,"column":25}},"loc":{"start":{"line":35,"column":37},"end":{"line":41,"column":1}},"line":35},"2":{"name":"resolveStarshipMore","decl":{"start":{"line":43,"column":9},"end":{"line":43,"column":28}},"loc":{"start":{"line":43,"column":41},"end":{"line":51,"column":1}},"line":43}},"branchMap":{"0":{"loc":{"start":{"line":13,"column":2},"end":{"line":15,"column":3}},"type":"if","locations":[{"start":{"line":13,"column":2},"end":{"line":15,"column":3}},{"start":{"line":13,"column":2},"end":{"line":15,"column":3}}],"line":13},"1":{"loc":{"start":{"line":36,"column":2},"end":{"line":38,"column":3}},"type":"if","locations":[{"start":{"line":36,"column":2},"end":{"line":38,"column":3}},{"start":{"line":36,"column":2},"end":{"line":38,"column":3}}],"line":36},"2":{"loc":{"start":{"line":36,"column":6},"end":{"line":36,"column":37}},"type":"binary-expr","locations":[{"start":{"line":36,"column":6},"end":{"line":36,"column":16}},{"start":{"line":36,"column":20},"end":{"line":36,"column":37}}],"line":36},"3":{"loc":{"start":{"line":44,"column":2},"end":{"line":46,"column":3}},"type":"if","locations":[{"start":{"line":44,"column":2},"end":{"line":46,"column":3}},{"start":{"line":44,"column":2},"end":{"line":46,"column":3}}],"line":44}},"s":{"0":2,"1":2,"2":2,"3":2,"4":2,"5":3,"6":0,"7":3,"8":0,"9":0,"10":0,"11":0,"12":0,"13":0},"f":{"0":3,"1":0,"2":0},"b":{"0":[0,3],"1":[0,0],"2":[0,0],"3":[0,0]},"_coverageSchema":"43e27e138ebf9cfc5966b082cf9a028302ed4184","hash":"080ffc2f846f43c43d2ad7c4736a178395e8966f"}
,"C:\\Users\\degor\\Documents\\tools\\jenkins\\starwars-api-jenkins\\server\\lib\\graphql\\resolvers\\test\\index.js": {"path":"C:\\Users\\degor\\Documents\\tools\\jenkins\\starwars-api-jenkins\\server\\lib\\graphql\\resolvers\\test\\index.js","statementMap":{"0":{"start":{"line":3,"column":0},"end":{"line":5,"column":3}},"1":{"start":{"line":6,"column":0},"end":{"line":11,"column":3}},"2":{"start":{"line":9,"column":4},"end":{"line":9,"column":27}},"3":{"start":{"line":12,"column":0},"end":{"line":17,"column":3}},"4":{"start":{"line":15,"column":4},"end":{"line":15,"column":30}},"5":{"start":{"line":18,"column":0},"end":{"line":23,"column":3}},"6":{"start":{"line":21,"column":4},"end":{"line":21,"column":30}},"7":{"start":{"line":24,"column":0},"end":{"line":29,"column":3}},"8":{"start":{"line":27,"column":4},"end":{"line":27,"column":31}},"9":{"start":{"line":30,"column":0},"end":{"line":35,"column":3}},"10":{"start":{"line":33,"column":4},"end":{"line":33,"column":32}},"11":{"start":{"line":36,"column":0},"end":{"line":41,"column":3}},"12":{"start":{"line":39,"column":4},"end":{"line":39,"column":31}},"13":{"start":{"line":42,"column":0},"end":{"line":47,"column":3}},"14":{"start":{"line":45,"column":4},"end":{"line":45,"column":23}},"15":{"start":{"line":48,"column":0},"end":{"line":48,"column":83}},"16":{"start":{"line":50,"column":13},"end":{"line":50,"column":31}},"17":{"start":{"line":52,"column":26},"end":{"line":52,"column":57}},"18":{"start":{"line":54,"column":26},"end":{"line":54,"column":57}},"19":{"start":{"line":56,"column":26},"end":{"line":56,"column":57}},"20":{"start":{"line":58,"column":28},"end":{"line":58,"column":61}},"21":{"start":{"line":60,"column":27},"end":{"line":60,"column":59}},"22":{"start":{"line":62,"column":28},"end":{"line":62,"column":37}},"23":{"start":{"line":63,"column":0},"end":{"line":63,"column":62}},"24":{"start":{"line":64,"column":33},"end":{"line":64,"column":108}},"25":{"start":{"line":64,"column":47},"end":{"line":64,"column":107}},"26":{"start":{"line":65,"column":19},"end":{"line":65,"column":28}},"27":{"start":{"line":66,"column":0},"end":{"line":66,"column":53}},"28":{"start":{"line":67,"column":22},"end":{"line":67,"column":31}},"29":{"start":{"line":68,"column":0},"end":{"line":68,"column":56}},"30":{"start":{"line":69,"column":22},"end":{"line":69,"column":99}},"31":{"start":{"line":69,"column":39},"end":{"line":69,"column":98}},"32":{"start":{"line":70,"column":18},"end":{"line":70,"column":27}},"33":{"start":{"line":71,"column":0},"end":{"line":71,"column":48}},"34":{"start":{"line":72,"column":21},"end":{"line":72,"column":115}},"35":{"start":{"line":72,"column":43},"end":{"line":72,"column":114}},"36":{"start":{"line":73,"column":21},"end":{"line":73,"column":115}},"37":{"start":{"line":73,"column":43},"end":{"line":73,"column":114}},"38":{"start":{"line":74,"column":22},"end":{"line":74,"column":117}},"39":{"start":{"line":74,"column":44},"end":{"line":74,"column":116}},"40":{"start":{"line":75,"column":23},"end":{"line":75,"column":119}},"41":{"start":{"line":75,"column":45},"end":{"line":75,"column":118}},"42":{"start":{"line":76,"column":22},"end":{"line":76,"column":117}},"43":{"start":{"line":76,"column":44},"end":{"line":76,"column":116}},"44":{"start":{"line":77,"column":34},"end":{"line":85,"column":2}},"45":{"start":{"line":78,"column":2},"end":{"line":84,"column":5}},"46":{"start":{"line":86,"column":25},"end":{"line":91,"column":1}},"47":{"start":{"line":92,"column":22},"end":{"line":110,"column":1}},"48":{"start":{"line":111,"column":0},"end":{"line":111,"column":42}},"49":{"start":{"line":112,"column":17},"end":{"line":114,"column":1}},"50":{"start":{"line":113,"column":18},"end":{"line":113,"column":19}},"51":{"start":{"line":115,"column":0},"end":{"line":115,"column":28}},"52":{"start":{"line":116,"column":17},"end":{"line":116,"column":26}},"53":{"start":{"line":117,"column":29},"end":{"line":119,"column":3}},"54":{"start":{"line":117,"column":44},"end":{"line":119,"column":1}},"55":{"start":{"line":120,"column":0},"end":{"line":120,"column":52}}},"fnMap":{"0":{"name":"(anonymous_0)","decl":{"start":{"line":8,"column":7},"end":{"line":8,"column":8}},"loc":{"start":{"line":8,"column":19},"end":{"line":10,"column":3}},"line":8},"1":{"name":"(anonymous_1)","decl":{"start":{"line":14,"column":7},"end":{"line":14,"column":8}},"loc":{"start":{"line":14,"column":19},"end":{"line":16,"column":3}},"line":14},"2":{"name":"(anonymous_2)","decl":{"start":{"line":20,"column":7},"end":{"line":20,"column":8}},"loc":{"start":{"line":20,"column":19},"end":{"line":22,"column":3}},"line":20},"3":{"name":"(anonymous_3)","decl":{"start":{"line":26,"column":7},"end":{"line":26,"column":8}},"loc":{"start":{"line":26,"column":19},"end":{"line":28,"column":3}},"line":26},"4":{"name":"(anonymous_4)","decl":{"start":{"line":32,"column":7},"end":{"line":32,"column":8}},"loc":{"start":{"line":32,"column":19},"end":{"line":34,"column":3}},"line":32},"5":{"name":"(anonymous_5)","decl":{"start":{"line":38,"column":7},"end":{"line":38,"column":8}},"loc":{"start":{"line":38,"column":19},"end":{"line":40,"column":3}},"line":38},"6":{"name":"(anonymous_6)","decl":{"start":{"line":44,"column":7},"end":{"line":44,"column":8}},"loc":{"start":{"line":44,"column":19},"end":{"line":46,"column":3}},"line":44},"7":{"name":"(anonymous_7)","decl":{"start":{"line":64,"column":41},"end":{"line":64,"column":42}},"loc":{"start":{"line":64,"column":47},"end":{"line":64,"column":107}},"line":64},"8":{"name":"(anonymous_8)","decl":{"start":{"line":69,"column":30},"end":{"line":69,"column":31}},"loc":{"start":{"line":69,"column":39},"end":{"line":69,"column":98}},"line":69},"9":{"name":"(anonymous_9)","decl":{"start":{"line":72,"column":29},"end":{"line":72,"column":30}},"loc":{"start":{"line":72,"column":43},"end":{"line":72,"column":114}},"line":72},"10":{"name":"(anonymous_10)","decl":{"start":{"line":73,"column":29},"end":{"line":73,"column":30}},"loc":{"start":{"line":73,"column":43},"end":{"line":73,"column":114}},"line":73},"11":{"name":"(anonymous_11)","decl":{"start":{"line":74,"column":30},"end":{"line":74,"column":31}},"loc":{"start":{"line":74,"column":44},"end":{"line":74,"column":116}},"line":74},"12":{"name":"(anonymous_12)","decl":{"start":{"line":75,"column":31},"end":{"line":75,"column":32}},"loc":{"start":{"line":75,"column":45},"end":{"line":75,"column":118}},"line":75},"13":{"name":"(anonymous_13)","decl":{"start":{"line":76,"column":30},"end":{"line":76,"column":31}},"loc":{"start":{"line":76,"column":44},"end":{"line":76,"column":116}},"line":76},"14":{"name":"(anonymous_14)","decl":{"start":{"line":77,"column":42},"end":{"line":77,"column":43}},"loc":{"start":{"line":77,"column":48},"end":{"line":85,"column":1}},"line":77},"15":{"name":"(anonymous_15)","decl":{"start":{"line":113,"column":13},"end":{"line":113,"column":14}},"loc":{"start":{"line":113,"column":18},"end":{"line":113,"column":19}},"line":113},"16":{"name":"(anonymous_16)","decl":{"start":{"line":117,"column":37},"end":{"line":117,"column":38}},"loc":{"start":{"line":117,"column":44},"end":{"line":119,"column":1}},"line":117}},"branchMap":{"0":{"loc":{"start":{"line":64,"column":47},"end":{"line":64,"column":107}},"type":"cond-expr","locations":[{"start":{"line":64,"column":65},"end":{"line":64,"column":87}},{"start":{"line":64,"column":90},"end":{"line":64,"column":107}}],"line":64},"1":{"loc":{"start":{"line":69,"column":39},"end":{"line":69,"column":98}},"type":"cond-expr","locations":[{"start":{"line":69,"column":60},"end":{"line":69,"column":78}},{"start":{"line":69,"column":81},"end":{"line":69,"column":98}}],"line":69},"2":{"loc":{"start":{"line":72,"column":43},"end":{"line":72,"column":114}},"type":"cond-expr","locations":[{"start":{"line":72,"column":69},"end":{"line":72,"column":94}},{"start":{"line":72,"column":97},"end":{"line":72,"column":114}}],"line":72},"3":{"loc":{"start":{"line":73,"column":43},"end":{"line":73,"column":114}},"type":"cond-expr","locations":[{"start":{"line":73,"column":69},"end":{"line":73,"column":94}},{"start":{"line":73,"column":97},"end":{"line":73,"column":114}}],"line":73},"4":{"loc":{"start":{"line":74,"column":44},"end":{"line":74,"column":116}},"type":"cond-expr","locations":[{"start":{"line":74,"column":70},"end":{"line":74,"column":96}},{"start":{"line":74,"column":99},"end":{"line":74,"column":116}}],"line":74},"5":{"loc":{"start":{"line":75,"column":45},"end":{"line":75,"column":118}},"type":"cond-expr","locations":[{"start":{"line":75,"column":71},"end":{"line":75,"column":98}},{"start":{"line":75,"column":101},"end":{"line":75,"column":118}}],"line":75},"6":{"loc":{"start":{"line":76,"column":44},"end":{"line":76,"column":116}},"type":"cond-expr","locations":[{"start":{"line":76,"column":70},"end":{"line":76,"column":96}},{"start":{"line":76,"column":99},"end":{"line":76,"column":116}}],"line":76}},"s":{"0":5,"1":5,"2":10,"3":5,"4":4,"5":5,"6":2,"7":5,"8":2,"9":5,"10":2,"11":5,"12":2,"13":5,"14":2,"15":5,"16":5,"17":5,"18":5,"19":5,"20":5,"21":5,"22":5,"23":5,"24":5,"25":2,"26":5,"27":5,"28":5,"29":5,"30":5,"31":5,"32":5,"33":5,"34":5,"35":7,"36":5,"37":4,"38":5,"39":4,"40":5,"41":4,"42":5,"43":4,"44":5,"45":2,"46":5,"47":5,"48":5,"49":5,"50":12,"51":5,"52":5,"53":5,"54":6,"55":5},"f":{"0":10,"1":4,"2":2,"3":2,"4":2,"5":2,"6":2,"7":2,"8":5,"9":7,"10":4,"11":4,"12":4,"13":4,"14":2,"15":12,"16":6},"b":{"0":[1,1],"1":[3,2],"2":[5,2],"3":[3,1],"4":[3,1],"5":[3,1],"6":[3,1]},"_coverageSchema":"43e27e138ebf9cfc5966b082cf9a028302ed4184","hash":"307a315ccf7fa5539e97817be2494a6f7ed01cfa"}
,"C:\\Users\\degor\\Documents\\tools\\jenkins\\starwars-api-jenkins\\server\\lib\\graphql\\resolvers\\test\\model.js": {"path":"C:\\Users\\degor\\Documents\\tools\\jenkins\\starwars-api-jenkins\\server\\lib\\graphql\\resolvers\\test\\model.js","statementMap":{"0":{"start":{"line":3,"column":0},"end":{"line":5,"column":3}},"1":{"start":{"line":6,"column":0},"end":{"line":6,"column":352}},"2":{"start":{"line":7,"column":17},"end":{"line":10,"column":1}},"3":{"start":{"line":11,"column":0},"end":{"line":11,"column":28}},"4":{"start":{"line":12,"column":24},"end":{"line":12,"column":49}},"5":{"start":{"line":13,"column":0},"end":{"line":13,"column":42}},"6":{"start":{"line":14,"column":20},"end":{"line":24,"column":1}},"7":{"start":{"line":25,"column":0},"end":{"line":25,"column":34}},"8":{"start":{"line":26,"column":27},"end":{"line":26,"column":55}},"9":{"start":{"line":27,"column":0},"end":{"line":27,"column":48}},"10":{"start":{"line":28,"column":20},"end":{"line":39,"column":1}},"11":{"start":{"line":40,"column":0},"end":{"line":40,"column":34}},"12":{"start":{"line":41,"column":27},"end":{"line":41,"column":55}},"13":{"start":{"line":42,"column":0},"end":{"line":42,"column":48}},"14":{"start":{"line":43,"column":21},"end":{"line":54,"column":1}},"15":{"start":{"line":55,"column":0},"end":{"line":55,"column":36}},"16":{"start":{"line":56,"column":28},"end":{"line":56,"column":57}},"17":{"start":{"line":57,"column":0},"end":{"line":57,"column":50}},"18":{"start":{"line":58,"column":22},"end":{"line":73,"column":1}},"19":{"start":{"line":74,"column":0},"end":{"line":74,"column":38}},"20":{"start":{"line":75,"column":29},"end":{"line":75,"column":59}},"21":{"start":{"line":76,"column":0},"end":{"line":76,"column":52}},"22":{"start":{"line":77,"column":21},"end":{"line":90,"column":1}},"23":{"start":{"line":91,"column":0},"end":{"line":91,"column":36}},"24":{"start":{"line":92,"column":28},"end":{"line":92,"column":57}},"25":{"start":{"line":93,"column":0},"end":{"line":93,"column":50}},"26":{"start":{"line":94,"column":13},"end":{"line":97,"column":1}},"27":{"start":{"line":98,"column":0},"end":{"line":98,"column":20}},"28":{"start":{"line":99,"column":20},"end":{"line":99,"column":41}},"29":{"start":{"line":100,"column":0},"end":{"line":100,"column":34}}},"fnMap":{},"branchMap":{},"s":{"0":5,"1":5,"2":5,"3":5,"4":5,"5":5,"6":5,"7":5,"8":5,"9":5,"10":5,"11":5,"12":5,"13":5,"14":5,"15":5,"16":5,"17":5,"18":5,"19":5,"20":5,"21":5,"22":5,"23":5,"24":5,"25":5,"26":5,"27":5,"28":5,"29":5},"f":{},"b":{},"_coverageSchema":"43e27e138ebf9cfc5966b082cf9a028302ed4184","hash":"fb6471bf99c4f1c688b94eb64fa9fe3bfa5024a0"}
,"C:\\Users\\degor\\Documents\\tools\\jenkins\\starwars-api-jenkins\\server\\lib\\graphql\\resolvers\\test\\modelSearchPersons.js": {"path":"C:\\Users\\degor\\Documents\\tools\\jenkins\\starwars-api-jenkins\\server\\lib\\graphql\\resolvers\\test\\modelSearchPersons.js","statementMap":{"0":{"start":{"line":3,"column":0},"end":{"line":5,"column":3}},"1":{"start":{"line":6,"column":0},"end":{"line":6,"column":31}},"2":{"start":{"line":7,"column":22},"end":{"line":117,"column":2}},"3":{"start":{"line":118,"column":0},"end":{"line":118,"column":38}}},"fnMap":{},"branchMap":{},"s":{"0":5,"1":5,"2":5,"3":5},"f":{},"b":{},"_coverageSchema":"43e27e138ebf9cfc5966b082cf9a028302ed4184","hash":"436a12e6530db9b7cc8d9a76d6023a2f0346bdfb"}
,"C:\\Users\\degor\\Documents\\tools\\jenkins\\starwars-api-jenkins\\server\\lib\\graphql\\resolvers\\test\\modelSearchPlanets.js": {"path":"C:\\Users\\degor\\Documents\\tools\\jenkins\\starwars-api-jenkins\\server\\lib\\graphql\\resolvers\\test\\modelSearchPlanets.js","statementMap":{"0":{"start":{"line":3,"column":0},"end":{"line":5,"column":3}},"1":{"start":{"line":6,"column":0},"end":{"line":6,"column":31}},"2":{"start":{"line":7,"column":22},"end":{"line":293,"column":2}},"3":{"start":{"line":294,"column":0},"end":{"line":294,"column":38}}},"fnMap":{},"branchMap":{},"s":{"0":5,"1":5,"2":5,"3":5},"f":{},"b":{},"_coverageSchema":"43e27e138ebf9cfc5966b082cf9a028302ed4184","hash":"507af9ca18494aa52e796ae87ad6e6e3cd43a4b1"}
,"C:\\Users\\degor\\Documents\\tools\\jenkins\\starwars-api-jenkins\\server\\lib\\graphql\\resolvers\\test\\modelSearchSpecies.js": {"path":"C:\\Users\\degor\\Documents\\tools\\jenkins\\starwars-api-jenkins\\server\\lib\\graphql\\resolvers\\test\\modelSearchSpecies.js","statementMap":{"0":{"start":{"line":3,"column":0},"end":{"line":5,"column":3}},"1":{"start":{"line":6,"column":0},"end":{"line":6,"column":31}},"2":{"start":{"line":7,"column":22},"end":{"line":326,"column":2}},"3":{"start":{"line":327,"column":0},"end":{"line":327,"column":38}}},"fnMap":{},"branchMap":{},"s":{"0":5,"1":5,"2":5,"3":5},"f":{},"b":{},"_coverageSchema":"43e27e138ebf9cfc5966b082cf9a028302ed4184","hash":"ddcc0673c070921e80fe766f7930725ceaf4e6d9"}
,"C:\\Users\\degor\\Documents\\tools\\jenkins\\starwars-api-jenkins\\server\\lib\\graphql\\resolvers\\test\\modelSearchStarships.js": {"path":"C:\\Users\\degor\\Documents\\tools\\jenkins\\starwars-api-jenkins\\server\\lib\\graphql\\resolvers\\test\\modelSearchStarships.js","statementMap":{"0":{"start":{"line":3,"column":0},"end":{"line":5,"column":3}},"1":{"start":{"line":6,"column":0},"end":{"line":6,"column":33}},"2":{"start":{"line":7,"column":24},"end":{"line":292,"column":2}},"3":{"start":{"line":293,"column":0},"end":{"line":293,"column":42}}},"fnMap":{},"branchMap":{},"s":{"0":5,"1":5,"2":5,"3":5},"f":{},"b":{},"_coverageSchema":"43e27e138ebf9cfc5966b082cf9a028302ed4184","hash":"6bbda5afc03744d70f41eaf3d837a11d22c07d7c"}
,"C:\\Users\\degor\\Documents\\tools\\jenkins\\starwars-api-jenkins\\server\\lib\\graphql\\resolvers\\test\\modelSearchVehicles.js": {"path":"C:\\Users\\degor\\Documents\\tools\\jenkins\\starwars-api-jenkins\\server\\lib\\graphql\\resolvers\\test\\modelSearchVehicles.js","statementMap":{"0":{"start":{"line":3,"column":0},"end":{"line":5,"column":3}},"1":{"start":{"line":6,"column":0},"end":{"line":6,"column":32}},"2":{"start":{"line":7,"column":23},"end":{"line":384,"column":2}},"3":{"start":{"line":385,"column":0},"end":{"line":385,"column":40}}},"fnMap":{},"branchMap":{},"s":{"0":5,"1":5,"2":5,"3":5},"f":{},"b":{},"_coverageSchema":"43e27e138ebf9cfc5966b082cf9a028302ed4184","hash":"4f13817d278c3b8dc2530dedd229b843f4e2a6d6"}
,"C:\\Users\\degor\\Documents\\tools\\jenkins\\starwars-api-jenkins\\server\\lib\\graphql\\resolvers\\utils\\utils.js": {"path":"C:\\Users\\degor\\Documents\\tools\\jenkins\\starwars-api-jenkins\\server\\lib\\graphql\\resolvers\\utils\\utils.js","statementMap":{"0":{"start":{"line":3,"column":0},"end":{"line":5,"column":3}},"1":{"start":{"line":6,"column":0},"end":{"line":6,"column":32}},"2":{"start":{"line":7,"column":0},"end":{"line":7,"column":34}},"3":{"start":{"line":8,"column":0},"end":{"line":8,"column":28}},"4":{"start":{"line":9,"column":0},"end":{"line":9,"column":42}},"5":{"start":{"line":10,"column":0},"end":{"line":10,"column":44}},"6":{"start":{"line":11,"column":0},"end":{"line":11,"column":26}},"7":{"start":{"line":13,"column":20},"end":{"line":13,"column":44}},"8":{"start":{"line":16,"column":2},"end":{"line":16,"column":33}},"9":{"start":{"line":20,"column":2},"end":{"line":20,"column":35}},"10":{"start":{"line":25,"column":4},"end":{"line":25,"column":24}},"11":{"start":{"line":29,"column":4},"end":{"line":29,"column":25}},"12":{"start":{"line":30,"column":4},"end":{"line":30,"column":27}},"13":{"start":{"line":34,"column":4},"end":{"line":34,"column":25}},"14":{"start":{"line":36,"column":4},"end":{"line":38,"column":5}},"15":{"start":{"line":37,"column":6},"end":{"line":37,"column":24}},"16":{"start":{"line":40,"column":4},"end":{"line":43,"column":7}},"17":{"start":{"line":48,"column":0},"end":{"line":48,"column":28}},"18":{"start":{"line":51,"column":16},"end":{"line":56,"column":28}},"19":{"start":{"line":58,"column":2},"end":{"line":58,"column":29}},"20":{"start":{"line":62,"column":2},"end":{"line":72,"column":4}},"21":{"start":{"line":63,"column":4},"end":{"line":69,"column":5}},"22":{"start":{"line":64,"column":6},"end":{"line":66,"column":7}},"23":{"start":{"line":65,"column":8},"end":{"line":65,"column":32}},"24":{"start":{"line":68,"column":6},"end":{"line":68,"column":71}},"25":{"start":{"line":71,"column":4},"end":{"line":71,"column":49}},"26":{"start":{"line":76,"column":12},"end":{"line":76,"column":14}},"27":{"start":{"line":77,"column":2},"end":{"line":79,"column":5}},"28":{"start":{"line":78,"column":4},"end":{"line":78,"column":47}},"29":{"start":{"line":80,"column":2},"end":{"line":80,"column":13}}},"fnMap":{"0":{"name":"arrayEmpty","decl":{"start":{"line":15,"column":9},"end":{"line":15,"column":19}},"loc":{"start":{"line":15,"column":27},"end":{"line":17,"column":1}},"line":15},"1":{"name":"stringEmpty","decl":{"start":{"line":19,"column":9},"end":{"line":19,"column":20}},"loc":{"start":{"line":19,"column":29},"end":{"line":21,"column":1}},"line":19},"2":{"name":"(anonymous_2)","decl":{"start":{"line":24,"column":2},"end":{"line":24,"column":3}},"loc":{"start":{"line":24,"column":16},"end":{"line":26,"column":3}},"line":24},"3":{"name":"(anonymous_3)","decl":{"start":{"line":28,"column":2},"end":{"line":28,"column":3}},"loc":{"start":{"line":28,"column":27},"end":{"line":31,"column":3}},"line":28},"4":{"name":"(anonymous_4)","decl":{"start":{"line":33,"column":2},"end":{"line":33,"column":3}},"loc":{"start":{"line":33,"column":32},"end":{"line":44,"column":3}},"line":33},"5":{"name":"validURL","decl":{"start":{"line":50,"column":9},"end":{"line":50,"column":17}},"loc":{"start":{"line":50,"column":23},"end":{"line":59,"column":1}},"line":50},"6":{"name":"resolverPrivate","decl":{"start":{"line":61,"column":9},"end":{"line":61,"column":24}},"loc":{"start":{"line":61,"column":35},"end":{"line":73,"column":1}},"line":61},"7":{"name":"(anonymous_7)","decl":{"start":{"line":62,"column":9},"end":{"line":62,"column":10}},"loc":{"start":{"line":62,"column":48},"end":{"line":72,"column":3}},"line":62},"8":{"name":"resolversPrivate","decl":{"start":{"line":75,"column":9},"end":{"line":75,"column":25}},"loc":{"start":{"line":75,"column":37},"end":{"line":81,"column":1}},"line":75},"9":{"name":"(anonymous_9)","decl":{"start":{"line":77,"column":29},"end":{"line":77,"column":30}},"loc":{"start":{"line":77,"column":44},"end":{"line":79,"column":3}},"line":77}},"branchMap":{"0":{"loc":{"start":{"line":16,"column":9},"end":{"line":16,"column":32}},"type":"binary-expr","locations":[{"start":{"line":16,"column":9},"end":{"line":16,"column":15}},{"start":{"line":16,"column":19},"end":{"line":16,"column":32}}],"line":16},"1":{"loc":{"start":{"line":20,"column":9},"end":{"line":20,"column":34}},"type":"binary-expr","locations":[{"start":{"line":20,"column":9},"end":{"line":20,"column":16}},{"start":{"line":20,"column":20},"end":{"line":20,"column":34}}],"line":20},"2":{"loc":{"start":{"line":36,"column":4},"end":{"line":38,"column":5}},"type":"if","locations":[{"start":{"line":36,"column":4},"end":{"line":38,"column":5}},{"start":{"line":36,"column":4},"end":{"line":38,"column":5}}],"line":36},"3":{"loc":{"start":{"line":63,"column":4},"end":{"line":69,"column":5}},"type":"if","locations":[{"start":{"line":63,"column":4},"end":{"line":69,"column":5}},{"start":{"line":63,"column":4},"end":{"line":69,"column":5}}],"line":63},"4":{"loc":{"start":{"line":64,"column":6},"end":{"line":66,"column":7}},"type":"if","locations":[{"start":{"line":64,"column":6},"end":{"line":66,"column":7}},{"start":{"line":64,"column":6},"end":{"line":66,"column":7}}],"line":64}},"s":{"0":3,"1":3,"2":3,"3":3,"4":3,"5":3,"6":3,"7":3,"8":8,"9":13,"10":27,"11":3,"12":3,"13":3,"14":3,"15":2,"16":3,"17":3,"18":7,"19":7,"20":18,"21":18,"22":12,"23":6,"24":6,"25":6,"26":3,"27":3,"28":15,"29":3},"f":{"0":8,"1":13,"2":27,"3":3,"4":3,"5":7,"6":18,"7":18,"8":3,"9":15},"b":{"0":[8,5],"1":[13,8],"2":[2,1],"3":[12,6],"4":[6,6]},"_coverageSchema":"43e27e138ebf9cfc5966b082cf9a028302ed4184","hash":"a78a7b4fb0cb0a9ccf9419356d32f82a3f9c5935"}
,"C:\\Users\\degor\\Documents\\tools\\jenkins\\starwars-api-jenkins\\server\\lib\\graphql\\resolvers\\vehicles\\core.js": {"path":"C:\\Users\\degor\\Documents\\tools\\jenkins\\starwars-api-jenkins\\server\\lib\\graphql\\resolvers\\vehicles\\core.js","statementMap":{"0":{"start":{"line":3,"column":0},"end":{"line":5,"column":3}},"1":{"start":{"line":6,"column":0},"end":{"line":6,"column":34}},"2":{"start":{"line":7,"column":0},"end":{"line":7,"column":38}},"3":{"start":{"line":9,"column":15},"end":{"line":9,"column":35}},"4":{"start":{"line":11,"column":20},"end":{"line":11,"column":44}},"5":{"start":{"line":14,"column":2},"end":{"line":22,"column":5}},"6":{"start":{"line":15,"column":4},"end":{"line":19,"column":5}},"7":{"start":{"line":16,"column":6},"end":{"line":18,"column":10}},"8":{"start":{"line":21,"column":4},"end":{"line":21,"column":49}},"9":{"start":{"line":26,"column":2},"end":{"line":29,"column":5}},"10":{"start":{"line":27,"column":4},"end":{"line":27,"column":33}},"11":{"start":{"line":27,"column":21},"end":{"line":27,"column":33}},"12":{"start":{"line":28,"column":4},"end":{"line":28,"column":56}}},"fnMap":{"0":{"name":"loadVehicle","decl":{"start":{"line":13,"column":9},"end":{"line":13,"column":20}},"loc":{"start":{"line":13,"column":44},"end":{"line":23,"column":1}},"line":13},"1":{"name":"(anonymous_1)","decl":{"start":{"line":14,"column":62},"end":{"line":14,"column":63}},"loc":{"start":{"line":14,"column":73},"end":{"line":22,"column":3}},"line":14},"2":{"name":"loadVehicleDB","decl":{"start":{"line":25,"column":9},"end":{"line":25,"column":22}},"loc":{"start":{"line":25,"column":40},"end":{"line":30,"column":1}},"line":25},"3":{"name":"(anonymous_3)","decl":{"start":{"line":26,"column":69},"end":{"line":26,"column":70}},"loc":{"start":{"line":26,"column":83},"end":{"line":29,"column":3}},"line":26}},"branchMap":{"0":{"loc":{"start":{"line":15,"column":4},"end":{"line":19,"column":5}},"type":"if","locations":[{"start":{"line":15,"column":4},"end":{"line":19,"column":5}},{"start":{"line":15,"column":4},"end":{"line":19,"column":5}}],"line":15},"1":{"loc":{"start":{"line":27,"column":4},"end":{"line":27,"column":33}},"type":"if","locations":[{"start":{"line":27,"column":4},"end":{"line":27,"column":33}},{"start":{"line":27,"column":4},"end":{"line":27,"column":33}}],"line":27}},"s":{"0":2,"1":2,"2":2,"3":2,"4":2,"5":4,"6":4,"7":1,"8":3,"9":0,"10":0,"11":0,"12":0},"f":{"0":4,"1":4,"2":0,"3":0},"b":{"0":[1,3],"1":[0,0]},"_coverageSchema":"43e27e138ebf9cfc5966b082cf9a028302ed4184","hash":"79ef00a2f23765595f252ae5d31d83efd49c8ed5"}
,"C:\\Users\\degor\\Documents\\tools\\jenkins\\starwars-api-jenkins\\server\\lib\\graphql\\resolvers\\vehicles\\resolve.js": {"path":"C:\\Users\\degor\\Documents\\tools\\jenkins\\starwars-api-jenkins\\server\\lib\\graphql\\resolvers\\vehicles\\resolve.js","statementMap":{"0":{"start":{"line":3,"column":0},"end":{"line":5,"column":3}},"1":{"start":{"line":6,"column":0},"end":{"line":6,"column":42}},"2":{"start":{"line":7,"column":0},"end":{"line":7,"column":40}},"3":{"start":{"line":8,"column":0},"end":{"line":8,"column":48}},"4":{"start":{"line":10,"column":15},"end":{"line":10,"column":43}},"5":{"start":{"line":13,"column":2},"end":{"line":15,"column":3}},"6":{"start":{"line":14,"column":4},"end":{"line":14,"column":16}},"7":{"start":{"line":17,"column":2},"end":{"line":30,"column":4}},"8":{"start":{"line":34,"column":2},"end":{"line":36,"column":3}},"9":{"start":{"line":35,"column":4},"end":{"line":35,"column":14}},"10":{"start":{"line":38,"column":2},"end":{"line":38,"column":38}},"11":{"start":{"line":42,"column":2},"end":{"line":44,"column":3}},"12":{"start":{"line":43,"column":4},"end":{"line":43,"column":16}},"13":{"start":{"line":46,"column":2},"end":{"line":48,"column":4}}},"fnMap":{"0":{"name":"resolveVehicle","decl":{"start":{"line":12,"column":9},"end":{"line":12,"column":23}},"loc":{"start":{"line":12,"column":33},"end":{"line":31,"column":1}},"line":12},"1":{"name":"resolveVehicles","decl":{"start":{"line":33,"column":9},"end":{"line":33,"column":24}},"loc":{"start":{"line":33,"column":35},"end":{"line":39,"column":1}},"line":33},"2":{"name":"resolveVehicleMore","decl":{"start":{"line":41,"column":9},"end":{"line":41,"column":27}},"loc":{"start":{"line":41,"column":39},"end":{"line":49,"column":1}},"line":41}},"branchMap":{"0":{"loc":{"start":{"line":13,"column":2},"end":{"line":15,"column":3}},"type":"if","locations":[{"start":{"line":13,"column":2},"end":{"line":15,"column":3}},{"start":{"line":13,"column":2},"end":{"line":15,"column":3}}],"line":13},"1":{"loc":{"start":{"line":34,"column":2},"end":{"line":36,"column":3}},"type":"if","locations":[{"start":{"line":34,"column":2},"end":{"line":36,"column":3}},{"start":{"line":34,"column":2},"end":{"line":36,"column":3}}],"line":34},"2":{"loc":{"start":{"line":34,"column":6},"end":{"line":34,"column":35}},"type":"binary-expr","locations":[{"start":{"line":34,"column":6},"end":{"line":34,"column":15}},{"start":{"line":34,"column":19},"end":{"line":34,"column":35}}],"line":34},"3":{"loc":{"start":{"line":42,"column":2},"end":{"line":44,"column":3}},"type":"if","locations":[{"start":{"line":42,"column":2},"end":{"line":44,"column":3}},{"start":{"line":42,"column":2},"end":{"line":44,"column":3}}],"line":42}},"s":{"0":2,"1":2,"2":2,"3":2,"4":2,"5":3,"6":0,"7":3,"8":0,"9":0,"10":0,"11":0,"12":0,"13":0},"f":{"0":3,"1":0,"2":0},"b":{"0":[0,3],"1":[0,0],"2":[0,0],"3":[0,0]},"_coverageSchema":"43e27e138ebf9cfc5966b082cf9a028302ed4184","hash":"327983ba236c38e3bd9d73febead2893d31d6899"}
,"C:\\Users\\degor\\Documents\\tools\\jenkins\\starwars-api-jenkins\\server\\src\\graphql\\resolvers\\commun\\images.js": {"path":"C:\\Users\\degor\\Documents\\tools\\jenkins\\starwars-api-jenkins\\server\\src\\graphql\\resolvers\\commun\\images.js","statementMap":{"0":{"start":{"line":6,"column":4},"end":{"line":18,"column":5}},"1":{"start":{"line":7,"column":26},"end":{"line":7,"column":46}},"2":{"start":{"line":8,"column":8},"end":{"line":10,"column":9}},"3":{"start":{"line":9,"column":12},"end":{"line":9,"column":95}},"4":{"start":{"line":11,"column":28},"end":{"line":11,"column":67}},"5":{"start":{"line":12,"column":23},"end":{"line":12,"column":41}},"6":{"start":{"line":13,"column":27},"end":{"line":13,"column":54}},"7":{"start":{"line":15,"column":22},"end":{"line":15,"column":87}},"8":{"start":{"line":16,"column":8},"end":{"line":16,"column":28}},"9":{"start":{"line":17,"column":8},"end":{"line":17,"column":26}}},"fnMap":{"0":{"name":"uploadImage","decl":{"start":{"line":5,"column":9},"end":{"line":5,"column":20}},"loc":{"start":{"line":5,"column":26},"end":{"line":19,"column":1}},"line":5},"1":{"name":"(anonymous_1)","decl":{"start":{"line":6,"column":11},"end":{"line":6,"column":12}},"loc":{"start":{"line":6,"column":66},"end":{"line":18,"column":5}},"line":6}},"branchMap":{"0":{"loc":{"start":{"line":8,"column":8},"end":{"line":10,"column":9}},"type":"if","locations":[{"start":{"line":8,"column":8},"end":{"line":10,"column":9}},{"start":{"line":8,"column":8},"end":{"line":10,"column":9}}],"line":8},"1":{"loc":{"start":{"line":15,"column":22},"end":{"line":15,"column":87}},"type":"binary-expr","locations":[{"start":{"line":15,"column":22},"end":{"line":15,"column":32}},{"start":{"line":15,"column":36},"end":{"line":15,"column":87}}],"line":15}},"s":{"0":8,"1":8,"2":8,"3":2,"4":6,"5":6,"6":6,"7":6,"8":6,"9":6},"f":{"0":8,"1":8},"b":{"0":[2,6],"1":[6,0]},"_coverageSchema":"43e27e138ebf9cfc5966b082cf9a028302ed4184","hash":"483047576f500dca9769aa3aed6977d3b147aeb9"}
,"C:\\Users\\degor\\Documents\\tools\\jenkins\\starwars-api-jenkins\\server\\src\\graphql\\resolvers\\commun\\mutation.js": {"path":"C:\\Users\\degor\\Documents\\tools\\jenkins\\starwars-api-jenkins\\server\\src\\graphql\\resolvers\\commun\\mutation.js","statementMap":{"0":{"start":{"line":6,"column":17},"end":{"line":59,"column":1}},"1":{"start":{"line":8,"column":23},"end":{"line":8,"column":37}},"2":{"start":{"line":9,"column":20},"end":{"line":9,"column":45}},"3":{"start":{"line":10,"column":8},"end":{"line":12,"column":9}},"4":{"start":{"line":11,"column":12},"end":{"line":11,"column":77}},"5":{"start":{"line":13,"column":8},"end":{"line":15,"column":9}},"6":{"start":{"line":14,"column":12},"end":{"line":14,"column":27}},"7":{"start":{"line":16,"column":8},"end":{"line":29,"column":27}},"8":{"start":{"line":21,"column":29},"end":{"line":25,"column":13}},"9":{"start":{"line":26,"column":12},"end":{"line":26,"column":91}},"10":{"start":{"line":32,"column":8},"end":{"line":38,"column":27}},"11":{"start":{"line":34,"column":12},"end":{"line":35,"column":79}},"12":{"start":{"line":41,"column":8},"end":{"line":57,"column":10}},"13":{"start":{"line":43,"column":12},"end":{"line":48,"column":13}},"14":{"start":{"line":44,"column":16},"end":{"line":47,"column":17}},"15":{"start":{"line":49,"column":12},"end":{"line":56,"column":50}},"16":{"start":{"line":51,"column":16},"end":{"line":54,"column":18}},"17":{"start":{"line":56,"column":27},"end":{"line":56,"column":48}}},"fnMap":{"0":{"name":"(anonymous_0)","decl":{"start":{"line":7,"column":15},"end":{"line":7,"column":16}},"loc":{"start":{"line":7,"column":61},"end":{"line":30,"column":5}},"line":7},"1":{"name":"(anonymous_1)","decl":{"start":{"line":20,"column":14},"end":{"line":20,"column":15}},"loc":{"start":{"line":20,"column":40},"end":{"line":27,"column":9}},"line":20},"2":{"name":"(anonymous_2)","decl":{"start":{"line":31,"column":18},"end":{"line":31,"column":19}},"loc":{"start":{"line":31,"column":61},"end":{"line":39,"column":5}},"line":31},"3":{"name":"(anonymous_3)","decl":{"start":{"line":33,"column":14},"end":{"line":33,"column":15}},"loc":{"start":{"line":33,"column":20},"end":{"line":36,"column":9}},"line":33},"4":{"name":"(anonymous_4)","decl":{"start":{"line":40,"column":13},"end":{"line":40,"column":14}},"loc":{"start":{"line":40,"column":62},"end":{"line":58,"column":5}},"line":40},"5":{"name":"(anonymous_5)","decl":{"start":{"line":42,"column":14},"end":{"line":42,"column":15}},"loc":{"start":{"line":42,"column":22},"end":{"line":57,"column":9}},"line":42},"6":{"name":"(anonymous_6)","decl":{"start":{"line":50,"column":18},"end":{"line":50,"column":19}},"loc":{"start":{"line":50,"column":34},"end":{"line":55,"column":13}},"line":50},"7":{"name":"(anonymous_7)","decl":{"start":{"line":56,"column":18},"end":{"line":56,"column":19}},"loc":{"start":{"line":56,"column":27},"end":{"line":56,"column":48}},"line":56}},"branchMap":{"0":{"loc":{"start":{"line":10,"column":8},"end":{"line":12,"column":9}},"type":"if","locations":[{"start":{"line":10,"column":8},"end":{"line":12,"column":9}},{"start":{"line":10,"column":8},"end":{"line":12,"column":9}}],"line":10},"1":{"loc":{"start":{"line":13,"column":8},"end":{"line":15,"column":9}},"type":"if","locations":[{"start":{"line":13,"column":8},"end":{"line":15,"column":9}},{"start":{"line":13,"column":8},"end":{"line":15,"colu
[...]
"column":0},"end":{"line":18,"column":54}},"2":{"start":{"line":20,"column":33},"end":{"line":20,"column":100}},"3":{"start":{"line":20,"column":47},"end":{"line":20,"column":99}},"4":{"start":{"line":22,"column":19},"end":{"line":22,"column":28}},"5":{"start":{"line":23,"column":0},"end":{"line":23,"column":45}},"6":{"start":{"line":25,"column":22},"end":{"line":25,"column":31}},"7":{"start":{"line":26,"column":0},"end":{"line":26,"column":48}},"8":{"start":{"line":28,"column":22},"end":{"line":28,"column":91}},"9":{"start":{"line":28,"column":39},"end":{"line":28,"column":90}},"10":{"start":{"line":30,"column":18},"end":{"line":30,"column":27}},"11":{"start":{"line":31,"column":0},"end":{"line":31,"column":40}},"12":{"start":{"line":33,"column":21},"end":{"line":33,"column":107}},"13":{"start":{"line":33,"column":43},"end":{"line":33,"column":106}},"14":{"start":{"line":35,"column":21},"end":{"line":35,"column":107}},"15":{"start":{"line":35,"column":43},"end":{"line":35,"column":106}},"16":{"start":{"line":37,"column":22},"end":{"line":37,"column":109}},"17":{"start":{"line":37,"column":44},"end":{"line":37,"column":108}},"18":{"start":{"line":39,"column":23},"end":{"line":39,"column":111}},"19":{"start":{"line":39,"column":45},"end":{"line":39,"column":110}},"20":{"start":{"line":41,"column":22},"end":{"line":41,"column":109}},"21":{"start":{"line":41,"column":44},"end":{"line":41,"column":108}},"22":{"start":{"line":43,"column":34},"end":{"line":49,"column":2}},"23":{"start":{"line":44,"column":4},"end":{"line":48,"column":6}},"24":{"start":{"line":51,"column":25},"end":{"line":56,"column":1}},"25":{"start":{"line":58,"column":22},"end":{"line":76,"column":1}},"26":{"start":{"line":78,"column":17},"end":{"line":80,"column":1}},"27":{"start":{"line":79,"column":20},"end":{"line":79,"column":21}},"28":{"start":{"line":82,"column":17},"end":{"line":82,"column":26}},"29":{"start":{"line":83,"column":29},"end":{"line":83,"column":62}},"30":{"start":{"line":83,"column":44},"end":{"line":83,"column":60}}},"fnMap":{"0":{"name":"(anonymous_0)","decl":{"start":{"line":20,"column":41},"end":{"line":20,"column":42}},"loc":{"start":{"line":20,"column":47},"end":{"line":20,"column":99}},"line":20},"1":{"name":"(anonymous_1)","decl":{"start":{"line":28,"column":30},"end":{"line":28,"column":31}},"loc":{"start":{"line":28,"column":39},"end":{"line":28,"column":90}},"line":28},"2":{"name":"(anonymous_2)","decl":{"start":{"line":33,"column":29},"end":{"line":33,"column":30}},"loc":{"start":{"line":33,"column":43},"end":{"line":33,"column":106}},"line":33},"3":{"name":"(anonymous_3)","decl":{"start":{"line":35,"column":29},"end":{"line":35,"column":30}},"loc":{"start":{"line":35,"column":43},"end":{"line":35,"column":106}},"line":35},"4":{"name":"(anonymous_4)","decl":{"start":{"line":37,"column":30},"end":{"line":37,"column":31}},"loc":{"start":{"line":37,"column":44},"end":{"line":37,"column":108}},"line":37},"5":{"name":"(anonymous_5)","decl":{"start":{"line":39,"column":31},"end":{"line":39,"column":32}},"loc":{"start":{"line":39,"column":45},"end":{"line":39,"column":110}},"line":39},"6":{"name":"(anonymous_6)","decl":{"start":{"line":41,"column":30},"end":{"line":41,"column":31}},"loc":{"start":{"line":41,"column":44},"end":{"line":41,"column":108}},"line":41},"7":{"name":"(anonymous_7)","decl":{"start":{"line":43,"column":42},"end":{"line":43,"column":43}},"loc":{"start":{"line":43,"column":48},"end":{"line":49,"column":1}},"line":43},"8":{"name":"(anonymous_8)","decl":{"start":{"line":79,"column":15},"end":{"line":79,"column":16}},"loc":{"start":{"line":79,"column":20},"end":{"line":79,"column":21}},"line":79},"9":{"name":"(anonymous_9)","decl":{"start":{"line":83,"column":37},"end":{"line":83,"column":38}},"loc":{"start":{"line":83,"column":44},"end":{"line":83,"column":60}},"line":83}},"branchMap":{"0":{"loc":{"start":{"line":20,"column":47},"end":{"line":20,"column":99}},"type":"cond-expr","locations":[{"start":{"line":20,"column":65},"end":{"line":20,"column":80}},{"start":{"line":20,"column":82},"end":{"line":20,"column":99}}],"line":20},"1":{"loc":{"start":{"line":28,"column":39},"end":{"line":28,"column":90}},"type":"cond-expr","locations":[{"start":{"line":28,"column":60},"end":{"line":28,"column":71}},{"start":{"line":28,"column":73},"end":{"line":28,"column":90}}],"line":28},"2":{"loc":{"start":{"line":33,"column":43},"end":{"line":33,"column":106}},"type":"cond-expr","locations":[{"start":{"line":33,"column":69},"end":{"line":33,"column":87}},{"start":{"line":33,"column":89},"end":{"line":33,"column":106}}],"line":33},"3":{"loc":{"start":{"line":35,"column":43},"end":{"line":35,"column":106}},"type":"cond-expr","locations":[{"start":{"line":35,"column":69},"end":{"line":35,"column":87}},{"start":{"line":35,"column":89},"end":{"line":35,"column":106}}],"line":35},"4":{"loc":{"start":{"line":37,"column":44},"end":{"line":37,"column":108}},"type":"cond-expr","locations":[{"start":{"line":37,"column":70},"end":{"line":37,"column":89}},{"start":{"line":37,"column":91},"end":{"line":37,"column":108}}],"line":37},"5":{"loc":{"start":{"line":39,"column":45},"end":{"line":39,"column":110}},"type":"cond-expr","locations":[{"start":{"line":39,"column":71},"end":{"line":39,"column":91}},{"start":{"line":39,"column":93},"end":{"line":39,"column":110}}],"line":39},"6":{"loc":{"start":{"line":41,"column":44},"end":{"line":41,"column":108}},"type":"cond-expr","locations":[{"start":{"line":41,"column":70},"end":{"line":41,"column":89}},{"start":{"line":41,"column":91},"end":{"line":41,"column":108}}],"line":41}},"s":{"0":5,"1":5,"2":5,"3":2,"4":5,"5":5,"6":5,"7":5,"8":5,"9":5,"10":5,"11":5,"12":5,"13":7,"14":5,"15":4,"16":5,"17":4,"18":5,"19":4,"20":5,"21":4,"22":5,"23":2,"24":5,"25":5,"26":5,"27":12,"28":5,"29":5,"30":6},"f":{"0":2,"1":5,"2":7,"3":4,"4":4,"5":4,"6":4,"7":2,"8":12,"9":6},"b":{"0":[1,1],"1":[3,2],"2":[5,2],"3":[3,1],"4":[3,1],"5":[3,1],"6":[3,1]},"_coverageSchema":"43e27e138ebf9cfc5966b082cf9a028302ed4184","hash":"ddfaba8bf1148375ec241bf030b977166f26cee7"}
,"C:\\Users\\degor\\Documents\\tools\\jenkins\\starwars-api-jenkins\\server\\src\\graphql\\resolvers\\test\\model.js": {"path":"C:\\Users\\degor\\Documents\\tools\\jenkins\\starwars-api-jenkins\\server\\src\\graphql\\resolvers\\test\\model.js","statementMap":{"0":{"start":{"line":1,"column":17},"end":{"line":1,"column":49}},"1":{"start":{"line":2,"column":24},"end":{"line":2,"column":49}},"2":{"start":{"line":4,"column":20},"end":{"line":14,"column":1}},"3":{"start":{"line":15,"column":27},"end":{"line":15,"column":55}},"4":{"start":{"line":17,"column":20},"end":{"line":28,"column":1}},"5":{"start":{"line":29,"column":27},"end":{"line":29,"column":55}},"6":{"start":{"line":31,"column":21},"end":{"line":42,"column":1}},"7":{"start":{"line":43,"column":28},"end":{"line":43,"column":57}},"8":{"start":{"line":45,"column":22},"end":{"line":60,"column":1}},"9":{"start":{"line":61,"column":29},"end":{"line":61,"column":59}},"10":{"start":{"line":63,"column":21},"end":{"line":76,"column":1}},"11":{"start":{"line":77,"column":28},"end":{"line":77,"column":57}},"12":{"start":{"line":79,"column":13},"end":{"line":82,"column":1}},"13":{"start":{"line":83,"column":20},"end":{"line":83,"column":41}}},"fnMap":{},"branchMap":{},"s":{"0":5,"1":5,"2":5,"3":5,"4":5,"5":5,"6":5,"7":5,"8":5,"9":5,"10":5,"11":5,"12":5,"13":5},"f":{},"b":{},"_coverageSchema":"43e27e138ebf9cfc5966b082cf9a028302ed4184","hash":"1faf71d1d59bcddb716b4e02e30629558a711780"}
,"C:\\Users\\degor\\Documents\\tools\\jenkins\\starwars-api-jenkins\\server\\src\\graphql\\resolvers\\test\\modelSearchPersons.js": {"path":"C:\\Users\\degor\\Documents\\tools\\jenkins\\starwars-api-jenkins\\server\\src\\graphql\\resolvers\\test\\modelSearchPersons.js","statementMap":{"0":{"start":{"line":1,"column":29},"end":{"line":114,"column":1}}},"fnMap":{},"branchMap":{},"s":{"0":5},"f":{},"b":{},"_coverageSchema":"43e27e138ebf9cfc5966b082cf9a028302ed4184","hash":"e3c9d71cc1e9a7ec65c60b14fc6970b803ad1ce3"}
,"C:\\Users\\degor\\Documents\\tools\\jenkins\\starwars-api-jenkins\\server\\src\\graphql\\resolvers\\test\\modelSearchPlanets.js": {"path":"C:\\Users\\degor\\Documents\\tools\\jenkins\\starwars-api-jenkins\\server\\src\\graphql\\resolvers\\test\\modelSearchPlanets.js","statementMap":{"0":{"start":{"line":1,"column":29},"end":{"line":261,"column":1}}},"fnMap":{},"branchMap":{},"s":{"0":5},"f":{},"b":{},"_coverageSchema":"43e27e138ebf9cfc5966b082cf9a028302ed4184","hash":"993802e21aa17ecc01c66783d8a3a38e4a7d337a"}
,"C:\\Users\\degor\\Documents\\tools\\jenkins\\starwars-api-jenkins\\server\\src\\graphql\\resolvers\\test\\modelSearchSpecies.js": {"path":"C:\\Users\\degor\\Documents\\tools\\jenkins\\starwars-api-jenkins\\server\\src\\graphql\\resolvers\\test\\modelSearchSpecies.js","statementMap":{"0":{"start":{"line":1,"column":29},"end":{"line":290,"column":23}}},"fnMap":{},"branchMap":{},"s":{"0":5},"f":{},"b":{},"_coverageSchema":"43e27e138ebf9cfc5966b082cf9a028302ed4184","hash":"7f4c5fba2d0069f8f5dc83cb8e0b06f5a5f7a8a7"}
,"C:\\Users\\degor\\Documents\\tools\\jenkins\\starwars-api-jenkins\\server\\src\\graphql\\resolvers\\test\\modelSearchStarships.js": {"path":"C:\\Users\\degor\\Documents\\tools\\jenkins\\starwars-api-jenkins\\server\\src\\graphql\\resolvers\\test\\modelSearchStarships.js","statementMap":{"0":{"start":{"line":1,"column":31},"end":{"line":268,"column":24}}},"fnMap":{},"branchMap":{},"s":{"0":5},"f":{},"b":{},"_coverageSchema":"43e27e138ebf9cfc5966b082cf9a028302ed4184","hash":"afe197d71013bb4d45688b8a984ffc6184d042d9"}
,"C:\\Users\\degor\\Documents\\tools\\jenkins\\starwars-api-jenkins\\server\\src\\graphql\\resolvers\\test\\modelSearchVehicles.js": {"path":"C:\\Users\\degor\\Documents\\tools\\jenkins\\starwars-api-jenkins\\server\\src\\graphql\\resolvers\\test\\modelSearchVehicles.js","statementMap":{"0":{"start":{"line":1,"column":30},"end":{"line":352,"column":24}}},"fnMap":{},"branchMap":{},"s":{"0":5},"f":{},"b":{},"_coverageSchema":"43e27e138ebf9cfc5966b082cf9a028302ed4184","hash":"8bbaa8996bdbd92a882b80486c728c36b5fe52ba"}
,"C:\\Users\\degor\\Documents\\tools\\jenkins\\starwars-api-jenkins\\server\\src\\graphql\\resolvers\\utils\\utils.js": {"path":"C:\\Users\\degor\\Documents\\tools\\jenkins\\starwars-api-jenkins\\server\\src\\graphql\\resolvers\\utils\\utils.js","statementMap":{"0":{"start":{"line":4,"column":4},"end":{"line":4,"column":34}},"1":{"start":{"line":8,"column":4},"end":{"line":8,"column":36}},"2":{"start":{"line":13,"column":8},"end":{"line":13,"column":27}},"3":{"start":{"line":17,"column":8},"end":{"line":17,"column":28}},"4":{"start":{"line":18,"column":8},"end":{"line":18,"column":30}},"5":{"start":{"line":22,"column":8},"end":{"line":22,"column":28}},"6":{"start":{"line":23,"column":8},"end":{"line":25,"column":9}},"7":{"start":{"line":24,"column":12},"end":{"line":24,"column":29}},"8":{"start":{"line":26,"column":8},"end":{"line":26,"column":41}},"9":{"start":{"line":31,"column":18},"end":{"line":36,"column":31}},"10":{"start":{"line":37,"column":4},"end":{"line":37,"column":31}},"11":{"start":{"line":41,"column":4},"end":{"line":49,"column":5}},"12":{"start":{"line":42,"column":8},"end":{"line":47,"column":9}},"13":{"start":{"line":43,"column":12},"end":{"line":45,"column":13}},"14":{"start":{"line":44,"column":16},"end":{"line":44,"column":39}},"15":{"start":{"line":46,"column":12},"end":{"line":46,"column":62}},"16":{"start":{"line":48,"column":8},"end":{"line":48,"column":52}},"17":{"start":{"line":53,"column":14},"end":{"line":53,"column":16}},"18":{"start":{"line":54,"column":4},"end":{"line":56,"column":6}},"19":{"start":{"line":55,"column":8},"end":{"line":55,"column":50}},"20":{"start":{"line":57,"column":4},"end":{"line":57,"column":14}}},"fnMap":{"0":{"name":"arrayEmpty","decl":{"start":{"line":3,"column":9},"end":{"line":3,"column":19}},"loc":{"start":{"line":3,"column":26},"end":{"line":5,"column":1}},"line":3},"1":{"name":"stringEmpty","decl":{"start":{"line":7,"column":9},"end":{"line":7,"column":20}},"loc":{"start":{"line":7,"column":28},"end":{"line":9,"column":1}},"line":7},"2":{"name":"(anonymous_2)","decl":{"start":{"line":12,"column":4},"end":{"line":12,"column":5}},"loc":{"start":{"line":12,"column":17},"end":{"line":14,"column":5}},"line":12},"3":{"name":"(anonymous_3)","decl":{"start":{"line":16,"column":4},"end":{"line":16,"column":5}},"loc":{"start":{"line":16,"column":28},"end":{"line":19,"column":5}},"line":16},"4":{"name":"(anonymous_4)","decl":{"start":{"line":21,"column":4},"end":{"line":21,"column":5}},"loc":{"start":{"line":21,"column":33},"end":{"line":27,"column":5}},"line":21},"5":{"name":"validURL","decl":{"start":{"line":30,"column":9},"end":{"line":30,"column":17}},"loc":{"start":{"line":30,"column":23},"end":{"line":38,"column":1}},"line":30},"6":{"name":"resolverPrivate","decl":{"start":{"line":40,"column":9},"end":{"line":40,"column":24}},"loc":{"start":{"line":40,"column":34},"end":{"line":50,"column":1}},"line":40},"7":{"name":"(anonymous_7)","decl":{"start":{"line":41,"column":11},"end":{"line":41,"column":12}},"loc":{"start":{"line":41,"column":48},"end":{"line":49,"column":5}},"line":41},"8":{"name":"resolversPrivate","decl":{"start":{"line":52,"column":9},"end":{"line":52,"column":25}},"loc":{"start":{"line":52,"column":36},"end":{"line":58,"column":1}},"line":52},"9":{"name":"(anonymous_9)","decl":{"start":{"line":54,"column":31},"end":{"line":54,"column":32}},"loc":{"start":{"line":54,"column":45},"end":{"line":56,"column":5}},"line":54}},"branchMap":{"0":{"loc":{"start":{"line":4,"column":11},"end":{"line":4,"column":34}},"type":"binary-expr","locations":[{"start":{"line":4,"column":11},"end":{"line":4,"column":17}},{"start":{"line":4,"column":21},"end":{"line":4,"column":34}}],"line":4},"1":{"loc":{"start":{"line":8,"column":11},"end":{"line":8,"column":36}},"type":"binary-expr","locations":[{"start":{"line":8,"column":11},"end":{"line":8,"column":18}},{"start":{"line":8,"column":22},"end":{"line":8,"column":36}}],"line":8},"2":{"loc":{"start":{"line":23,"column":8},"end":{"line":25,"column":9}},"type":"if","locations":[{"start":{"line":23,"column":8},"end":{"line":25,"column":9}},{"start":{"line":23,"column":8},"end":{"line":25,"column":9}}],"line":23},"3":{"loc":{"start":{"line":42,"column":8},"end":{"line":47,"column":9}},"type":"if","locations":[{"start":{"line":42,"column":8},"end":{"line":47,"column":9}},{"start":{"line":42,"column":8},"end":{"line":47,"column":9}}],"line":42},"4":{"loc":{"start":{"line":43,"column":12},"end":{"line":45,"column":13}},"type":"if","locations":[{"start":{"line":43,"column":12},"end":{"line":45,"column":13}},{"start":{"line":43,"column":12},"end":{"line":45,"column":13}}],"line":43}},"s":{"0":8,"1":13,"2":27,"3":3,"4":3,"5":3,"6":3,"7":2,"8":3,"9":7,"10":7,"11":18,"12":18,"13":12,"14":6,"15":6,"16":6,"17":3,"18":3,"19":15,"20":3},"f":{"0":8,"1":13,"2":27,"3":3,"4":3,"5":7,"6":18,"7":18,"8":3,"9":15},"b":{"0":[8,5],"1":[13,8],"2":[2,1],"3":[12,6],"4":[6,6]},"_coverageSchema":"43e27e138ebf9cfc5966b082cf9a028302ed4184","hash":"a72f8994190059efb78a8cce23c2febf36062da4"}
,"C:\\Users\\degor\\Documents\\tools\\jenkins\\starwars-api-jenkins\\server\\src\\graphql\\resolvers\\vehicles\\core.js": {"path":"C:\\Users\\degor\\Documents\\tools\\jenkins\\starwars-api-jenkins\\server\\src\\graphql\\resolvers\\vehicles\\core.js","statementMap":{"0":{"start":{"line":5,"column":4},"end":{"line":11,"column":6}},"1":{"start":{"line":7,"column":8},"end":{"line":9,"column":9}},"2":{"start":{"line":8,"column":12},"end":{"line":8,"column":89}},"3":{"start":{"line":10,"column":8},"end":{"line":10,"column":38}},"4":{"start":{"line":15,"column":4},"end":{"line":19,"column":6}},"5":{"start":{"line":17,"column":8},"end":{"line":17,"column":35}},"6":{"start":{"line":17,"column":24},"end":{"line":17,"column":35}},"7":{"start":{"line":18,"column":8},"end":{"line":18,"column":45}}},"fnMap":{"0":{"name":"loadVehicle","decl":{"start":{"line":4,"column":9},"end":{"line":4,"column":20}},"loc":{"start":{"line":4,"column":43},"end":{"line":12,"column":1}},"line":4},"1":{"name":"(anonymous_1)","decl":{"start":{"line":6,"column":10},"end":{"line":6,"column":11}},"loc":{"start":{"line":6,"column":21},"end":{"line":11,"column":5}},"line":6},"2":{"name":"loadVehicleDB","decl":{"start":{"line":14,"column":9},"end":{"line":14,"column":22}},"loc":{"start":{"line":14,"column":39},"end":{"line":20,"column":1}},"line":14},"3":{"name":"(anonymous_3)","decl":{"start":{"line":16,"column":10},"end":{"line":16,"column":11}},"loc":{"start":{"line":16,"column":24},"end":{"line":19,"column":5}},"line":16}},"branchMap":{"0":{"loc":{"start":{"line":7,"column":8},"end":{"line":9,"column":9}},"type":"if","locations":[{"start":{"line":7,"column":8},"end":{"line":9,"column":9}},{"start":{"line":7,"column":8},"end":{"line":9,"column":9}}],"line":7},"1":{"loc":{"start":{"line":17,"column":8},"end":{"line":17,"column":35}},"type":"if","locations":[{"start":{"line":17,"column":8},"end":{"line":17,"column":35}},{"start":{"line":17,"column":8},"end":{"line":17,"column":35}}],"line":17}},"s":{"0":4,"1":4,"2":1,"3":3,"4":0,"5":0,"6":0,"7":0},"f":{"0":4,"1":4,"2":0,"3":0},"b":{"0":[1,3],"1":[0,0]},"_coverageSchema":"43e27e138ebf9cfc5966b082cf9a028302ed4184","hash":"25d95d77a1d239262bd84f572a79fdf2a7386acc"}
,"C:\\Users\\degor\\Documents\\tools\\jenkins\\starwars-api-jenkins\\server\\src\\graphql\\resolvers\\vehicles\\resolve.js": {"path":"C:\\Users\\degor\\Documents\\tools\\jenkins\\starwars-api-jenkins\\server\\src\\graphql\\resolvers\\vehicles\\resolve.js","statementMap":{"0":{"start":{"line":4,"column":4},"end":{"line":6,"column":5}},"1":{"start":{"line":5,"column":8},"end":{"line":5,"column":19}},"2":{"start":{"line":7,"column":4},"end":{"line":20,"column":5}},"3":{"start":{"line":24,"column":4},"end":{"line":26,"column":5}},"4":{"start":{"line":25,"column":8},"end":{"line":25,"column":17}},"5":{"start":{"line":27,"column":4},"end":{"line":27,"column":39}},"6":{"start":{"line":31,"column":4},"end":{"line":33,"column":5}},"7":{"start":{"line":32,"column":8},"end":{"line":32,"column":19}},"8":{"start":{"line":34,"column":4},"end":{"line":36,"column":5}}},"fnMap":{"0":{"name":"resolveVehicle","decl":{"start":{"line":3,"column":9},"end":{"line":3,"column":23}},"loc":{"start":{"line":3,"column":32},"end":{"line":21,"column":1}},"line":3},"1":{"name":"resolveVehicles","decl":{"start":{"line":23,"column":9},"end":{"line":23,"column":24}},"loc":{"start":{"line":23,"column":34},"end":{"line":28,"column":1}},"line":23},"2":{"name":"resolveVehicleMore","decl":{"start":{"line":30,"column":9},"end":{"line":30,"column":27}},"loc":{"start":{"line":30,"column":38},"end":{"line":37,"column":1}},"line":30}},"branchMap":{"0":{"loc":{"start":{"line":4,"column":4},"end":{"line":6,"column":5}},"type":"if","locations":[{"start":{"line":4,"column":4},"end":{"line":6,"column":5}},{"start":{"line":4,"column":4},"end":{"line":6,"column":5}}],"line":4},"1":{"loc":{"start":{"line":24,"column":4},"end":{"line":26,"column":5}},"type":"if","locations":[{"start":{"line":24,"column":4},"end":{"line":26,"column":5}},{"start":{"line":24,"column":4},"end":{"line":26,"column":5}}],"line":24},"2":{"loc":{"start":{"line":24,"column":7},"end":{"line":24,"column":36}},"type":"binary-expr","locations":[{"start":{"line":24,"column":7},"end":{"line":24,"column":16}},{"start":{"line":24,"column":20},"end":{"line":24,"column":36}}],"line":24},"3":{"loc":{"start":{"line":31,"column":4},"end":{"line":33,"column":5}},"type":"if","locations":[{"start":{"line":31,"column":4},"end":{"line":33,"column":5}},{"start":{"line":31,"column":4},"end":{"line":33,"column":5}}],"line":31}},"s":{"0":3,"1":0,"2":3,"3":0,"4":0,"5":0,"6":0,"7":0,"8":0},"f":{"0":3,"1":0,"2":0},"b":{"0":[0,3],"1":[0,0],"2":[0,0],"3":[0,0]},"_coverageSchema":"43e27e138ebf9cfc5966b082cf9a028302ed4184","hash":"73af8da51dc1d2acafa73b123e4198a493deb605"}
}
