TN:
SF:C:\Users\degor\Documents\tools\jenkins\starwars-api-jenkins\commun\images.js
FN:3,mimeAccept
FNF:1
FNH:1
FNDA:21,mimeAccept
DA:1,5
DA:4,21
DA:5,21
DA:8,5
LF:4
LH:4
BRDA:5,0,0,14
BRDA:5,0,1,7
BRF:2
BRH:2
end_of_record
TN:
SF:C:\Users\degor\Documents\tools\jenkins\starwars-api-jenkins\server\lib\graphql\resolvers\commun\images.js
FN:14,_interopRequireDefault
FN:16,uploadImage
FN:17,(anonymous_2)
FNF:3
FNH:3
FNDA:4,_interopRequireDefault
FNDA:8,uploadImage
FNDA:8,(anonymous_2)
DA:3,2
DA:6,2
DA:8,2
DA:10,2
DA:12,2
DA:14,4
DA:17,8
DA:23,8
DA:25,8
DA:26,2
DA:31,6
DA:32,6
DA:33,6
DA:35,6
DA:37,6
DA:38,6
LF:16
LH:16
BRDA:14,0,0,0
BRDA:14,0,1,4
BRDA:14,1,0,4
BRDA:14,1,1,4
BRDA:25,2,0,2
BRDA:25,2,1,6
BRDA:35,3,0,6
BRDA:35,3,1,0
BRF:8
BRH:6
end_of_record
TN:
SF:C:\Users\degor\Documents\tools\jenkins\starwars-api-jenkins\server\lib\graphql\resolvers\commun\mutation.js
FN:18,_interopRequireDefault
FN:21,(anonymous_1)
FN:38,(anonymous_2)
FN:47,(anonymous_3)
FN:52,(anonymous_4)
FN:56,(anonymous_5)
FN:63,(anonymous_6)
FN:71,(anonymous_7)
FN:76,(anonymous_8)
FNF:9
FNH:9
FNDA:1,_interopRequireDefault
FNDA:7,(anonymous_1)
FNDA:5,(anonymous_2)
FNDA:2,(anonymous_3)
FNDA:2,(anonymous_4)
FNDA:2,(anonymous_5)
FNDA:2,(anonymous_6)
FNDA:1,(anonymous_7)
FNDA:1,(anonymous_8)
DA:3,1
DA:5,1
DA:8,1
DA:10,1
DA:12,1
DA:14,1
DA:16,1
DA:18,1
DA:20,1
DA:27,7
DA:28,7
DA:30,7
DA:31,1
DA:34,7
DA:35,1
DA:38,6
DA:39,5
DA:44,5
DA:52,2
DA:53,2
DA:63,2
DA:64,2
DA:65,1
DA:71,1
DA:72,1
DA:76,1
DA:83,1
DA:84,1
LF:28
LH:28
BRDA:18,0,0,0
BRDA:18,0,1,1
BRDA:18,1,0,1
BRDA:18,1,1,1
BRDA:30,2,0,1
BRDA:30,2,1,6
BRDA:34,3,0,1
BRDA:34,3,1,6
BRDA:64,4,0,1
BRDA:64,4,1,1
BRF:10
BRH:9
end_of_record
TN:
SF:C:\Users\degor\Documents\tools\jenkins\starwars-api-jenkins\server\lib\graphql\resolvers\commun\query.js
FN:12,_interopRequireDefault
FN:14,addType
FN:15,(anonymous_2)
FN:21,(anonymous_3)
FN:26,(anonymous_4)
FN:36,(anonymous_5)
FN:44,(anonymous_6)
FN:52,(anonymous_7)
FN:69,(anonymous_8)
FN:86,(anonymous_9)
FNF:10
FNH:9
FNDA:1,_interopRequireDefault
FNDA:10,addType
FNDA:1,(anonymous_2)
FNDA:2,(anonymous_3)
FNDA:2,(anonymous_4)
FNDA:3,(anonymous_5)
FNDA:3,(anonymous_6)
FNDA:2,(anonymous_7)
FNDA:2,(anonymous_8)
FNDA:0,(anonymous_9)
DA:3,1
DA:6,1
DA:8,1
DA:10,1
DA:12,1
DA:15,10
DA:20,1
DA:26,2
DA:33,2
DA:44,3
DA:45,3
DA:46,1
DA:52,2
DA:53,2
DA:54,1
DA:60,1
DA:61,1
DA:73,2
DA:74,1
DA:81,1
DA:90,0
DA:95,1
DA:96,1
LF:23
LH:22
BRDA:12,0,0,0
BRDA:12,0,1,1
BRDA:12,1,0,1
BRDA:12,1,1,1
BRDA:45,2,0,1
BRDA:45,2,1,2
BRDA:53,3,0,1
BRDA:53,3,1,1
BRDA:73,4,0,1
BRDA:73,4,1,1
BRF:10
BRH:9
end_of_record
TN:
SF:C:\Users\degor\Documents\tools\jenkins\starwars-api-jenkins\server\lib\graphql\resolvers\commun\resolve.js
FN:10,resolveImage
FN:19,resolveImages
FNF:2
FNH:1
FNDA:0,resolveImage
FNDA:1,resolveImages
DA:3,3
DA:5,3
DA:8,3
DA:11,0
DA:20,1
DA:21,1
DA:24,0
LF:7
LH:5
BRDA:20,0,0,1
BRDA:20,0,1,0
BRDA:20,1,0,1
BRDA:20,1,1,0
BRF:4
BRH:2
end_of_record
TN:
SF:C:\Users\degor\Documents\tools\jenkins\starwars-api-jenkins\server\lib\graphql\resolvers\commun\search.js
FN:10,_interopRequireDefault
FN:12,stringSimilar
FN:16,searchIn
FN:21,(anonymous_3)
FN:27,normalizeString
FNF:5
FNH:5
FNDA:2,_interopRequireDefault
FNDA:237,stringSimilar
FNDA:16,searchIn
FNDA:237,(anonymous_3)
FNDA:253,normalizeString
DA:3,2
DA:6,2
DA:8,2
DA:10,2
DA:13,237
DA:17,16
DA:18,16
DA:20,16
DA:21,237
DA:24,16
DA:28,253
LF:11
LH:11
BRDA:10,0,0,0
BRDA:10,0,1,2
BRDA:10,1,0,2
BRDA:10,1,1,2
BRDA:13,2,0,237
BRDA:13,2,1,231
BRDA:13,2,2,231
BRDA:13,2,3,230
BRDA:13,2,4,230
BRDA:20,3,0,14
BRDA:20,3,1,2
BRDA:21,4,0,237
BRDA:21,4,1,237
BRF:13
BRH:12
end_of_record
TN:
SF:C:\Users\degor\Documents\tools\jenkins\starwars-api-jenkins\server\lib\graphql\resolvers\commun\utils.js
FN:30,getContextObject
FN:52,getDataBaseObject
FN:62,getLoaderObject
FN:72,getOrCreateObject
FN:76,addImage
FN:80,returnObjectFull
FN:81,(anonymous_6)
FN:84,(anonymous_7)
FN:92,returnError
FNF:9
FNH:9
FNDA:54,getContextObject
FNDA:33,getDataBaseObject
FNDA:21,getLoaderObject
FNDA:16,getOrCreateObject
FNDA:15,addImage
FNDA:23,returnObjectFull
FNDA:21,(anonymous_6)
FNDA:16,(anonymous_7)
FNDA:2,returnError
DA:3,2
DA:6,2
DA:7,2
DA:8,2
DA:9,2
DA:10,2
DA:12,2
DA:14,2
DA:16,2
DA:18,2
DA:20,2
DA:22,2
DA:24,2
DA:25,2
DA:26,2
DA:27,2
DA:28,2
DA:31,54
DA:33,13
DA:36,10
DA:39,10
DA:42,10
DA:45,10
DA:48,1
DA:53,33
DA:63,21
DA:73,16
DA:77,15
DA:81,23
DA:84,21
DA:85,16
DA:86,16
DA:87,16
DA:93,2
DA:95,2
DA:96,2
LF:36
LH:36
BRDA:31,0,0,13
BRDA:31,0,1,10
BRDA:31,0,2,10
BRDA:31,0,3,10
BRDA:31,0,4,10
BRDA:31,0,5,1
BRF:6
BRH:6
end_of_record
TN:
SF:C:\Users\degor\Documents\tools\jenkins\starwars-api-jenkins\server\lib\graphql\resolvers\persons\core.js
FN:13,loadPerson
FN:14,(anonymous_1)
FN:25,loadPersonDB
FN:26,(anonymous_3)
FNF:4
FNH:4
FNDA:7,loadPerson
FNDA:7,(anonymous_1)
FNDA:2,loadPersonDB
FNDA:2,(anonymous_3)
DA:3,3
DA:6,3
DA:7,3
DA:9,3
DA:11,3
DA:14,7
DA:15,7
DA:16,2
DA:21,5
DA:26,2
DA:27,2
DA:28,1
DA:31,1
LF:13
LH:13
BRDA:15,0,0,2
BRDA:15,0,1,5
BRDA:27,1,0,1
BRDA:27,1,1,1
BRF:4
BRH:4
end_of_record
TN:
SF:C:\Users\degor\Documents\tools\jenkins\starwars-api-jenkins\server\lib\graphql\resolvers\persons\resolve.js
FN:12,resolvePerson
FN:26,resolvePersonMore
FN:36,resolvePersons
FNF:3
FNH:2
FNDA:5,resolvePerson
FNDA:1,resolvePersonMore
FNDA:0,resolvePersons
DA:3,3
DA:6,3
DA:7,3
DA:8,3
DA:10,3
DA:13,5
DA:27,1
DA:28,0
DA:31,1
DA:37,0
DA:38,0
DA:41,0
LF:12
LH:8
BRDA:27,0,0,0
BRDA:27,0,1,1
BRDA:37,1,0,0
BRDA:37,1,1,0
BRDA:37,2,0,0
BRDA:37,2,1,0
BRF:6
BRH:1
end_of_record
TN:
SF:C:\Users\degor\Documents\tools\jenkins\starwars-api-jenkins\server\lib\graphql\resolvers\planets\core.js
FN:13,loadPlanet
FN:14,(anonymous_1)
FN:25,loadPlanetDB
FN:26,(anonymous_3)
FNF:4
FNH:2
FNDA:4,loadPlanet
FNDA:4,(anonymous_1)
FNDA:0,loadPlanetDB
FNDA:0,(anonymous_3)
DA:3,2
DA:6,2
DA:7,2
DA:9,2
DA:11,2
DA:14,4
DA:15,4
DA:16,1
DA:21,3
DA:26,0
DA:27,0
DA:28,0
DA:31,0
LF:13
LH:9
BRDA:15,0,0,1
BRDA:15,0,1,3
BRDA:27,1,0,0
BRDA:27,1,1,0
BRF:4
BRH:2
end_of_record
TN:
SF:C:\Users\degor\Documents\tools\jenkins\starwars-api-jenkins\server\lib\graphql\resolvers\planets\resolve.js
FN:12,resolvePlanet
FN:31,resolvePlanets
FN:39,resolvePlanetMore
FNF:3
FNH:1
FNDA:3,resolvePlanet
FNDA:0,resolvePlanets
FNDA:0,resolvePlanetMore
DA:3,2
DA:6,2
DA:7,2
DA:8,2
DA:10,2
DA:13,3
DA:14,0
DA:17,3
DA:32,0
DA:33,0
DA:36,0
DA:40,0
DA:41,0
DA:44,0
LF:14
LH:7
BRDA:13,0,0,0
BRDA:13,0,1,3
BRDA:32,1,0,0
BRDA:32,1,1,0
BRDA:32,2,0,0
BRDA:32,2,1,0
BRDA:40,3,0,0
BRDA:40,3,1,0
BRF:8
BRH:1
end_of_record
TN:
SF:C:\Users\degor\Documents\tools\jenkins\starwars-api-jenkins\server\lib\graphql\resolvers\species\core.js
FN:13,loadSpecies
FN:14,(anonymous_1)
FN:25,loadSpeciesDB
FN:26,(anonymous_3)
FNF:4
FNH:2
FNDA:4,loadSpecies
FNDA:4,(anonymous_1)
FNDA:0,loadSpeciesDB
FNDA:0,(anonymous_3)
DA:3,2
DA:6,2
DA:7,2
DA:9,2
DA:11,2
DA:14,4
DA:15,4
DA:16,1
DA:21,3
DA:26,0
DA:27,0
DA:28,0
LF:12
LH:9
BRDA:15,0,0,1
BRDA:15,0,1,3
BRDA:27,1,0,0
BRDA:27,1,1,0
BRF:4
BRH:2
end_of_record
TN:
SF:C:\Users\degor\Documents\tools\jenkins\starwars-api-jenkins\server\lib\graphql\resolvers\species\resolve.js
FN:12,resolveSpecies
FN:27,resolveSpeciesMore
FN:37,resolveSpeciess
FNF:3
FNH:1
FNDA:3,resolveSpecies
FNDA:0,resolveSpeciesMore
FNDA:0,resolveSpeciess
DA:3,2
DA:6,2
DA:7,2
DA:8,2
DA:10,2
DA:13,3
DA:28,0
DA:29,0
DA:32,0
DA:38,0
DA:39,0
DA:42,0
LF:12
LH:6
BRDA:28,0,0,0
BRDA:28,0,1,0
BRDA:38,1,0,0
BRDA:38,1,1,0
BRDA:38,2,0,0
BRDA:38,2,1,0
BRF:6
BRH:0
end_of_record
TN:
SF:C:\Users\degor\Documents\tools\jenkins\starwars-api-jenkins\server\lib\graphql\resolvers\starships\core.js
FN:13,loadStarship
FN:14,(anonymous_1)
FN:25,loadStarshipDB
FN:26,(anonymous_3)
FNF:4
FNH:2
FNDA:4,loadStarship
FNDA:4,(anonymous_1)
FNDA:0,loadStarshipDB
FNDA:0,(anonymous_3)
DA:3,2
DA:6,2
DA:7,2
DA:9,2
DA:11,2
DA:14,4
DA:15,4
DA:16,1
DA:21,3
DA:26,0
DA:27,0
DA:28,0
LF:12
LH:9
BRDA:15,0,0,1
BRDA:15,0,1,3
BRDA:27,1,0,0
BRDA:27,1,1,0
BRF:4
BRH:2
end_of_record
TN:
SF:C:\Users\degor\Documents\tools\jenkins\starwars-api-jenkins\server\lib\graphql\resolvers\starships\resolve.js
FN:12,resolveStarship
FN:35,resolveStarships
FN:43,resolveStarshipMore
FNF:3
FNH:1
FNDA:3,resolveStarship
FNDA:0,resolveStarships
FNDA:0,resolveStarshipMore
DA:3,2
DA:6,2
DA:7,2
DA:8,2
DA:10,2
DA:13,3
DA:14,0
DA:17,3
DA:36,0
DA:37,0
DA:40,0
DA:44,0
DA:45,0
DA:48,0
LF:14
LH:7
BRDA:13,0,0,0
BRDA:13,0,1,3
BRDA:36,1,0,0
BRDA:36,1,1,0
BRDA:36,2,0,0
BRDA:36,2,1,0
BRDA:44,3,0,0
BRDA:44,3,1,0
BRF:8
BRH:1
end_of_record
TN:
SF:C:\Users\degor\Documents\tools\jenkins\starwars-api-jenkins\server\lib\graphql\resolvers\test\index.js
FN:8,(anonymous_0)
FN:14,(anonymous_1)
FN:20,(anonymous_2)
FN:26,(anonymous_3)
FN:32,(anonymous_4)
FN:38,(anonymous_5)
FN:44,(anonymous_6)
FN:64,(anonymous_7)
FN:69,(anonymous_8)
FN:72,(anonymous_9)
FN:73,(anonymous_10)
FN:74,(anonymous_11)
FN:75,(anonymous_12)
FN:76,(anonymous_13)
FN:77,(anonymous_14)
FN:113,(anonymous_15)
FN:117,(anonymous_16)
FNF:17
FNH:17
FNDA:10,(anonymous_0)
FNDA:4,(anonymous_1)
FNDA:2,(anonymous_2)
FNDA:2,(anonymous_3)
FNDA:2,(anonymous_4)
FNDA:2,(anonymous_5)
FNDA:2,(anonymous_6)
FNDA:2,(anonymous_7)
FNDA:5,(anonymous_8)
FNDA:7,(anonymous_9)
FNDA:4,(anonymous_10)
FNDA:4,(anonymous_11)
FNDA:4,(anonymous_12)
FNDA:4,(anonymous_13)
FNDA:2,(anonymous_14)
FNDA:12,(anonymous_15)
FNDA:6,(anonymous_16)
DA:3,5
DA:6,5
DA:9,10
DA:12,5
DA:15,4
DA:18,5
DA:21,2
DA:24,5
DA:27,2
DA:30,5
DA:33,2
DA:36,5
DA:39,2
DA:42,5
DA:45,2
DA:48,5
DA:50,5
DA:52,5
DA:54,5
DA:56,5
DA:58,5
DA:60,5
DA:62,5
DA:63,5
DA:64,5
DA:65,5
DA:66,5
DA:67,5
DA:68,5
DA:69,5
DA:70,5
DA:71,5
DA:72,7
DA:73,5
DA:74,5
DA:75,5
DA:76,5
DA:77,5
DA:78,2
DA:86,5
DA:92,5
DA:111,5
DA:112,5
DA:113,12
DA:115,5
DA:116,5
DA:117,6
DA:120,5
LF:48
LH:48
BRDA:64,0,0,1
BRDA:64,0,1,1
BRDA:69,1,0,3
BRDA:69,1,1,2
BRDA:72,2,0,5
BRDA:72,2,1,2
BRDA:73,3,0,3
BRDA:73,3,1,1
BRDA:74,4,0,3
BRDA:74,4,1,1
BRDA:75,5,0,3
BRDA:75,5,1,1
BRDA:76,6,0,3
BRDA:76,6,1,1
BRF:14
BRH:14
end_of_record
TN:
SF:C:\Users\degor\Documents\tools\jenkins\starwars-api-jenkins\server\lib\graphql\resolvers\test\model.js
FNF:0
FNH:0
DA:3,5
DA:6,5
DA:7,5
DA:11,5
DA:12,5
DA:13,5
DA:14,5
DA:25,5
DA:26,5
DA:27,5
DA:28,5
DA:40,5
DA:41,5
DA:42,5
DA:43,5
DA:55,5
DA:56,5
DA:57,5
DA:58,5
DA:74,5
DA:75,5
DA:76,5
DA:77,5
DA:91,5
DA:92,5
DA:93,5
DA:94,5
DA:98,5
DA:99,5
DA:100,5
LF:30
LH:30
BRF:0
BRH:0
end_of_record
TN:
SF:C:\Users\degor\Documents\tools\jenkins\starwars-api-jenkins\server\lib\graphql\resolvers\test\modelSearchPersons.js
FNF:0
FNH:0
DA:3,5
DA:6,5
DA:7,5
DA:118,5
LF:4
LH:4
BRF:0
BRH:0
end_of_record
TN:
SF:C:\Users\degor\Documents\tools\jenkins\starwars-api-jenkins\server\lib\graphql\resolvers\test\modelSearchPlanets.js
FNF:0
FNH:0
DA:3,5
DA:6,5
DA:7,5
DA:294,5
LF:4
LH:4
BRF:0
BRH:0
end_of_record
TN:
SF:C:\Users\degor\Documents\tools\jenkins\starwars-api-jenkins\server\lib\graphql\resolvers\test\modelSearchSpecies.js
FNF:0
FNH:0
DA:3,5
DA:6,5
DA:7,5
DA:327,5
LF:4
LH:4
BRF:0
BRH:0
end_of_record
TN:
SF:C:\Users\degor\Documents\tools\jenkins\starwars-api-jenkins\server\lib\graphql\resolvers\test\modelSearchStarships.js
FNF:0
FNH:0
DA:3,5
DA:6,5
DA:7,5
DA:293,5
LF:4
LH:4
BRF:0
BRH:0
end_of_record
TN:
SF:C:\Users\degor\Documents\tools\jenkins\starwars-api-jenkins\server\lib\graphql\resolvers\test\modelSearchVehicles.js
FNF:0
FNH:0
DA:3,5
DA:6,5
DA:7,5
DA:385,5
LF:4
LH:4
BRF:0
BRH:0
end_of_record
TN:
SF:C:\Users\degor\Documents\tools\jenkins\starwars-api-jenkins\server\lib\graphql\resolvers\utils\utils.js
FN:15,arrayEmpty
FN:19,stringEmpty
FN:24,(anonymous_2)
FN:28,(anonymous_3)
FN:33,(anonymous_4)
FN:50,validURL
FN:61,resolverPrivate
FN:62,(anonymous_7)
FN:75,resolversPrivate
FN:77,(anonymous_9)
FNF:10
FNH:10
FNDA:8,arrayEmpty
FNDA:13,stringEmpty
FNDA:27,(anonymous_2)
FNDA:3,(anonymous_3)
FNDA:3,(anonymous_4)
FNDA:7,validURL
FNDA:18,resolverPrivate
FNDA:18,(anonymous_7)
FNDA:3,resolversPrivate
FNDA:15,(anonymous_9)
DA:3,3
DA:6,3
DA:7,3
DA:8,3
DA:9,3
DA:10,3
DA:11,3
DA:13,3
DA:16,8
DA:20,13
DA:25,27
DA:29,3
DA:30,3
DA:34,3
DA:36,3
DA:37,2
DA:40,3
DA:48,3
DA:51,7
DA:58,7
DA:62,18
DA:63,18
DA:64,12
DA:65,6
DA:68,6
DA:71,6
DA:76,3
DA:77,3
DA:78,15
DA:80,3
LF:30
LH:30
BRDA:16,0,0,8
BRDA:16,0,1,5
BRDA:20,1,0,13
BRDA:20,1,1,8
BRDA:36,2,0,2
BRDA:36,2,1,1
BRDA:63,3,0,12
BRDA:63,3,1,6
BRDA:64,4,0,6
BRDA:64,4,1,6
BRF:10
BRH:10
end_of_record
TN:
SF:C:\Users\degor\Documents\tools\jenkins\starwars-api-jenkins\server\lib\graphql\resolvers\vehicles\core.js
FN:13,loadVehicle
FN:14,(anonymous_1)
FN:25,loadVehicleDB
FN:26,(anonymous_3)
FNF:4
FNH:2
FNDA:4,loadVehicle
FNDA:4,(anonymous_1)
FNDA:0,loadVehicleDB
FNDA:0,(anonymous_3)
DA:3,2
DA:6,2
DA:7,2
DA:9,2
DA:11,2
DA:14,4
DA:15,4
DA:16,1
DA:21,3
DA:26,0
DA:27,0
DA:28,0
LF:12
LH:9
BRDA:15,0,0,1
BRDA:15,0,1,3
BRDA:27,1,0,0
BRDA:27,1,1,0
BRF:4
BRH:2
end_of_record
TN:
SF:C:\Users\degor\Documents\tools\jenkins\starwars-api-jenkins\server\lib\graphql\resolvers\vehicles\resolve.js
FN:12,resolveVehicle
FN:33,resolveVehicles
FN:41,resolveVehicleMore
FNF:3
FNH:1
FNDA:3,resolveVehicle
FNDA:0,resolveVehicles
FNDA:0,resolveVehicleMore
DA:3,2
DA:6,2
DA:7,2
DA:8,2
DA:10,2
DA:13,3
DA:14,0
DA:17,3
DA:34,0
DA:35,0
DA:38,0
DA:42,0
DA:43,0
DA:46,0
LF:14
LH:7
BRDA:13,0,0,0
BRDA:13,0,1,3
BRDA:34,1,0,0
BRDA:34,1,1,0
BRDA:34,2,0,0
BRDA:34,2,1,0
BRDA:42,3,0,0
BRDA:42,3,1,0
BRF:8
BRH:1
end_of_record
TN:
SF:C:\Users\degor\Documents\tools\jenkins\starwars-api-jenkins\server\src\graphql\resolvers\commun\images.js
FN:5,uploadImage
FN:6,(anonymous_1)
FNF:2
FNH:2
FNDA:8,uploadImage
FNDA:8,(anonymous_1)
DA:6,8
DA:7,8
DA:8,8
DA:9,2
DA:11,6
DA:12,6
DA:13,6
DA:15,6
DA:16,6
DA:17,6
LF:10
LH:10
BRDA:8,0,0,2
BRDA:8,0,1,6
BRDA:15,1,0,6
BRDA:15,1,1,0
BRF:4
BRH:3
end_of_record
TN:
SF:C:\Users\degor\Documents\tools\jenkins\starwars-api-jenkins\server\src\graphql\resolvers\commun\mutation.js
FN:7,(anonymous_0)
FN:20,(anonymous_1)
FN:31,(anonymous_2)
FN:33,(anonymous_3)
FN:40,(anonymous_4)
FN:42,(anonymous_5)
FN:50,(anonymous_6)
FN:56,(anonymous_7)
FNF:8
FNH:8
FNDA:7,(anonymous_0)
FNDA:5,(anonymous_1)
FNDA:2,(anonymous_2)
FNDA:2,(anonymous_3)
FNDA:2,(anonymous_4)
FNDA:2,(anonymous_5)
FNDA:1,(anonymous_6)
FNDA:1,(anonymous_7)
DA:6,1
DA:8,7
DA:9,7
DA:10,7
DA:11,1
DA:13,7
DA:14,1
DA:16,6
DA:21,5
DA:26,5
DA:32,2
DA:34,2
DA:41,2
DA:43,2
DA:44,1
DA:49,1
DA:51,1
DA:56,1
LF:18
LH:18
BRDA:10,0,0,1
BRDA:10,0,1,6
BRDA:13,1,0,1
BRDA:13,1,1,6
BRDA:43,2,0,1
BRDA:43,2,1,1
BRF:6
BRH:6
end_of_record
TN:
SF:C:\Users\degor\Documents\tools\jenkins\starwars-api-jenkins\server\src\graphql\resolvers\commun\query.js
FN:4,addType
FN:6,(anonymous_1)
FN:11,(anonymous_2)
FN:13,(anonymous_3)
FN:24,(anonymous_4)
FN:26,(anonymous_5)
FN:34,(anonymous_6)
FN:50,(anonymous_7)
FN:64,(anonymous_8)
FNF:9
FNH:8
FNDA:10,addType
FNDA:1,(anonymous_1)
FNDA:2,(anonymous_2)
FNDA:2,(anonymous_3)
FNDA:3,(anonymous_4)
FNDA:3,(anonymous_5)
FNDA:2,(anonymous_6)
FNDA:2,(anonymous_7)
FNDA:0,(anonymous_8)
DA:5,10
DA:6,1
DA:10,1
DA:12,2
DA:14,2
DA:25,3
DA:27,3
DA:28,1
DA:33,2
DA:35,2
DA:36,1
DA:41,1
DA:42,1
DA:51,2
DA:52,1
DA:59,1
DA:65,0
LF:17
LH:16
BRDA:27,0,0,1
BRDA:27,0,1,2
BRDA:35,1,0,1
BRDA:35,1,1,1
BRDA:51,2,0,1
BRDA:51,2,1,1
BRF:6
BRH:6
end_of_record
TN:
SF:C:\Users\degor\Documents\tools\jenkins\starwars-api-jenkins\server\src\graphql\resolvers\commun\resolve.js
FN:1,resolveImage
FN:10,resolveImages
FNF:2
FNH:1
FNDA:0,resolveImage
FNDA:1,resolveImages
DA:2,0
DA:11,1
DA:12,1
DA:14,0
LF:4
LH:2
BRDA:11,0,0,1
BRDA:11,0,1,0
BRDA:11,1,0,1
BRDA:11,1,1,0
BRF:4
BRH:2
end_of_record
TN:
SF:C:\Users\degor\Documents\tools\jenkins\starwars-api-jenkins\server\src\graphql\resolvers\commun\search.js
FN:3,stringSimilar
FN:11,searchIn
FN:15,(anonymous_2)
FN:20,normalizeString
FNF:4
FNH:4
FNDA:237,stringSimilar
FNDA:16,searchIn
FNDA:237,(anonymous_2)
FNDA:253,normalizeString
DA:4,237
DA:12,16
DA:13,16
DA:14,16
DA:15,237
DA:17,16
DA:21,253
LF:7
LH:7
BRDA:4,0,0,237
BRDA:4,0,1,231
BRDA:4,0,2,231
BRDA:4,0,3,230
BRDA:4,0,4,230
BRDA:14,1,0,14
BRDA:14,1,1,2
BRDA:15,2,0,237
BRDA:15,2,1,237
BRF:9
BRH:9
end_of_record
TN:
SF:C:\Users\degor\Documents\tools\jenkins\starwars-api-jenkins\server\src\graphql\resolvers\commun\utils.js
FN:14,getContextObject
FN:31,getDataBaseObject
FN:41,getLoaderObject
FN:51,getOrCreateObject
FN:55,addImage
FN:59,returnObjectFull
FN:60,(anonymous_6)
FN:62,(anonymous_7)
FN:70,returnError
FNF:9
FNH:9
FNDA:54,getContextObject
FNDA:33,getDataBaseObject
FNDA:21,getLoaderObject
FNDA:16,getOrCreateObject
FNDA:15,addImage
FNDA:23,returnObjectFull
FNDA:21,(anonymous_6)
FNDA:16,(anonymous_7)
FNDA:2,returnError
DA:8,2
DA:9,2
DA:10,2
DA:11,2
DA:12,2
DA:15,54
DA:17,13
DA:19,10
DA:21,10
DA:23,10
DA:25,10
DA:27,1
DA:32,33
DA:42,21
DA:52,16
DA:56,15
DA:60,23
DA:61,21
DA:63,16
DA:64,16
DA:65,16
DA:71,2
DA:74,2
DA:75,2
LF:24
LH:24
BRDA:15,0,0,13
BRDA:15,0,1,10
BRDA:15,0,2,10
BRDA:15,0,3,10
BRDA:15,0,4,10
BRDA:15,0,5,1
BRF:6
BRH:6
end_of_record
TN:
SF:C:\Users\degor\Documents\tools\jenkins\starwars-api-jenkins\server\src\graphql\resolvers\persons\core.js
FN:4,loadPerson
FN:6,(anonymous_1)
FN:14,loadPersonDB
FN:16,(anonymous_3)
FNF:4
FNH:4
FNDA:7,loadPerson
FNDA:7,(anonymous_1)
FNDA:2,loadPersonDB
FNDA:2,(anonymous_3)
DA:5,7
DA:7,7
DA:8,2
DA:10,5
DA:15,2
DA:17,2
DA:18,1
DA:20,1
LF:8
LH:8
BRDA:7,0,0,2
BRDA:7,0,1,5
BRDA:17,1,0,1
BRDA:17,1,1,1
BRF:4
BRH:4
end_of_record
TN:
SF:C:\Users\degor\Documents\tools\jenkins\starwars-api-jenkins\server\src\graphql\resolvers\persons\resolve.js
FN:3,resolvePerson
FN:17,resolvePersonMore
FN:26,resolvePersons
FNF:3
FNH:2
FNDA:5,resolvePerson
FNDA:1,resolvePersonMore
FNDA:0,resolvePersons
DA:4,5
DA:18,1
DA:19,0
DA:21,1
DA:27,0
DA:28,0
DA:30,0
LF:7
LH:3
BRDA:18,0,0,0
BRDA:18,0,1,1
BRDA:27,1,0,0
BRDA:27,1,1,0
BRDA:27,2,0,0
BRDA:27,2,1,0
BRF:6
BRH:1
end_of_record
TN:
SF:C:\Users\degor\Documents\tools\jenkins\starwars-api-jenkins\server\src\graphql\resolvers\planets\core.js
FN:4,loadPlanet
FN:6,(anonymous_1)
FN:14,loadPlanetDB
FN:16,(anonymous_3)
FNF:4
FNH:2
FNDA:4,loadPlanet
FNDA:4,(anonymous_1)
FNDA:0,loadPlanetDB
FNDA:0,(anonymous_3)
DA:5,4
DA:7,4
DA:8,1
DA:10,3
DA:15,0
DA:17,0
DA:18,0
DA:20,0
LF:8
LH:4
BRDA:7,0,0,1
BRDA:7,0,1,3
BRDA:17,1,0,0
BRDA:17,1,1,0
BRF:4
BRH:2
end_of_record
TN:
SF:C:\Users\degor\Documents\tools\jenkins\starwars-api-jenkins\server\src\graphql\resolvers\planets\resolve.js
FN:3,resolvePlanet
FN:21,resolvePlanets
FN:28,resolvePlanetMore
FNF:3
FNH:1
FNDA:3,resolvePlanet
FNDA:0,resolvePlanets
FNDA:0,resolvePlanetMore
DA:4,3
DA:5,0
DA:7,3
DA:22,0
DA:23,0
DA:25,0
DA:29,0
DA:30,0
DA:32,0
LF:9
LH:2
BRDA:4,0,0,0
BRDA:4,0,1,3
BRDA:22,1,0,0
BRDA:22,1,1,0
BRDA:22,2,0,0
BRDA:22,2,1,0
BRDA:29,3,0,0
BRDA:29,3,1,0
BRF:8
BRH:1
end_of_record
TN:
SF:C:\Users\degor\Documents\tools\jenkins\starwars-api-jenkins\server\src\graphql\resolvers\species\core.js
FN:4,loadSpecies
FN:6,(anonymous_1)
FN:14,loadSpeciesDB
FN:16,(anonymous_3)
FNF:4
FNH:2
FNDA:4,loadSpecies
FNDA:4,(anonymous_1)
FNDA:0,loadSpeciesDB
FNDA:0,(anonymous_3)
DA:5,4
DA:7,4
DA:8,1
DA:10,3
DA:15,0
DA:17,0
DA:18,0
LF:7
LH:4
BRDA:7,0,0,1
BRDA:7,0,1,3
BRDA:17,1,0,0
BRDA:17,1,1,0
BRF:4
BRH:2
end_of_record
TN:
SF:C:\Users\degor\Documents\tools\jenkins\starwars-api-jenkins\server\src\graphql\resolvers\species\resolve.js
FN:3,resolveSpecies
FN:18,resolveSpeciesMore
FN:27,resolveSpeciess
FNF:3
FNH:1
FNDA:3,resolveSpecies
FNDA:0,resolveSpeciesMore
FNDA:0,resolveSpeciess
DA:4,3
DA:19,0
DA:20,0
DA:22,0
DA:28,0
DA:29,0
DA:31,0
LF:7
LH:1
BRDA:19,0,0,0
BRDA:19,0,1,0
BRDA:28,1,0,0
BRDA:28,1,1,0
BRDA:28,2,0,0
BRDA:28,2,1,0
BRF:6
BRH:0
end_of_record
TN:
SF:C:\Users\degor\Documents\tools\jenkins\starwars-api-jenkins\server\src\graphql\resolvers\starships\core.js
FN:4,loadStarship
FN:6,(anonymous_1)
FN:14,loadStarshipDB
FN:16,(anonymous_3)
FNF:4
FNH:2
FNDA:4,loadStarship
FNDA:4,(anonymous_1)
FNDA:0,loadStarshipDB
FNDA:0,(anonymous_3)
DA:5,4
DA:7,4
DA:8,1
DA:10,3
DA:15,0
DA:17,0
DA:18,0
LF:7
LH:4
BRDA:7,0,0,1
BRDA:7,0,1,3
BRDA:17,1,0,0
BRDA:17,1,1,0
BRF:4
BRH:2
end_of_record
TN:
SF:C:\Users\degor\Documents\tools\jenkins\starwars-api-jenkins\server\src\graphql\resolvers\starships\resolve.js
FN:3,resolveStarship
FN:25,resolveStarships
FN:32,resolveStarshipMore
FNF:3
FNH:1
FNDA:3,resolveStarship
FNDA:0,resolveStarships
FNDA:0,resolveStarshipMore
DA:4,3
DA:5,0
DA:7,3
DA:26,0
DA:27,0
DA:29,0
DA:33,0
DA:34,0
DA:36,0
LF:9
LH:2
BRDA:4,0,0,0
BRDA:4,0,1,3
BRDA:26,1,0,0
BRDA:26,1,1,0
BRDA:26,2,0,0
BRDA:26,2,1,0
BRDA:33,3,0,0
BRDA:33,3,1,0
BRF:8
BRH:1
end_of_record
TN:
SF:C:\Users\degor\Documents\tools\jenkins\starwars-api-jenkins\server\src\graphql\resolvers\test\index.js
FN:20,(anonymous_0)
FN:28,(anonymous_1)
FN:33,(anonymous_2)
FN:35,(anonymous_3)
FN:37,(anonymous_4)
FN:39,(anonymous_5)
FN:41,(anonymous_6)
FN:43,(anonymous_7)
FN:79,(anonymous_8)
FN:83,(anonymous_9)
FNF:10
FNH:10
FNDA:2,(anonymous_0)
FNDA:5,(anonymous_1)
FNDA:7,(anonymous_2)
FNDA:4,(anonymous_3)
FNDA:4,(anonymous_4)
FNDA:4,(anonymous_5)
FNDA:4,(anonymous_6)
FNDA:2,(anonymous_7)
FNDA:12,(anonymous_8)
FNDA:6,(anonymous_9)
DA:17,5
DA:18,5
DA:20,5
DA:22,5
DA:23,5
DA:25,5
DA:26,5
DA:28,5
DA:30,5
DA:31,5
DA:33,7
DA:35,5
DA:37,5
DA:39,5
DA:41,5
DA:43,5
DA:44,2
DA:51,5
DA:58,5
DA:78,5
DA:79,12
DA:82,5
DA:83,6
LF:23
LH:23
BRDA:20,0,0,1
BRDA:20,0,1,1
BRDA:28,1,0,3
BRDA:28,1,1,2
BRDA:33,2,0,5
BRDA:33,2,1,2
BRDA:35,3,0,3
BRDA:35,3,1,1
BRDA:37,4,0,3
BRDA:37,4,1,1
BRDA:39,5,0,3
BRDA:39,5,1,1
BRDA:41,6,0,3
BRDA:41,6,1,1
BRF:14
BRH:14
end_of_record
TN:
SF:C:\Users\degor\Documents\tools\jenkins\starwars-api-jenkins\server\src\graphql\resolvers\test\model.js
FNF:0
FNH:0
DA:1,5
DA:2,5
DA:4,5
DA:15,5
DA:17,5
DA:29,5
DA:31,5
DA:43,5
DA:45,5
DA:61,5
DA:63,5
DA:77,5
DA:79,5
DA:83,5
LF:14
LH:14
BRF:0
BRH:0
end_of_record
TN:
SF:C:\Users\degor\Documents\tools\jenkins\starwars-api-jenkins\server\src\graphql\resolvers\test\modelSearchPersons.js
FNF:0
FNH:0
DA:1,5
LF:1
LH:1
BRF:0
BRH:0
end_of_record
TN:
SF:C:\Users\degor\Documents\tools\jenkins\starwars-api-jenkins\server\src\graphql\resolvers\test\modelSearchPlanets.js
FNF:0
FNH:0
DA:1,5
LF:1
LH:1
BRF:0
BRH:0
end_of_record
TN:
SF:C:\Users\degor\Documents\tools\jenkins\starwars-api-jenkins\server\src\graphql\resolvers\test\modelSearchSpecies.js
FNF:0
FNH:0
DA:1,5
LF:1
LH:1
BRF:0
BRH:0
end_of_record
TN:
SF:C:\Users\degor\Documents\tools\jenkins\starwars-api-jenkins\server\src\graphql\resolvers\test\modelSearchStarships.js
FNF:0
FNH:0
DA:1,5
LF:1
LH:1
BRF:0
BRH:0
end_of_record
TN:
SF:C:\Users\degor\Documents\tools\jenkins\starwars-api-jenkins\server\src\graphql\resolvers\test\modelSearchVehicles.js
FNF:0
FNH:0
DA:1,5
LF:1
LH:1
BRF:0
BRH:0
end_of_record
TN:
SF:C:\Users\degor\Documents\tools\jenkins\starwars-api-jenkins\server\src\graphql\resolvers\utils\utils.js
FN:3,arrayEmpty
FN:7,stringEmpty
FN:12,(anonymous_2)
FN:16,(anonymous_3)
FN:21,(anonymous_4)
FN:30,validURL
FN:40,resolverPrivate
FN:41,(anonymous_7)
FN:52,resolversPrivate
FN:54,(anonymous_9)
FNF:10
FNH:10
FNDA:8,arrayEmpty
FNDA:13,stringEmpty
FNDA:27,(anonymous_2)
FNDA:3,(anonymous_3)
FNDA:3,(anonymous_4)
FNDA:7,validURL
FNDA:18,resolverPrivate
FNDA:18,(anonymous_7)
FNDA:3,resolversPrivate
FNDA:15,(anonymous_9)
DA:4,8
DA:8,13
DA:13,27
DA:17,3
DA:18,3
DA:22,3
DA:23,3
DA:24,2
DA:26,3
DA:31,7
DA:37,7
DA:41,18
DA:42,18
DA:43,12
DA:44,6
DA:46,6
DA:48,6
DA:53,3
DA:54,3
DA:55,15
DA:57,3
LF:21
LH:21
BRDA:4,0,0,8
BRDA:4,0,1,5
BRDA:8,1,0,13
BRDA:8,1,1,8
BRDA:23,2,0,2
BRDA:23,2,1,1
BRDA:42,3,0,12
BRDA:42,3,1,6
BRDA:43,4,0,6
BRDA:43,4,1,6
BRF:10
BRH:10
end_of_record
TN:
SF:C:\Users\degor\Documents\tools\jenkins\starwars-api-jenkins\server\src\graphql\resolvers\vehicles\core.js
FN:4,loadVehicle
FN:6,(anonymous_1)
FN:14,loadVehicleDB
FN:16,(anonymous_3)
FNF:4
FNH:2
FNDA:4,loadVehicle
FNDA:4,(anonymous_1)
FNDA:0,loadVehicleDB
FNDA:0,(anonymous_3)
DA:5,4
DA:7,4
DA:8,1
DA:10,3
DA:15,0
DA:17,0
DA:18,0
LF:7
LH:4
BRDA:7,0,0,1
BRDA:7,0,1,3
BRDA:17,1,0,0
BRDA:17,1,1,0
BRF:4
BRH:2
end_of_record
TN:
SF:C:\Users\degor\Documents\tools\jenkins\starwars-api-jenkins\server\src\graphql\resolvers\vehicles\resolve.js
FN:3,resolveVehicle
FN:23,resolveVehicles
FN:30,resolveVehicleMore
FNF:3
FNH:1
FNDA:3,resolveVehicle
FNDA:0,resolveVehicles
FNDA:0,resolveVehicleMore
DA:4,3
DA:5,0
DA:7,3
DA:24,0
DA:25,0
DA:27,0
DA:31,0
DA:32,0
DA:34,0
LF:9
LH:2
BRDA:4,0,0,0
BRDA:4,0,1,3
BRDA:24,1,0,0
BRDA:24,1,1,0
BRDA:24,2,0,0
BRDA:24,2,1,0
BRDA:31,3,0,0
BRDA:31,3,1,0
BRF:8
BRH:1
end_of_record
